#
# There is insufficient memory for the Java Runtime Environment to continue.
# Native memory allocation (mmap) failed to map 27262976 bytes for G1 virtual space
# Possible reasons:
#   The system is out of physical RAM or swap space
#   The process is running with CompressedOops enabled, and the Java Heap may be blocking the growth of the native heap
# Possible solutions:
#   Reduce memory load on the system
#   Increase physical memory or swap space
#   Check if swap backing store is full
#   Decrease Java heap size (-Xmx/-Xms)
#   Decrease number of Java threads
#   Decrease Java thread stack sizes (-Xss)
#   Set larger code cache with -XX:ReservedCodeCacheSize=
#   JVM is running with Zero Based Compressed Oops mode in which the Java heap is
#     placed in the first 32GB address space. The Java Heap base address is the
#     maximum limit for the native heap growth. Please use -XX:HeapBaseMinAddress
#     to set the Java Heap base and to place the Java Heap above 32GB virtual address.
# This output file may be truncated or incomplete.
#
#  Out of Memory Error (os_windows.cpp:3600), pid=13436, tid=15072
#
# JRE version: Java(TM) SE Runtime Environment (21.0.4+8) (build 21.0.4+8-LTS-274)
# Java VM: Java HotSpot(TM) 64-Bit Server VM (21.0.4+8-LTS-274, mixed mode, sharing, tiered, compressed oops, compressed class ptrs, g1 gc, windows-amd64)
# No core dump will be written. Minidumps are not enabled by default on client versions of Windows
#

---------------  S U M M A R Y ------------

Command Line: --module-path=C:\Users\rakge\.m2\repository\org\openjfx\javafx-base\23.0.1\javafx-base-23.0.1-win.jar;C:\Users\rakge\.m2\repository\org\openjfx\javafx-base\23.0.1\javafx-base-23.0.1.jar;C:\Users\rakge\.m2\repository\org\openjfx\javafx-controls\23.0.1\javafx-controls-23.0.1-win.jar;C:\Users\rakge\.m2\repository\org\openjfx\javafx-controls\23.0.1\javafx-controls-23.0.1.jar;C:\Users\rakge\.m2\repository\org\openjfx\javafx-fxml\23.0.1\javafx-fxml-23.0.1-win.jar;C:\Users\rakge\.m2\repository\org\openjfx\javafx-fxml\23.0.1\javafx-fxml-23.0.1.jar;C:\Users\rakge\.m2\repository\org\openjfx\javafx-graphics\23.0.1\javafx-graphics-23.0.1-win.jar;C:\Users\rakge\.m2\repository\org\openjfx\javafx-graphics\23.0.1\javafx-graphics-23.0.1.jar --add-modules=javafx.base,javafx.controls,javafx.fxml,javafx.graphics com.spa.demo.frontend.Main

Host: 11th Gen Intel(R) Core(TM) i5-11400H @ 2.70GHz, 12 cores, 15G,  Windows 11 , 64 bit Build 22621 (10.0.22621.4391)
Time: Sat Dec  7 20:17:49 2024 Central Europe Standard Time elapsed time: 11.661694 seconds (0d 0h 0m 11s)

---------------  T H R E A D  ---------------

Current thread (0x000001994cce6060):  VMThread "VM Thread"          [id=15072, stack(0x00000091ec600000,0x00000091ec700000) (1024K)]

Stack: [0x00000091ec600000,0x00000091ec700000]
Native frames: (J=compiled Java code, j=interpreted, Vv=VM code, C=native code)
V  [jvm.dll+0x6c8e59]
V  [jvm.dll+0x853181]
V  [jvm.dll+0x8556ae]
V  [jvm.dll+0x855d83]
V  [jvm.dll+0x27d526]
V  [jvm.dll+0x6c55f5]
V  [jvm.dll+0x6ba17a]
V  [jvm.dll+0x352a8a]
V  [jvm.dll+0x35a6e6]
V  [jvm.dll+0x3acdae]
V  [jvm.dll+0x3ad058]
V  [jvm.dll+0x326dec]
V  [jvm.dll+0x326e77]
V  [jvm.dll+0x36b75c]
V  [jvm.dll+0x369fae]
V  [jvm.dll+0x3265b1]
V  [jvm.dll+0x3699e8]
V  [jvm.dll+0x85bb50]
V  [jvm.dll+0x85ced4]
V  [jvm.dll+0x85d410]
V  [jvm.dll+0x85d6b3]
V  [jvm.dll+0x7fd65b]
V  [jvm.dll+0x6c753d]
C  [ucrtbase.dll+0x29333]
C  [KERNEL32.DLL+0x1259d]
C  [ntdll.dll+0x5af38]

VM_Operation (0x00000091ed6fbaf8): G1TryInitiateConcMark, mode: safepoint, requested by thread 0x000001999362a140


---------------  P R O C E S S  ---------------

Threads class SMR info:
_java_thread_list=0x000001999333d560, length=34, elements={
0x000001992bbf7fd0, 0x000001994cd02450, 0x000001994cd03170, 0x000001994cd04fa0,
0x000001994cd05d90, 0x000001994cd0d180, 0x000001994cd0df90, 0x000001994cd07120,
0x000001994d4a1b20, 0x000001994d5af0f0, 0x00000199931a6500, 0x0000019993592fe0,
0x000001999361f9f0, 0x000001999362a140, 0x000001999847d1d0, 0x0000019998503320,
0x0000019998b5ad40, 0x0000019998b59300, 0x0000019998b5a020, 0x0000019998b57f50,
0x0000019998b59990, 0x000001999cf79ce0, 0x000001999cf7b720, 0x000001999cf7eba0,
0x000001999cf7de80, 0x000001999cf78930, 0x000001999cf7bdb0, 0x000001999cf7e510,
0x000001999cf79650, 0x000001999cf7f230, 0x000001999cf7c440, 0x000001999cf7cad0,
0x000001999cf7f8c0, 0x000001999cf7ff50
}

Java Threads: ( => current thread )
  0x000001992bbf7fd0 JavaThread "main"                              [_thread_blocked, id=30052, stack(0x00000091ebf00000,0x00000091ec000000) (1024K)]
  0x000001994cd02450 JavaThread "Reference Handler"          daemon [_thread_blocked, id=4752, stack(0x00000091ec700000,0x00000091ec800000) (1024K)]
  0x000001994cd03170 JavaThread "Finalizer"                  daemon [_thread_blocked, id=27824, stack(0x00000091ec800000,0x00000091ec900000) (1024K)]
  0x000001994cd04fa0 JavaThread "Signal Dispatcher"          daemon [_thread_blocked, id=10236, stack(0x00000091ec900000,0x00000091eca00000) (1024K)]
  0x000001994cd05d90 JavaThread "Attach Listener"            daemon [_thread_blocked, id=20816, stack(0x00000091eca00000,0x00000091ecb00000) (1024K)]
  0x000001994cd0d180 JavaThread "Service Thread"             daemon [_thread_blocked, id=14624, stack(0x00000091ecb00000,0x00000091ecc00000) (1024K)]
  0x000001994cd0df90 JavaThread "Monitor Deflation Thread"   daemon [_thread_blocked, id=29724, stack(0x00000091ecc00000,0x00000091ecd00000) (1024K)]
  0x000001994cd07120 JavaThread "C2 CompilerThread0"         daemon [_thread_blocked, id=27896, stack(0x00000091ecd00000,0x00000091ece00000) (1024K)]
  0x000001994d4a1b20 JavaThread "C1 CompilerThread0"         daemon [_thread_blocked, id=3476, stack(0x00000091ece00000,0x00000091ecf00000) (1024K)]
  0x000001994d5af0f0 JavaThread "Common-Cleaner"             daemon [_thread_blocked, id=23672, stack(0x00000091ecf00000,0x00000091ed000000) (1024K)]
  0x00000199931a6500 JavaThread "Notification Thread"        daemon [_thread_blocked, id=31280, stack(0x00000091ed200000,0x00000091ed300000) (1024K)]
  0x0000019993592fe0 JavaThread "QuantumRenderer-0"          daemon [_thread_blocked, id=15304, stack(0x00000091ed300000,0x00000091ed400000) (1024K)]
  0x000001999361f9f0 JavaThread "InvokeLaterDispatcher"      daemon [_thread_blocked, id=31228, stack(0x00000091ed500000,0x00000091ed600000) (1024K)]
  0x000001999362a140 JavaThread "JavaFX Application Thread"         [_thread_blocked, id=26024, stack(0x00000091ed600000,0x00000091ed700000) (1024K)]
  0x000001999847d1d0 JavaThread "JavaFX-Launcher"                   [_thread_blocked, id=17716, stack(0x00000091ed100000,0x00000091ed200000) (1024K)]
  0x0000019998503320 JavaThread "Thread-2"                   daemon [_thread_in_native, id=29256, stack(0x00000091ed000000,0x00000091ed100000) (1024K)]
  0x0000019998b5ad40 JavaThread "HikariPool-1 housekeeper"   daemon [_thread_blocked, id=31480, stack(0x00000091ee300000,0x00000091ee400000) (1024K)]
  0x0000019998b59300 JavaThread "Catalina-utility-1"                [_thread_blocked, id=31184, stack(0x00000091ee600000,0x00000091ee700000) (1024K)]
  0x0000019998b5a020 JavaThread "Catalina-utility-2"                [_thread_blocked, id=28024, stack(0x00000091ee700000,0x00000091ee800000) (1024K)]
  0x0000019998b57f50 JavaThread "container-0"                       [_thread_blocked, id=26508, stack(0x00000091ee800000,0x00000091ee900000) (1024K)]
  0x0000019998b59990 JavaThread "http-nio-8080-exec-1"       daemon [_thread_blocked, id=30164, stack(0x00000091eea00000,0x00000091eeb00000) (1024K)]
  0x000001999cf79ce0 JavaThread "http-nio-8080-exec-2"       daemon [_thread_blocked, id=27252, stack(0x00000091eeb00000,0x00000091eec00000) (1024K)]
  0x000001999cf7b720 JavaThread "http-nio-8080-exec-3"       daemon [_thread_blocked, id=30368, stack(0x00000091eec00000,0x00000091eed00000) (1024K)]
  0x000001999cf7eba0 JavaThread "http-nio-8080-exec-4"       daemon [_thread_blocked, id=29432, stack(0x00000091eed00000,0x00000091eee00000) (1024K)]
  0x000001999cf7de80 JavaThread "http-nio-8080-exec-5"       daemon [_thread_blocked, id=11220, stack(0x00000091eee00000,0x00000091eef00000) (1024K)]
  0x000001999cf78930 JavaThread "http-nio-8080-exec-6"       daemon [_thread_blocked, id=28540, stack(0x00000091eef00000,0x00000091ef000000) (1024K)]
  0x000001999cf7bdb0 JavaThread "http-nio-8080-exec-7"       daemon [_thread_blocked, id=20084, stack(0x00000091ef000000,0x00000091ef100000) (1024K)]
  0x000001999cf7e510 JavaThread "http-nio-8080-exec-8"       daemon [_thread_blocked, id=1804, stack(0x00000091ef100000,0x00000091ef200000) (1024K)]
  0x000001999cf79650 JavaThread "http-nio-8080-exec-9"       daemon [_thread_blocked, id=6676, stack(0x00000091ef200000,0x00000091ef300000) (1024K)]
  0x000001999cf7f230 JavaThread "http-nio-8080-exec-10"      daemon [_thread_blocked, id=27344, stack(0x00000091ef300000,0x00000091ef400000) (1024K)]
  0x000001999cf7c440 JavaThread "http-nio-8080-Poller"       daemon [_thread_in_native, id=25452, stack(0x00000091ef400000,0x00000091ef500000) (1024K)]
  0x000001999cf7cad0 JavaThread "http-nio-8080-Acceptor"     daemon [_thread_in_native, id=31476, stack(0x00000091ef500000,0x00000091ef600000) (1024K)]
  0x000001999cf7f8c0 JavaThread "Prism Font Disposer"        daemon [_thread_blocked, id=21944, stack(0x00000091ef900000,0x00000091efa00000) (1024K)]
  0x000001999cf7ff50 JavaThread "Cleaner-0"                  daemon [_thread_blocked, id=11340, stack(0x00000091efa00000,0x00000091efb00000) (1024K)]
Total: 34

Other Threads:
=>0x000001994cce6060 VMThread "VM Thread"                           [id=15072, stack(0x00000091ec600000,0x00000091ec700000) (1024K)]
  0x000001994cccd520 WatcherThread "VM Periodic Task Thread"        [id=16268, stack(0x00000091ec500000,0x00000091ec600000) (1024K)]
  0x000001992beddfb0 WorkerThread "GC Thread#0"                     [id=29596, stack(0x00000091ec000000,0x00000091ec100000) (1024K)]
  0x00000199984def90 WorkerThread "GC Thread#1"                     [id=30304, stack(0x00000091ed800000,0x00000091ed900000) (1024K)]
  0x00000199984be2a0 WorkerThread "GC Thread#2"                     [id=28852, stack(0x00000091ed900000,0x00000091eda00000) (1024K)]
  0x00000199984be640 WorkerThread "GC Thread#3"                     [id=27848, stack(0x00000091eda00000,0x00000091edb00000) (1024K)]
  0x00000199984be9e0 WorkerThread "GC Thread#4"                     [id=16336, stack(0x00000091edb00000,0x00000091edc00000) (1024K)]
  0x00000199984e13e0 WorkerThread "GC Thread#5"                     [id=15684, stack(0x00000091edc00000,0x00000091edd00000) (1024K)]
  0x0000019998b8f4b0 WorkerThread "GC Thread#6"                     [id=3068, stack(0x00000091edf00000,0x00000091ee000000) (1024K)]
  0x0000019998b8f850 WorkerThread "GC Thread#7"                     [id=8720, stack(0x00000091ee000000,0x00000091ee100000) (1024K)]
  0x0000019998b8fbf0 WorkerThread "GC Thread#8"                     [id=3332, stack(0x00000091ee100000,0x00000091ee200000) (1024K)]
  0x0000019998b906d0 WorkerThread "GC Thread#9"                     [id=31028, stack(0x00000091ee200000,0x00000091ee300000) (1024K)]
  0x000001992beef120 ConcurrentGCThread "G1 Main Marker"            [id=7724, stack(0x00000091ec100000,0x00000091ec200000) (1024K)]
  0x000001992bef02c0 WorkerThread "G1 Conc#0"                       [id=19420, stack(0x00000091ec200000,0x00000091ec300000) (1024K)]
  0x0000019998b90e10 WorkerThread "G1 Conc#1"                       [id=28680, stack(0x00000091ee400000,0x00000091ee500000) (1024K)]
  0x0000019998b8ff90 WorkerThread "G1 Conc#2"                       [id=31716, stack(0x00000091ee500000,0x00000091ee600000) (1024K)]
  0x000001994cb99cd0 ConcurrentGCThread "G1 Refine#0"               [id=21828, stack(0x00000091ec300000,0x00000091ec400000) (1024K)]
  0x000001994cb9a650 ConcurrentGCThread "G1 Service"                [id=10804, stack(0x00000091ec400000,0x00000091ec500000) (1024K)]
Total: 18

Threads with active compile tasks:
C1 CompilerThread0    11675 9015   !   3       javafx.fxml.FXMLLoader$InstanceDeclarationElement::constructValue (209 bytes)
Total: 1

VM state: at safepoint (normal execution)

VM Mutex/Monitor currently owned by a thread:  ([mutex/lock_event])
[0x00007ffa41637e98] Threads_lock - owner thread: 0x000001994cce6060
[0x00007ffa41637f98] Heap_lock - owner thread: 0x000001999362a140

Heap address: 0x0000000703a00000, size: 4038 MB, Compressed Oops mode: Zero based, Oop shift amount: 3

CDS archive(s) mapped at: [0x000001994e000000-0x000001994ec90000-0x000001994ec90000), size 13172736, SharedBaseAddress: 0x000001994e000000, ArchiveRelocationMode: 1.
Compressed class space mapped at: 0x000001994f000000-0x000001998f000000, reserved size: 1073741824
Narrow klass base: 0x000001994e000000, Narrow klass shift: 0, Narrow klass range: 0x100000000

GC Precious Log:
 CardTable entry size: 512
 Card Set container configuration: InlinePtr #cards 4 size 8 Array Of Cards #cards 16 size 48 Howl #buckets 8 coarsen threshold 3686 Howl Bitmap #cards 512 size 80 coarsen threshold 460 Card regions per heap region 1 cards per card region 4096
 CPUs: 12 total, 12 available
 Memory: 16147M
 Large Page Support: Disabled
 NUMA Support: Disabled
 Compressed Oops: Enabled (Zero based)
 Heap Region Size: 2M
 Heap Min Capacity: 8M
 Heap Initial Capacity: 254M
 Heap Max Capacity: 4038M
 Pre-touch: Disabled
 Parallel Workers: 10
 Concurrent Workers: 3
 Concurrent Refinement Workers: 10
 Periodic GC: Disabled

Heap:
 garbage-first heap   total 124928K, used 59946K [0x0000000703a00000, 0x0000000800000000)
  region size 2048K, 1 young (2048K), 1 survivors (2048K)
 Metaspace       used 83301K, committed 84096K, reserved 1179648K
  class space    used 11735K, committed 12096K, reserved 1048576K

Heap Regions: E=young(eden), S=young(survivor), O=old, HS=humongous(starts), HC=humongous(continues), CS=collection set, F=free, TAMS=top-at-mark-start, PB=parsable bottom
|   0|0x0000000703a00000, 0x0000000703c00000, 0x0000000703c00000|100%| O|  |TAMS 0x0000000703c00000| PB 0x0000000703a00000| Untracked 
|   1|0x0000000703c00000, 0x0000000703e00000, 0x0000000703e00000|100%| O|  |TAMS 0x0000000703e00000| PB 0x0000000703c00000| Untracked 
|   2|0x0000000703e00000, 0x0000000704000000, 0x0000000704000000|100%| O|  |TAMS 0x0000000704000000| PB 0x0000000703e00000| Untracked 
|   3|0x0000000704000000, 0x0000000704200000, 0x0000000704200000|100%| O|  |TAMS 0x0000000704200000| PB 0x0000000704000000| Untracked 
|   4|0x0000000704200000, 0x0000000704400000, 0x0000000704400000|100%| O|  |TAMS 0x0000000704400000| PB 0x0000000704200000| Untracked 
|   5|0x0000000704400000, 0x0000000704600000, 0x0000000704600000|100%| O|  |TAMS 0x0000000704600000| PB 0x0000000704400000| Untracked 
|   6|0x0000000704600000, 0x0000000704800000, 0x0000000704800000|100%| O|  |TAMS 0x0000000704800000| PB 0x0000000704600000| Untracked 
|   7|0x0000000704800000, 0x0000000704a00000, 0x0000000704a00000|100%| O|  |TAMS 0x0000000704a00000| PB 0x0000000704800000| Untracked 
|   8|0x0000000704a00000, 0x0000000704a00000, 0x0000000704c00000|  0%| F|  |TAMS 0x0000000704a00000| PB 0x0000000704a00000| Untracked 
|   9|0x0000000704c00000, 0x0000000704e00000, 0x0000000704e00000|100%| O|  |TAMS 0x0000000704e00000| PB 0x0000000704c00000| Untracked 
|  10|0x0000000704e00000, 0x0000000705000000, 0x0000000705000000|100%|HS|  |TAMS 0x0000000705000000| PB 0x0000000704e00000| Complete 
|  11|0x0000000705000000, 0x0000000705200000, 0x0000000705200000|100%| O|  |TAMS 0x0000000705200000| PB 0x0000000705000000| Untracked 
|  12|0x0000000705200000, 0x0000000705400000, 0x0000000705400000|100%| O|  |TAMS 0x0000000705400000| PB 0x0000000705200000| Untracked 
|  13|0x0000000705400000, 0x0000000705600000, 0x0000000705600000|100%| O|  |TAMS 0x0000000705600000| PB 0x0000000705400000| Untracked 
|  14|0x0000000705600000, 0x0000000705800000, 0x0000000705800000|100%|HS|  |TAMS 0x0000000705800000| PB 0x0000000705600000| Complete 
|  15|0x0000000705800000, 0x0000000705a00000, 0x0000000705a00000|100%|HC|  |TAMS 0x0000000705a00000| PB 0x0000000705800000| Complete 
|  16|0x0000000705a00000, 0x0000000705c00000, 0x0000000705c00000|100%| O|  |TAMS 0x0000000705c00000| PB 0x0000000705a00000| Untracked 
|  17|0x0000000705c00000, 0x0000000705c00000, 0x0000000705e00000|  0%| F|  |TAMS 0x0000000705c00000| PB 0x0000000705c00000| Untracked 
|  18|0x0000000705e00000, 0x0000000706000000, 0x0000000706000000|100%| O|  |TAMS 0x0000000706000000| PB 0x0000000705e00000| Untracked 
|  19|0x0000000706000000, 0x0000000706200000, 0x0000000706200000|100%| O|  |TAMS 0x0000000706200000| PB 0x0000000706000000| Untracked 
|  20|0x0000000706200000, 0x0000000706200000, 0x0000000706400000|  0%| F|  |TAMS 0x0000000706200000| PB 0x0000000706200000| Untracked 
|  21|0x0000000706400000, 0x0000000706400000, 0x0000000706600000|  0%| F|  |TAMS 0x0000000706400000| PB 0x0000000706400000| Untracked 
|  22|0x0000000706600000, 0x0000000706800000, 0x0000000706800000|100%|HS|  |TAMS 0x0000000706800000| PB 0x0000000706600000| Complete 
|  23|0x0000000706800000, 0x0000000706a00000, 0x0000000706a00000|100%|HC|  |TAMS 0x0000000706a00000| PB 0x0000000706800000| Complete 
|  24|0x0000000706a00000, 0x0000000706c00000, 0x0000000706c00000|100%|HS|  |TAMS 0x0000000706c00000| PB 0x0000000706a00000| Complete 
|  25|0x0000000706c00000, 0x0000000706e00000, 0x0000000706e00000|100%|HC|  |TAMS 0x0000000706e00000| PB 0x0000000706c00000| Complete 
|  26|0x0000000706e00000, 0x0000000706e00000, 0x0000000707000000|  0%| F|  |TAMS 0x0000000706e00000| PB 0x0000000706e00000| Untracked 
|  27|0x0000000707000000, 0x0000000707000000, 0x0000000707200000|  0%| F|  |TAMS 0x0000000707000000| PB 0x0000000707000000| Untracked 
|  28|0x0000000707200000, 0x0000000707200000, 0x0000000707400000|  0%| F|  |TAMS 0x0000000707200000| PB 0x0000000707200000| Untracked 
|  29|0x0000000707400000, 0x0000000707400000, 0x0000000707600000|  0%| F|  |TAMS 0x0000000707400000| PB 0x0000000707400000| Untracked 
|  30|0x0000000707600000, 0x0000000707600000, 0x0000000707800000|  0%| F|  |TAMS 0x0000000707600000| PB 0x0000000707600000| Untracked 
|  31|0x0000000707800000, 0x0000000707800000, 0x0000000707a00000|  0%| F|  |TAMS 0x0000000707800000| PB 0x0000000707800000| Untracked 
|  32|0x0000000707a00000, 0x0000000707a00000, 0x0000000707c00000|  0%| F|  |TAMS 0x0000000707a00000| PB 0x0000000707a00000| Untracked 
|  33|0x0000000707c00000, 0x0000000707c00000, 0x0000000707e00000|  0%| F|  |TAMS 0x0000000707c00000| PB 0x0000000707c00000| Untracked 
|  34|0x0000000707e00000, 0x0000000707e00000, 0x0000000708000000|  0%| F|  |TAMS 0x0000000707e00000| PB 0x0000000707e00000| Untracked 
|  35|0x0000000708000000, 0x0000000708000000, 0x0000000708200000|  0%| F|  |TAMS 0x0000000708000000| PB 0x0000000708000000| Untracked 
|  36|0x0000000708200000, 0x0000000708200000, 0x0000000708400000|  0%| F|  |TAMS 0x0000000708200000| PB 0x0000000708200000| Untracked 
|  37|0x0000000708400000, 0x0000000708400000, 0x0000000708600000|  0%| F|  |TAMS 0x0000000708400000| PB 0x0000000708400000| Untracked 
|  38|0x0000000708600000, 0x0000000708600000, 0x0000000708800000|  0%| F|  |TAMS 0x0000000708600000| PB 0x0000000708600000| Untracked 
|  39|0x0000000708800000, 0x0000000708800000, 0x0000000708a00000|  0%| F|  |TAMS 0x0000000708800000| PB 0x0000000708800000| Untracked 
|  40|0x0000000708a00000, 0x0000000708a00000, 0x0000000708c00000|  0%| F|  |TAMS 0x0000000708a00000| PB 0x0000000708a00000| Untracked 
|  41|0x0000000708c00000, 0x0000000708c00000, 0x0000000708e00000|  0%| F|  |TAMS 0x0000000708c00000| PB 0x0000000708c00000| Untracked 
|  42|0x0000000708e00000, 0x0000000708e00000, 0x0000000709000000|  0%| F|  |TAMS 0x0000000708e00000| PB 0x0000000708e00000| Untracked 
|  43|0x0000000709000000, 0x0000000709000000, 0x0000000709200000|  0%| F|  |TAMS 0x0000000709000000| PB 0x0000000709000000| Untracked 
|  44|0x0000000709200000, 0x0000000709400000, 0x0000000709400000|100%|HS|  |TAMS 0x0000000709400000| PB 0x0000000709200000| Complete 
|  45|0x0000000709400000, 0x0000000709600000, 0x0000000709600000|100%|HC|  |TAMS 0x0000000709600000| PB 0x0000000709400000| Complete 
|  46|0x0000000709600000, 0x0000000709600000, 0x0000000709800000|  0%| F|  |TAMS 0x0000000709600000| PB 0x0000000709600000| Untracked 
|  47|0x0000000709800000, 0x0000000709800000, 0x0000000709a00000|  0%| F|  |TAMS 0x0000000709800000| PB 0x0000000709800000| Untracked 
|  48|0x0000000709a00000, 0x0000000709c00000, 0x0000000709c00000|100%|HS|  |TAMS 0x0000000709c00000| PB 0x0000000709a00000| Complete 
|  49|0x0000000709c00000, 0x0000000709e00000, 0x0000000709e00000|100%|HC|  |TAMS 0x0000000709e00000| PB 0x0000000709c00000| Complete 
|  50|0x0000000709e00000, 0x0000000709e00000, 0x000000070a000000|  0%| F|  |TAMS 0x0000000709e00000| PB 0x0000000709e00000| Untracked 
|  96|0x000000070fa00000, 0x000000070fa00000, 0x000000070fc00000|  0%| F|  |TAMS 0x000000070fa00000| PB 0x000000070fa00000| Untracked 
|  97|0x000000070fc00000, 0x000000070fc00000, 0x000000070fe00000|  0%| F|  |TAMS 0x000000070fc00000| PB 0x000000070fc00000| Untracked 
|  98|0x000000070fe00000, 0x000000070fe00000, 0x0000000710000000|  0%| F|  |TAMS 0x000000070fe00000| PB 0x000000070fe00000| Untracked 
|  99|0x0000000710000000, 0x0000000710000000, 0x0000000710200000|  0%| F|  |TAMS 0x0000000710000000| PB 0x0000000710000000| Untracked 
| 100|0x0000000710200000, 0x0000000710309860, 0x0000000710400000| 51%| S|CS|TAMS 0x0000000710200000| PB 0x0000000710200000| Complete 
| 125|0x0000000713400000, 0x0000000713400000, 0x0000000713600000|  0%| F|  |TAMS 0x0000000713400000| PB 0x0000000713400000| Untracked 
| 126|0x0000000713600000, 0x0000000713600000, 0x0000000713800000|  0%| F|  |TAMS 0x0000000713600000| PB 0x0000000713600000| Untracked 
|2016|0x00000007ffa00000, 0x00000007ffb81360, 0x00000007ffc00000| 75%| O|  |TAMS 0x00000007ffb81360| PB 0x00000007ffa00000| Untracked 
|2017|0x00000007ffc00000, 0x00000007ffe00000, 0x00000007ffe00000|100%| O|  |TAMS 0x00000007ffe00000| PB 0x00000007ffc00000| Untracked 
|2018|0x00000007ffe00000, 0x0000000800000000, 0x0000000800000000|100%| O|  |TAMS 0x0000000800000000| PB 0x00000007ffe00000| Untracked 

Card table byte_map: [0x0000019945f30000,0x0000019946720000] _byte_map_base: 0x0000019942713000

Marking Bits: (CMBitMap*) 0x000001992bede9c0
 Bits: [0x0000019946720000, 0x000001994a638000)

Polling page: 0x000001992bf30000

Metaspace:

Usage:
  Non-class:     69.89 MB used.
      Class:     11.46 MB used.
       Both:     81.35 MB used.

Virtual space:
  Non-class space:      128.00 MB reserved,      70.31 MB ( 55%) committed,  2 nodes.
      Class space:        1.00 GB reserved,      11.81 MB (  1%) committed,  1 nodes.
             Both:        1.12 GB reserved,      82.12 MB (  7%) committed. 

Chunk freelists:
   Non-Class:  9.27 MB
       Class:  4.08 MB
        Both:  13.34 MB

MaxMetaspaceSize: unlimited
CompressedClassSpaceSize: 1.00 GB
Initial GC threshold: 21.00 MB
Current GC threshold: 122.31 MB
CDS: on
 - commit_granule_bytes: 65536.
 - commit_granule_words: 8192.
 - virtual_space_node_default_size: 8388608.
 - enlarge_chunks_in_place: 1.
 - use_allocation_guard: 0.


Internal statistics:

num_allocs_failed_limit: 9.
num_arena_births: 1132.
num_arena_deaths: 0.
num_vsnodes_births: 3.
num_vsnodes_deaths: 0.
num_space_committed: 1314.
num_space_uncommitted: 0.
num_chunks_returned_to_freelist: 9.
num_chunks_taken_from_freelist: 4122.
num_chunk_merges: 9.
num_chunk_splits: 3051.
num_chunks_enlarged: 2464.
num_inconsistent_stats: 0.

CodeHeap 'non-profiled nmethods': size=120000Kb used=5849Kb max_used=5849Kb free=114150Kb
 bounds [0x000001993d590000, 0x000001993db50000, 0x0000019944ac0000]
CodeHeap 'profiled nmethods': size=120000Kb used=15099Kb max_used=15099Kb free=104900Kb
 bounds [0x0000019935ac0000, 0x0000019936990000, 0x000001993cff0000]
CodeHeap 'non-nmethods': size=5760Kb used=2446Kb max_used=2487Kb free=3314Kb
 bounds [0x000001993cff0000, 0x000001993d270000, 0x000001993d590000]
 total_blobs=8962 nmethods=7889 adapters=976
 compilation: enabled
              stopped_count=0, restarted_count=0
 full_count=0

Compilation events (20 events):
Event: 11.628 Thread 0x000001994d4a1b20 9006   !   3       com.sun.javafx.collections.ListListenerHelper$Generic::fireValueChangedEvent (147 bytes)
Event: 11.629 Thread 0x000001994d4a1b20 nmethod 9006 0x000001993697bc10 code [0x000001993697bf60, 0x000001993697dbc8]
Event: 11.629 Thread 0x000001994cd07120 nmethod 9005 0x000001993db44f90 code [0x000001993db45120, 0x000001993db454f8]
Event: 11.629 Thread 0x000001994cd07120 9007       4       java.util.stream.ReduceOps$ReduceOp::evaluateSequential (18 bytes)
Event: 11.632 Thread 0x000001994cd07120 nmethod 9007 0x000001993db45610 code [0x000001993db457c0, 0x000001993db459e0]
Event: 11.655 Thread 0x000001994d4a1b20 9008       3       com.sun.org.apache.xerces.internal.utils.XMLSecurityPropertyManager::getIndex (45 bytes)
Event: 11.656 Thread 0x000001994d4a1b20 nmethod 9008 0x000001993697e790 code [0x000001993697e980, 0x000001993697ef10]
Event: 11.656 Thread 0x000001994d4a1b20 9009       3       com.sun.org.apache.xerces.internal.util.XMLStringBuffer::clear (11 bytes)
Event: 11.656 Thread 0x000001994d4a1b20 nmethod 9009 0x000001993697f110 code [0x000001993697f2a0, 0x000001993697f3b8]
Event: 11.656 Thread 0x000001994d4a1b20 9010       1       com.sun.org.apache.xerces.internal.impl.XMLDocumentFragmentScannerImpl::getPITarget (5 bytes)
Event: 11.656 Thread 0x000001994d4a1b20 nmethod 9010 0x000001993db45b90 code [0x000001993db45d20, 0x000001993db45df0]
Event: 11.656 Thread 0x000001994d4a1b20 9011       1       com.sun.org.apache.xerces.internal.impl.XMLDocumentFragmentScannerImpl::getPIData (5 bytes)
Event: 11.656 Thread 0x000001994d4a1b20 nmethod 9011 0x000001993db45e90 code [0x000001993db46020, 0x000001993db460f0]
Event: 11.657 Thread 0x000001994d4a1b20 9012       3       jdk.internal.reflect.MethodHandleFieldAccessorImpl::isReadOnly (16 bytes)
Event: 11.657 Thread 0x000001994d4a1b20 nmethod 9012 0x000001993697f490 code [0x000001993697f620, 0x000001993697f788]
Event: 11.657 Thread 0x000001994cd07120 9013       4       java.lang.StringConcatHelper::mix (12 bytes)
Event: 11.658 Thread 0x000001994d4a1b20 9014       3       javafx.fxml.FXMLLoader$ValueElement::processStartElement (34 bytes)
Event: 11.658 Thread 0x000001994cd07120 nmethod 9013 0x000001993db46190 code [0x000001993db46300, 0x000001993db463b8]
Event: 11.658 Thread 0x000001994d4a1b20 nmethod 9014 0x000001993697f810 code [0x000001993697fa00, 0x000001993697ff80]
Event: 11.658 Thread 0x000001994d4a1b20 9015   !   3       javafx.fxml.FXMLLoader$InstanceDeclarationElement::constructValue (209 bytes)

GC Heap History (20 events):
Event: 3.310 GC heap after
{Heap after GC invocations=10 (full 0):
 garbage-first heap   total 88064K, used 24260K [0x0000000703a00000, 0x0000000800000000)
  region size 2048K, 2 young (4096K), 2 survivors (4096K)
 Metaspace       used 41445K, committed 41984K, reserved 1114112K
  class space    used 5260K, committed 5504K, reserved 1048576K
}
Event: 4.112 GC heap before
{Heap before GC invocations=10 (full 0):
 garbage-first heap   total 88064K, used 69316K [0x0000000703a00000, 0x0000000800000000)
  region size 2048K, 25 young (51200K), 2 survivors (4096K)
 Metaspace       used 53718K, committed 54336K, reserved 1114112K
  class space    used 7095K, committed 7360K, reserved 1048576K
}
Event: 4.116 GC heap after
{Heap after GC invocations=11 (full 0):
 garbage-first heap   total 88064K, used 25608K [0x0000000703a00000, 0x0000000800000000)
  region size 2048K, 3 young (6144K), 3 survivors (6144K)
 Metaspace       used 53718K, committed 54336K, reserved 1114112K
  class space    used 7095K, committed 7360K, reserved 1048576K
}
Event: 4.458 GC heap before
{Heap before GC invocations=11 (full 0):
 garbage-first heap   total 88064K, used 50184K [0x0000000703a00000, 0x0000000800000000)
  region size 2048K, 16 young (32768K), 3 survivors (6144K)
 Metaspace       used 60203K, committed 60800K, reserved 1114112K
  class space    used 8141K, committed 8384K, reserved 1048576K
}
Event: 4.462 GC heap after
{Heap after GC invocations=12 (full 0):
 garbage-first heap   total 88064K, used 26812K [0x0000000703a00000, 0x0000000800000000)
  region size 2048K, 3 young (6144K), 3 survivors (6144K)
 Metaspace       used 60203K, committed 60800K, reserved 1114112K
  class space    used 8141K, committed 8384K, reserved 1048576K
}
Event: 5.102 GC heap before
{Heap before GC invocations=13 (full 0):
 garbage-first heap   total 88064K, used 71868K [0x0000000703a00000, 0x0000000800000000)
  region size 2048K, 25 young (51200K), 3 survivors (6144K)
 Metaspace       used 68140K, committed 68928K, reserved 1114112K
  class space    used 9287K, committed 9664K, reserved 1048576K
}
Event: 5.107 GC heap after
{Heap after GC invocations=14 (full 0):
 garbage-first heap   total 88064K, used 31017K [0x0000000703a00000, 0x0000000800000000)
  region size 2048K, 4 young (8192K), 4 survivors (8192K)
 Metaspace       used 68140K, committed 68928K, reserved 1114112K
  class space    used 9287K, committed 9664K, reserved 1048576K
}
Event: 5.594 GC heap before
{Heap before GC invocations=14 (full 0):
 garbage-first heap   total 88064K, used 71977K [0x0000000703a00000, 0x0000000800000000)
  region size 2048K, 24 young (49152K), 4 survivors (8192K)
 Metaspace       used 72902K, committed 73600K, reserved 1114112K
  class space    used 9952K, committed 10240K, reserved 1048576K
}
Event: 5.600 GC heap after
{Heap after GC invocations=15 (full 0):
 garbage-first heap   total 88064K, used 32845K [0x0000000703a00000, 0x0000000800000000)
  region size 2048K, 2 young (4096K), 2 survivors (4096K)
 Metaspace       used 72902K, committed 73600K, reserved 1114112K
  class space    used 9952K, committed 10240K, reserved 1048576K
}
Event: 5.686 GC heap before
{Heap before GC invocations=15 (full 0):
 garbage-first heap   total 88064K, used 38989K [0x0000000703a00000, 0x0000000800000000)
  region size 2048K, 6 young (12288K), 2 survivors (4096K)
 Metaspace       used 74106K, committed 74880K, reserved 1114112K
  class space    used 10119K, committed 10496K, reserved 1048576K
}
Event: 5.689 GC heap after
{Heap after GC invocations=16 (full 0):
 garbage-first heap   total 88064K, used 33282K [0x0000000703a00000, 0x0000000800000000)
  region size 2048K, 2 young (4096K), 2 survivors (4096K)
 Metaspace       used 74106K, committed 74880K, reserved 1114112K
  class space    used 10119K, committed 10496K, reserved 1048576K
}
Event: 7.959 GC heap before
{Heap before GC invocations=17 (full 0):
 garbage-first heap   total 88064K, used 82434K [0x0000000703a00000, 0x0000000800000000)
  region size 2048K, 23 young (47104K), 2 survivors (4096K)
 Metaspace       used 81284K, committed 82112K, reserved 1179648K
  class space    used 11486K, committed 11840K, reserved 1048576K
}
Event: 7.963 GC heap after
{Heap after GC invocations=18 (full 0):
 garbage-first heap   total 92160K, used 43269K [0x0000000703a00000, 0x0000000800000000)
  region size 2048K, 3 young (6144K), 3 survivors (6144K)
 Metaspace       used 81284K, committed 82112K, reserved 1179648K
  class space    used 11486K, committed 11840K, reserved 1048576K
}
Event: 10.571 GC heap before
{Heap before GC invocations=18 (full 0):
 garbage-first heap   total 116736K, used 114949K [0x0000000703a00000, 0x0000000800000000)
  region size 2048K, 10 young (20480K), 3 survivors (6144K)
 Metaspace       used 83195K, committed 84032K, reserved 1179648K
  class space    used 11735K, committed 12096K, reserved 1048576K
}
Event: 10.574 GC heap after
{Heap after GC invocations=19 (full 0):
 garbage-first heap   total 124928K, used 60074K [0x0000000703a00000, 0x0000000800000000)
  region size 2048K, 1 young (2048K), 1 survivors (2048K)
 Metaspace       used 83195K, committed 84032K, reserved 1179648K
  class space    used 11735K, committed 12096K, reserved 1048576K
}
Event: 11.599 GC heap before
{Heap before GC invocations=19 (full 0):
 garbage-first heap   total 124928K, used 70314K [0x0000000703a00000, 0x0000000800000000)
  region size 2048K, 3 young (6144K), 1 survivors (2048K)
 Metaspace       used 83285K, committed 84096K, reserved 1179648K
  class space    used 11735K, committed 12096K, reserved 1048576K
}
Event: 11.600 GC heap after
{Heap after GC invocations=20 (full 0):
 garbage-first heap   total 124928K, used 55861K [0x0000000703a00000, 0x0000000800000000)
  region size 2048K, 1 young (2048K), 1 survivors (2048K)
 Metaspace       used 83285K, committed 84096K, reserved 1179648K
  class space    used 11735K, committed 12096K, reserved 1048576K
}
Event: 11.630 GC heap before
{Heap before GC invocations=20 (full 0):
 garbage-first heap   total 124928K, used 59957K [0x0000000703a00000, 0x0000000800000000)
  region size 2048K, 2 young (4096K), 1 survivors (2048K)
 Metaspace       used 83294K, committed 84096K, reserved 1179648K
  class space    used 11735K, committed 12096K, reserved 1048576K
}
Event: 11.632 GC heap after
{Heap after GC invocations=21 (full 0):
 garbage-first heap   total 124928K, used 59892K [0x0000000703a00000, 0x0000000800000000)
  region size 2048K, 1 young (2048K), 1 survivors (2048K)
 Metaspace       used 83294K, committed 84096K, reserved 1179648K
  class space    used 11735K, committed 12096K, reserved 1048576K
}
Event: 11.658 GC heap before
{Heap before GC invocations=21 (full 0):
 garbage-first heap   total 124928K, used 63988K [0x0000000703a00000, 0x0000000800000000)
  region size 2048K, 2 young (4096K), 1 survivors (2048K)
 Metaspace       used 83301K, committed 84096K, reserved 1179648K
  class space    used 11735K, committed 12096K, reserved 1048576K
}

Dll operation events (20 events):
Event: 0.355 Loaded shared library C:\Users\rakge\.openjfx\cache\23.0.1+4\amd64\api-ms-win-crt-runtime-l1-1-0.dll
Event: 0.358 Loaded shared library C:\Users\rakge\.openjfx\cache\23.0.1+4\amd64\api-ms-win-crt-stdio-l1-1-0.dll
Event: 0.361 Loaded shared library C:\Users\rakge\.openjfx\cache\23.0.1+4\amd64\api-ms-win-crt-string-l1-1-0.dll
Event: 0.364 Loaded shared library C:\Users\rakge\.openjfx\cache\23.0.1+4\amd64\api-ms-win-crt-time-l1-1-0.dll
Event: 0.367 Loaded shared library C:\Users\rakge\.openjfx\cache\23.0.1+4\amd64\api-ms-win-crt-utility-l1-1-0.dll
Event: 0.380 Loaded shared library C:\Users\rakge\.openjfx\cache\23.0.1+4\amd64\ucrtbase.dll
Event: 0.384 Loaded shared library C:\Users\rakge\.openjfx\cache\23.0.1+4\amd64\vcruntime140.dll
Event: 0.387 Loaded shared library C:\Users\rakge\.openjfx\cache\23.0.1+4\amd64\vcruntime140_1.dll
Event: 0.394 Loaded shared library C:\Users\rakge\.openjfx\cache\23.0.1+4\amd64\msvcp140.dll
Event: 0.397 Loaded shared library C:\Users\rakge\.openjfx\cache\23.0.1+4\amd64\msvcp140_1.dll
Event: 0.401 Loaded shared library C:\Users\rakge\.openjfx\cache\23.0.1+4\amd64\msvcp140_2.dll
Event: 0.429 Loaded shared library C:\Users\rakge\.openjfx\cache\23.0.1+4\amd64\prism_d3d.dll
Event: 0.489 Loaded shared library C:\Users\rakge\.openjfx\cache\23.0.1+4\amd64\glass.dll
Event: 0.624 Loaded shared library C:\Program Files\Java\jdk-21\bin\jimage.dll
Event: 0.931 Loaded shared library C:\Users\rakge\.openjfx\cache\23.0.1+4\amd64\javafx_font.dll
Event: 1.670 Loaded shared library C:\Program Files\Java\jdk-21\bin\sunmscapi.dll
Event: 2.886 Loaded shared library C:\Program Files\Java\jdk-21\bin\management.dll
Event: 2.888 Loaded shared library C:\Program Files\Java\jdk-21\bin\management_ext.dll
Event: 3.524 Loaded shared library C:\Program Files\Java\jdk-21\bin\verify.dll
Event: 5.387 Loaded shared library C:\Program Files\Java\jdk-21\bin\extnet.dll

Deoptimization events (20 events):
Event: 11.303 Thread 0x000001999362a140 Uncommon trap: trap_request=0xffffffd6 fr.pc=0x000001993db3dd88 relative=0x0000000000000628
Event: 11.303 Thread 0x000001999362a140 Uncommon trap: reason=array_check action=maybe_recompile pc=0x000001993db3dd88 method=com.sun.javafx.event.EventDispatchChainImpl.prepend(Ljavafx/event/EventDispatcher;)Ljavafx/event/EventDispatchChain; @ 33 c2
Event: 11.303 Thread 0x000001999362a140 DEOPT PACKING pc=0x000001993db3dd88 sp=0x00000091ed6fdc50
Event: 11.303 Thread 0x000001999362a140 DEOPT UNPACKING pc=0x000001993d047da2 sp=0x00000091ed6fdc10 mode 2
Event: 11.303 Thread 0x000001999362a140 Uncommon trap: trap_request=0xffffffd6 fr.pc=0x000001993db3dd88 relative=0x0000000000000628
Event: 11.303 Thread 0x000001999362a140 Uncommon trap: reason=array_check action=maybe_recompile pc=0x000001993db3dd88 method=com.sun.javafx.event.EventDispatchChainImpl.prepend(Ljavafx/event/EventDispatcher;)Ljavafx/event/EventDispatchChain; @ 33 c2
Event: 11.303 Thread 0x000001999362a140 DEOPT PACKING pc=0x000001993db3dd88 sp=0x00000091ed6fdbd0
Event: 11.303 Thread 0x000001999362a140 DEOPT UNPACKING pc=0x000001993d047da2 sp=0x00000091ed6fdb90 mode 2
Event: 11.303 Thread 0x000001999362a140 Uncommon trap: trap_request=0xffffffd6 fr.pc=0x000001993db3dd88 relative=0x0000000000000628
Event: 11.303 Thread 0x000001999362a140 Uncommon trap: reason=array_check action=maybe_recompile pc=0x000001993db3dd88 method=com.sun.javafx.event.EventDispatchChainImpl.prepend(Ljavafx/event/EventDispatcher;)Ljavafx/event/EventDispatchChain; @ 33 c2
Event: 11.303 Thread 0x000001999362a140 DEOPT PACKING pc=0x000001993db3dd88 sp=0x00000091ed6fdbd0
Event: 11.303 Thread 0x000001999362a140 DEOPT UNPACKING pc=0x000001993d047da2 sp=0x00000091ed6fdb90 mode 2
Event: 11.304 Thread 0x000001999362a140 Uncommon trap: trap_request=0xffffffd6 fr.pc=0x000001993db3dd88 relative=0x0000000000000628
Event: 11.304 Thread 0x000001999362a140 Uncommon trap: reason=array_check action=maybe_recompile pc=0x000001993db3dd88 method=com.sun.javafx.event.EventDispatchChainImpl.prepend(Ljavafx/event/EventDispatcher;)Ljavafx/event/EventDispatchChain; @ 33 c2
Event: 11.304 Thread 0x000001999362a140 DEOPT PACKING pc=0x000001993db3dd88 sp=0x00000091ed6fdc50
Event: 11.304 Thread 0x000001999362a140 DEOPT UNPACKING pc=0x000001993d047da2 sp=0x00000091ed6fdc10 mode 2
Event: 11.600 Thread 0x000001994d5af0f0 Uncommon trap: trap_request=0xffffffde fr.pc=0x000001993dae7cc8 relative=0x0000000000000508
Event: 11.600 Thread 0x000001994d5af0f0 Uncommon trap: reason=class_check action=maybe_recompile pc=0x000001993dae7cc8 method=jdk.internal.ref.PhantomCleanable.clean()V @ 12 c2
Event: 11.600 Thread 0x000001994d5af0f0 DEOPT PACKING pc=0x000001993dae7cc8 sp=0x00000091ecfff590
Event: 11.600 Thread 0x000001994d5af0f0 DEOPT UNPACKING pc=0x000001993d047da2 sp=0x00000091ecfff570 mode 2

Classes loaded (20 events):
Event: 5.700 Loading class java/lang/FdLibm$Atan2
Event: 5.700 Loading class java/lang/FdLibm$Atan2 done
Event: 5.700 Loading class java/lang/FdLibm
Event: 5.700 Loading class java/lang/FdLibm done
Event: 6.063 Loading class java/util/EnumMap$Values
Event: 6.063 Loading class java/util/EnumMap$Values done
Event: 6.063 Loading class java/util/EnumMap$ValueIterator
Event: 6.063 Loading class java/util/EnumMap$ValueIterator done
Event: 6.392 Loading class jdk/internal/math/FDBigInteger
Event: 6.392 Loading class jdk/internal/math/FDBigInteger done
Event: 6.433 Loading class java/io/SequenceInputStream
Event: 6.433 Loading class java/io/SequenceInputStream done
Event: 6.690 Loading class java/lang/FdLibm$Hypot
Event: 6.690 Loading class java/lang/FdLibm$Hypot done
Event: 6.774 Loading class java/lang/FdLibm$Cbrt
Event: 6.774 Loading class java/lang/FdLibm$Cbrt done
Event: 6.774 Loading class java/lang/FdLibm$Acos
Event: 6.774 Loading class java/lang/FdLibm$Acos done
Event: 7.992 Loading class java/util/AbstractMap$SimpleEntry
Event: 7.992 Loading class java/util/AbstractMap$SimpleEntry done

Classes unloaded (0 events):
No events

Classes redefined (0 events):
No events

Internal exceptions (20 events):
Event: 5.603 Thread 0x000001999362a140 Exception <a 'java/lang/IncompatibleClassChangeError'{0x000000071362bcc0}: Found class java.lang.Object, but interface was expected> (0x000000071362bcc0) 
thrown [s\open\src\hotspot\share\interpreter\linkResolver.cpp, line 840]
Event: 6.277 Thread 0x000001999362a140 Exception <a 'java/lang/NoSuchMethodError'{0x000000071351cd88}: 'java.lang.Object java.lang.invoke.DirectMethodHandle$Holder.newInvokeSpecial(java.lang.Object, java.lang.Object, int, int, int, int, int, java.lang.Object)'> (0x000000071351cd88) 
thrown [s\open\src\hotspot\share\interpreter\linkResolver.cpp, line 773]
Event: 6.278 Thread 0x000001999362a140 Exception <a 'java/lang/NoSuchMethodError'{0x000000071352e6a0}: 'java.lang.Object java.lang.invoke.DirectMethodHandle$Holder.newInvokeSpecial(java.lang.Object, java.lang.Object, java.lang.Object, int, int, int, int, int)'> (0x000000071352e6a0) 
thrown [s\open\src\hotspot\share\interpreter\linkResolver.cpp, line 773]
Event: 6.278 Thread 0x000001999362a140 Exception <a 'java/lang/NoSuchMethodError'{0x0000000713535950}: 'java.lang.Object java.lang.invoke.Invokers$Holder.linkToTargetMethod(java.lang.Object, java.lang.Object, int, int, int, int, int, java.lang.Object)'> (0x0000000713535950) 
thrown [s\open\src\hotspot\share\interpreter\linkResolver.cpp, line 773]
Event: 6.283 Thread 0x000001999362a140 Exception <a 'java/lang/NoSuchMethodError'{0x0000000713556c30}: 'long java.lang.invoke.DirectMethodHandle$Holder.invokeStatic(java.lang.Object, java.lang.Object, java.lang.Object)'> (0x0000000713556c30) 
thrown [s\open\src\hotspot\share\interpreter\linkResolver.cpp, line 773]
Event: 6.283 Thread 0x000001999362a140 Exception <a 'java/lang/NoSuchMethodError'{0x0000000713559fb8}: 'long java.lang.invoke.DirectMethodHandle$Holder.invokeStaticInit(java.lang.Object, java.lang.Object, java.lang.Object)'> (0x0000000713559fb8) 
thrown [s\open\src\hotspot\share\interpreter\linkResolver.cpp, line 773]
Event: 6.284 Thread 0x000001999362a140 Exception <a 'java/lang/NoSuchMethodError'{0x000000071356e270}: 'java.lang.Object java.lang.invoke.DirectMethodHandle$Holder.newInvokeSpecial(java.lang.Object, java.lang.Object, long)'> (0x000000071356e270) 
thrown [s\open\src\hotspot\share\interpreter\linkResolver.cpp, line 773]
Event: 6.284 Thread 0x000001999362a140 Exception <a 'java/lang/NoSuchMethodError'{0x0000000713571958}: 'java.lang.Object java.lang.invoke.Invokers$Holder.linkToTargetMethod(java.lang.Object, long, java.lang.Object)'> (0x0000000713571958) 
thrown [s\open\src\hotspot\share\interpreter\linkResolver.cpp, line 773]
Event: 6.398 Thread 0x000001999362a140 Exception <a 'java/lang/NoSuchMethodError'{0x00000007080a4db0}: 'java.lang.Object java.lang.invoke.DelegatingMethodHandle$Holder.reinvoke_L(java.lang.Object, double, double, double, double)'> (0x00000007080a4db0) 
thrown [s\open\src\hotspot\share\interpreter\linkResolver.cpp, line 773]
Event: 6.403 Thread 0x000001999362a140 Exception <a 'java/lang/NoSuchMethodError'{0x00000007080fa3f0}: 'java.lang.Object java.lang.invoke.DirectMethodHandle$Holder.newInvokeSpecial(java.lang.Object, double)'> (0x00000007080fa3f0) 
thrown [s\open\src\hotspot\share\interpreter\linkResolver.cpp, line 773]
Event: 6.411 Thread 0x000001999362a140 Exception <a 'java/io/FileNotFoundException'{0x0000000708172c30}> (0x0000000708172c30) 
thrown [s\open\src\hotspot\share\prims\jni.cpp, line 520]
Event: 6.511 Thread 0x000001999362a140 Exception <a 'java/lang/ClassNotFoundException'{0x0000000707d72a28}: com/sun/javafx/scene/control/skin/resources/controls> (0x0000000707d72a28) 
thrown [s\open\src\hotspot\share\prims\jni.cpp, line 539]
Event: 6.511 Thread 0x000001999362a140 Exception <a 'java/lang/ClassNotFoundException'{0x0000000707d80f28}: com/sun/javafx/scene/control/skin/resources/controls_en> (0x0000000707d80f28) 
thrown [s\open\src\hotspot\share\prims\jni.cpp, line 539]
Event: 6.512 Thread 0x000001999362a140 Exception <a 'java/lang/ClassNotFoundException'{0x0000000707d82e28}: com/sun/javafx/scene/control/skin/resources/controls_en_US> (0x0000000707d82e28) 
thrown [s\open\src\hotspot\share\prims\jni.cpp, line 539]
Event: 6.567 Thread 0x000001999362a140 Implicit null exception at 0x000001993da20803 to 0x000001993da20870
Event: 7.969 Thread 0x000001999362a140 Exception <a 'java/lang/IncompatibleClassChangeError'{0x000000071362b248}: Found class java.lang.Object, but interface was expected> (0x000000071362b248) 
thrown [s\open\src\hotspot\share\interpreter\linkResolver.cpp, line 840]
Event: 8.002 Thread 0x000001999362a140 Exception <a 'java/lang/NoSuchMethodError'{0x0000000713482b48}: 'void java.lang.invoke.DirectMethodHandle$Holder.invokeSpecialIFC(java.lang.Object, java.lang.Object, int, java.lang.Object, java.lang.Object, java.lang.Object, java.lang.Object)'> (0x0000000713482b48) 
thrown [s\open\src\hotspot\share\interpreter\linkResolver.cpp, line 773]
Event: 8.022 Thread 0x000001999362a140 Exception <a 'java/lang/NoSuchMethodError'{0x00000007135f9830}: 'void java.lang.invoke.Invokers$Holder.invokeExact_MT(java.lang.Object, java.lang.Object, int, java.lang.Object)'> (0x00000007135f9830) 
thrown [s\open\src\hotspot\share\interpreter\linkResolver.cpp, line 773]
Event: 8.024 Thread 0x000001999362a140 Exception <a 'java/lang/IncompatibleClassChangeError'{0x0000000710201d30}: Found class java.lang.Object, but interface was expected> (0x0000000710201d30) 
thrown [s\open\src\hotspot\share\interpreter\linkResolver.cpp, line 840]
Event: 8.033 Thread 0x000001999362a140 Exception <a 'java/lang/NoSuchMethodError'{0x0000000710257e70}: 'java.lang.Object java.lang.invoke.DelegatingMethodHandle$Holder.reinvoke_L(java.lang.Object, double, double, double)'> (0x0000000710257e70) 
thrown [s\open\src\hotspot\share\interpreter\linkResolver.cpp, line 773]

ZGC Phase Switch (0 events):
No events

VM Operations (20 events):
Event: 7.179 Executing VM operation: ICBufferFull done
Event: 7.959 Executing VM operation: G1CollectForAllocation (G1 Evacuation Pause)
Event: 7.963 Executing VM operation: G1CollectForAllocation (G1 Evacuation Pause) done
Event: 7.994 Executing VM operation: HandshakeAllThreads (Deoptimize)
Event: 7.994 Executing VM operation: HandshakeAllThreads (Deoptimize) done
Event: 8.026 Executing VM operation: HandshakeAllThreads (Deoptimize)
Event: 8.026 Executing VM operation: HandshakeAllThreads (Deoptimize) done
Event: 8.314 Executing VM operation: ICBufferFull
Event: 8.314 Executing VM operation: ICBufferFull done
Event: 9.315 Executing VM operation: Cleanup
Event: 9.315 Executing VM operation: Cleanup done
Event: 10.571 Executing VM operation: G1CollectForAllocation (G1 Evacuation Pause)
Event: 10.574 Executing VM operation: G1CollectForAllocation (G1 Evacuation Pause) done
Event: 11.575 Executing VM operation: Cleanup
Event: 11.575 Executing VM operation: Cleanup done
Event: 11.599 Executing VM operation: G1TryInitiateConcMark (G1 Humongous Allocation)
Event: 11.600 Executing VM operation: G1TryInitiateConcMark (G1 Humongous Allocation) done
Event: 11.630 Executing VM operation: G1TryInitiateConcMark (G1 Humongous Allocation)
Event: 11.632 Executing VM operation: G1TryInitiateConcMark (G1 Humongous Allocation) done
Event: 11.658 Executing VM operation: G1TryInitiateConcMark (G1 Humongous Allocation)

Events (20 events):
Event: 5.708 Thread 0x000001994cce6060 flushing nmethod 0x0000019935ee2f10
Event: 5.708 Thread 0x000001994cce6060 flushing nmethod 0x0000019936238b90
Event: 5.708 Thread 0x000001994cce6060 flushing nmethod 0x0000019936346810
Event: 5.708 Thread 0x000001994cce6060 flushing nmethod 0x00000199363cbc10
Event: 5.708 Thread 0x000001994cce6060 flushing nmethod 0x00000199363cc010
Event: 6.064 Thread 0x00000199985b4530 Thread exited: 0x00000199985b4530
Event: 6.065 Thread 0x00000199985b1c50 Thread exited: 0x00000199985b1c50
Event: 6.362 Thread 0x00000199985b4c00 Thread added: 0x00000199985b4c00
Event: 6.439 Thread 0x00000199985b3790 Thread added: 0x00000199985b3790
Event: 7.037 Thread 0x00000199985b3790 Thread exited: 0x00000199985b3790
Event: 7.037 Thread 0x00000199985b4c00 Thread exited: 0x00000199985b4c00
Event: 7.182 Thread 0x00000199985b3790 Thread added: 0x00000199985b3790
Event: 7.186 Thread 0x00000199985b3e60 Thread added: 0x00000199985b3e60
Event: 7.456 Thread 0x00000199985b3e60 Thread exited: 0x00000199985b3e60
Event: 8.506 Thread 0x0000019998b585e0 Thread exited: 0x0000019998b585e0
Event: 8.939 Thread 0x00000199985b3790 Thread exited: 0x00000199985b3790
Event: 9.377 Thread 0x00000199985b3790 Thread added: 0x00000199985b3790
Event: 9.595 Thread 0x00000199985b3790 Thread exited: 0x00000199985b3790
Event: 10.637 Thread 0x00000199985b3e60 Thread added: 0x00000199985b3e60
Event: 10.796 Thread 0x00000199985b3e60 Thread exited: 0x00000199985b3e60


Dynamic libraries:
0x00007ff70f570000 - 0x00007ff70f580000 	C:\Program Files\Java\jdk-21\bin\java.exe
0x00007ffaae9b0000 - 0x00007ffaaebc7000 	C:\WINDOWS\SYSTEM32\ntdll.dll
0x00007ffaacd80000 - 0x00007ffaace44000 	C:\WINDOWS\System32\KERNEL32.DLL
0x00007ffaabcb0000 - 0x00007ffaac069000 	C:\WINDOWS\System32\KERNELBASE.dll
0x00007ffaac320000 - 0x00007ffaac431000 	C:\WINDOWS\System32\ucrtbase.dll
0x00007ffa92980000 - 0x00007ffa92999000 	C:\Program Files\Java\jdk-21\bin\jli.dll
0x00007ffa92960000 - 0x00007ffa9297b000 	C:\Program Files\Java\jdk-21\bin\VCRUNTIME140.dll
0x00007ffaae850000 - 0x00007ffaae902000 	C:\WINDOWS\System32\ADVAPI32.dll
0x00007ffaad5d0000 - 0x00007ffaad677000 	C:\WINDOWS\System32\msvcrt.dll
0x00007ffaaccd0000 - 0x00007ffaacd77000 	C:\WINDOWS\System32\sechost.dll
0x00007ffaac630000 - 0x00007ffaac658000 	C:\WINDOWS\System32\bcrypt.dll
0x00007ffaae730000 - 0x00007ffaae844000 	C:\WINDOWS\System32\RPCRT4.dll
0x00007ffaae4e0000 - 0x00007ffaae68e000 	C:\WINDOWS\System32\USER32.dll
0x00007ffaa19b0000 - 0x00007ffaa1c42000 	C:\WINDOWS\WinSxS\amd64_microsoft.windows.common-controls_6595b64144ccf1df_6.0.22621.4391_none_2715d37f73803e96\COMCTL32.dll
0x00007ffaac560000 - 0x00007ffaac586000 	C:\WINDOWS\System32\win32u.dll
0x00007ffaae4b0000 - 0x00007ffaae4d9000 	C:\WINDOWS\System32\GDI32.dll
0x00007ffaac440000 - 0x00007ffaac55b000 	C:\WINDOWS\System32\gdi32full.dll
0x00007ffaac590000 - 0x00007ffaac62a000 	C:\WINDOWS\System32\msvcp_win.dll
0x00007ffaa1170000 - 0x00007ffaa117a000 	C:\WINDOWS\SYSTEM32\VERSION.dll
0x00007ffaacf50000 - 0x00007ffaacf81000 	C:\WINDOWS\System32\IMM32.DLL
0x00007ffa940d0000 - 0x00007ffa940dc000 	C:\Program Files\Java\jdk-21\bin\vcruntime140_1.dll
0x00007ffa91c50000 - 0x00007ffa91cde000 	C:\Program Files\Java\jdk-21\bin\msvcp140.dll
0x00007ffa40a00000 - 0x00007ffa41713000 	C:\Program Files\Java\jdk-21\bin\server\jvm.dll
0x00007ffaad550000 - 0x00007ffaad5c1000 	C:\WINDOWS\System32\WS2_32.dll
0x00007ffaaab40000 - 0x00007ffaaab8d000 	C:\WINDOWS\SYSTEM32\POWRPROF.dll
0x00007ffaa2780000 - 0x00007ffaa27b4000 	C:\WINDOWS\SYSTEM32\WINMM.dll
0x00007ffaaab20000 - 0x00007ffaaab33000 	C:\WINDOWS\SYSTEM32\UMPDC.dll
0x00007ffaaad80000 - 0x00007ffaaad98000 	C:\WINDOWS\SYSTEM32\kernel.appcore.dll
0x00007ffa92950000 - 0x00007ffa9295a000 	C:\Program Files\Java\jdk-21\bin\jimage.dll
0x00007ffaa9100000 - 0x00007ffaa9332000 	C:\WINDOWS\SYSTEM32\DBGHELP.DLL
0x00007ffaacf90000 - 0x00007ffaad31f000 	C:\WINDOWS\System32\combase.dll
0x00007ffaada00000 - 0x00007ffaadad7000 	C:\WINDOWS\System32\OLEAUT32.dll
0x00007ffa916c0000 - 0x00007ffa916f2000 	C:\WINDOWS\SYSTEM32\dbgcore.DLL
0x00007ffaac2a0000 - 0x00007ffaac31b000 	C:\WINDOWS\System32\bcryptPrimitives.dll
0x00007ffa92930000 - 0x00007ffa9294f000 	C:\Program Files\Java\jdk-21\bin\java.dll
0x00007ffaadb80000 - 0x00007ffaae3f6000 	C:\WINDOWS\System32\SHELL32.dll
0x00007ffaa9bb0000 - 0x00007ffaaa4b3000 	C:\WINDOWS\SYSTEM32\windows.storage.dll
0x00007ffaa9a70000 - 0x00007ffaa9baf000 	C:\WINDOWS\SYSTEM32\wintypes.dll
0x00007ffaad6d0000 - 0x00007ffaad7c9000 	C:\WINDOWS\System32\SHCORE.dll
0x00007ffaad320000 - 0x00007ffaad37e000 	C:\WINDOWS\System32\shlwapi.dll
0x00007ffaabbe0000 - 0x00007ffaabc0b000 	C:\WINDOWS\SYSTEM32\profapi.dll
0x00007ffa6d430000 - 0x00007ffa6d507000 	C:\Program Files\Java\jdk-21\bin\jsvml.dll
0x00007ffa92920000 - 0x00007ffa92930000 	C:\Program Files\Java\jdk-21\bin\net.dll
0x00007ffaa4fa0000 - 0x00007ffaa50d6000 	C:\WINDOWS\SYSTEM32\WINHTTP.dll
0x00007ffaab260000 - 0x00007ffaab2c9000 	C:\WINDOWS\system32\mswsock.dll
0x00007ffa90140000 - 0x00007ffa90156000 	C:\Program Files\Java\jdk-21\bin\nio.dll
0x00007ffa8e690000 - 0x00007ffa8e6a8000 	C:\Program Files\Java\jdk-21\bin\zip.dll
0x000001994d890000 - 0x000001994d893000 	C:\Users\rakge\.openjfx\cache\23.0.1+4\amd64\api-ms-win-core-console-l1-1-0.dll
0x000001994d8a0000 - 0x000001994d8a3000 	C:\Users\rakge\.openjfx\cache\23.0.1+4\amd64\api-ms-win-core-console-l1-2-0.dll
0x000001994d8b0000 - 0x000001994d8b3000 	C:\Users\rakge\.openjfx\cache\23.0.1+4\amd64\api-ms-win-core-datetime-l1-1-0.dll
0x000001994d8c0000 - 0x000001994d8c3000 	C:\Users\rakge\.openjfx\cache\23.0.1+4\amd64\api-ms-win-core-debug-l1-1-0.dll
0x000001994d8d0000 - 0x000001994d8d3000 	C:\Users\rakge\.openjfx\cache\23.0.1+4\amd64\api-ms-win-core-errorhandling-l1-1-0.dll
0x000001994d8e0000 - 0x000001994d8e4000 	C:\Users\rakge\.openjfx\cache\23.0.1+4\amd64\api-ms-win-core-file-l1-1-0.dll
0x000001994d8f0000 - 0x000001994d8f3000 	C:\Users\rakge\.openjfx\cache\23.0.1+4\amd64\api-ms-win-core-file-l1-2-0.dll
0x000001994d900000 - 0x000001994d903000 	C:\Users\rakge\.openjfx\cache\23.0.1+4\amd64\api-ms-win-core-file-l2-1-0.dll
0x000001994d910000 - 0x000001994d913000 	C:\Users\rakge\.openjfx\cache\23.0.1+4\amd64\api-ms-win-core-handle-l1-1-0.dll
0x000001994d920000 - 0x000001994d923000 	C:\Users\rakge\.openjfx\cache\23.0.1+4\amd64\api-ms-win-core-heap-l1-1-0.dll
0x000001994d930000 - 0x000001994d933000 	C:\Users\rakge\.openjfx\cache\23.0.1+4\amd64\api-ms-win-core-interlocked-l1-1-0.dll
0x000001994d940000 - 0x000001994d943000 	C:\Users\rakge\.openjfx\cache\23.0.1+4\amd64\api-ms-win-core-libraryloader-l1-1-0.dll
0x000001994d950000 - 0x000001994d953000 	C:\Users\rakge\.openjfx\cache\23.0.1+4\amd64\api-ms-win-core-localization-l1-2-0.dll
0x000001994d960000 - 0x000001994d963000 	C:\Users\rakge\.openjfx\cache\23.0.1+4\amd64\api-ms-win-core-memory-l1-1-0.dll
0x000001994d970000 - 0x000001994d973000 	C:\Users\rakge\.openjfx\cache\23.0.1+4\amd64\api-ms-win-core-namedpipe-l1-1-0.dll
0x000001994d980000 - 0x000001994d983000 	C:\Users\rakge\.openjfx\cache\23.0.1+4\amd64\api-ms-win-core-processenvironment-l1-1-0.dll
0x000001994d990000 - 0x000001994d993000 	C:\Users\rakge\.openjfx\cache\23.0.1+4\amd64\api-ms-win-core-processthreads-l1-1-0.dll
0x000001994d9a0000 - 0x000001994d9a3000 	C:\Users\rakge\.openjfx\cache\23.0.1+4\amd64\api-ms-win-core-processthreads-l1-1-1.dll
0x000001994d9b0000 - 0x000001994d9b3000 	C:\Users\rakge\.openjfx\cache\23.0.1+4\amd64\api-ms-win-core-profile-l1-1-0.dll
0x000001994d9c0000 - 0x000001994d9c3000 	C:\Users\rakge\.openjfx\cache\23.0.1+4\amd64\api-ms-win-core-rtlsupport-l1-1-0.dll
0x000001994d9d0000 - 0x000001994d9d3000 	C:\Users\rakge\.openjfx\cache\23.0.1+4\amd64\api-ms-win-core-string-l1-1-0.dll
0x000001994d9e0000 - 0x000001994d9e3000 	C:\Users\rakge\.openjfx\cache\23.0.1+4\amd64\api-ms-win-core-synch-l1-1-0.dll
0x000001994d9f0000 - 0x000001994d9f3000 	C:\Users\rakge\.openjfx\cache\23.0.1+4\amd64\api-ms-win-core-synch-l1-2-0.dll
0x000001994da00000 - 0x000001994da03000 	C:\Users\rakge\.openjfx\cache\23.0.1+4\amd64\api-ms-win-core-sysinfo-l1-1-0.dll
0x000001994da10000 - 0x000001994da13000 	C:\Users\rakge\.openjfx\cache\23.0.1+4\amd64\api-ms-win-core-timezone-l1-1-0.dll
0x000001994da20000 - 0x000001994da23000 	C:\Users\rakge\.openjfx\cache\23.0.1+4\amd64\api-ms-win-core-util-l1-1-0.dll
0x000001994da30000 - 0x000001994da33000 	C:\Users\rakge\.openjfx\cache\23.0.1+4\amd64\api-ms-win-crt-conio-l1-1-0.dll
0x000001994da40000 - 0x000001994da44000 	C:\Users\rakge\.openjfx\cache\23.0.1+4\amd64\api-ms-win-crt-convert-l1-1-0.dll
0x000001994da50000 - 0x000001994da53000 	C:\Users\rakge\.openjfx\cache\23.0.1+4\amd64\api-ms-win-crt-environment-l1-1-0.dll
0x000001994da60000 - 0x000001994da63000 	C:\Users\rakge\.openjfx\cache\23.0.1+4\amd64\api-ms-win-crt-filesystem-l1-1-0.dll
0x000001994da70000 - 0x000001994da73000 	C:\Users\rakge\.openjfx\cache\23.0.1+4\amd64\api-ms-win-crt-heap-l1-1-0.dll
0x000001994da80000 - 0x000001994da83000 	C:\Users\rakge\.openjfx\cache\23.0.1+4\amd64\api-ms-win-crt-locale-l1-1-0.dll
0x000001994da90000 - 0x000001994da95000 	C:\Users\rakge\.openjfx\cache\23.0.1+4\amd64\api-ms-win-crt-math-l1-1-0.dll
0x000001994daa0000 - 0x000001994daa5000 	C:\Users\rakge\.openjfx\cache\23.0.1+4\amd64\api-ms-win-crt-multibyte-l1-1-0.dll
0x000001994dab0000 - 0x000001994dac0000 	C:\Users\rakge\.openjfx\cache\23.0.1+4\amd64\api-ms-win-crt-private-l1-1-0.dll
0x000001994dac0000 - 0x000001994dac3000 	C:\Users\rakge\.openjfx\cache\23.0.1+4\amd64\api-ms-win-crt-process-l1-1-0.dll
0x000001994dad0000 - 0x000001994dad4000 	C:\Users\rakge\.openjfx\cache\23.0.1+4\amd64\api-ms-win-crt-runtime-l1-1-0.dll
0x000001994dae0000 - 0x000001994dae4000 	C:\Users\rakge\.openjfx\cache\23.0.1+4\amd64\api-ms-win-crt-stdio-l1-1-0.dll
0x000001994daf0000 - 0x000001994daf4000 	C:\Users\rakge\.openjfx\cache\23.0.1+4\amd64\api-ms-win-crt-string-l1-1-0.dll
0x000001994db00000 - 0x000001994db03000 	C:\Users\rakge\.openjfx\cache\23.0.1+4\amd64\api-ms-win-crt-time-l1-1-0.dll
0x000001994db10000 - 0x000001994db13000 	C:\Users\rakge\.openjfx\cache\23.0.1+4\amd64\api-ms-win-crt-utility-l1-1-0.dll
0x00007ffa6d330000 - 0x00007ffa6d42c000 	C:\Users\rakge\.openjfx\cache\23.0.1+4\amd64\ucrtbase.dll
0x00007ffa8a770000 - 0x00007ffa8a78b000 	C:\Users\rakge\.openjfx\cache\23.0.1+4\amd64\vcruntime140.dll
0x00007ffa92910000 - 0x00007ffa9291c000 	C:\Users\rakge\.openjfx\cache\23.0.1+4\amd64\vcruntime140_1.dll
0x00007ffa710d0000 - 0x00007ffa7115e000 	C:\Users\rakge\.openjfx\cache\23.0.1+4\amd64\msvcp140.dll
0x00007ffa91c40000 - 0x00007ffa91c49000 	C:\Users\rakge\.openjfx\cache\23.0.1+4\amd64\msvcp140_1.dll
0x00007ffa6d2e0000 - 0x00007ffa6d321000 	C:\Users\rakge\.openjfx\cache\23.0.1+4\amd64\msvcp140_2.dll
0x00007ffa7f700000 - 0x00007ffa7f730000 	C:\Users\rakge\.openjfx\cache\23.0.1+4\amd64\prism_d3d.dll
0x00007ffa7ea60000 - 0x00007ffa7ec08000 	C:\WINDOWS\system32\d3d9.dll
0x00007ffaa6690000 - 0x00007ffaa66bb000 	C:\WINDOWS\SYSTEM32\dwmapi.dll
0x00007ffaa8fe0000 - 0x00007ffaa9017000 	C:\WINDOWS\SYSTEM32\dxcore.dll
0x00007ffaa6400000 - 0x00007ffaa64b1000 	C:\WINDOWS\system32\uxtheme.dll
0x00007ffa626b0000 - 0x00007ffa62771000 	C:\WINDOWS\System32\DriverStore\FileRepository\nvaci.inf_amd64_bcb4d5d133099d13\nvldumdx.dll
0x00007ffaab610000 - 0x00007ffaab622000 	C:\WINDOWS\SYSTEM32\msasn1.dll
0x00007ffaa1130000 - 0x00007ffaa1162000 	C:\WINDOWS\SYSTEM32\cryptnet.dll
0x00007ffaac070000 - 0x00007ffaac1d6000 	C:\WINDOWS\System32\CRYPT32.dll
0x00007ffaab4b0000 - 0x00007ffaab4bc000 	C:\WINDOWS\SYSTEM32\cryptbase.dll
0x00007ffaab560000 - 0x00007ffaab5a9000 	C:\WINDOWS\SYSTEM32\wldp.dll
0x00007ffaa0fc0000 - 0x00007ffaa1122000 	C:\WINDOWS\SYSTEM32\drvstore.dll
0x00007ffaab970000 - 0x00007ffaab99c000 	C:\WINDOWS\SYSTEM32\devobj.dll
0x00007ffaab9a0000 - 0x00007ffaab9ee000 	C:\WINDOWS\SYSTEM32\cfgmgr32.dll
0x00007ffaac660000 - 0x00007ffaac6cc000 	C:\WINDOWS\System32\wintrust.dll
0x00007ffaaccb0000 - 0x00007ffaacccf000 	C:\WINDOWS\System32\imagehlp.dll
0x00007ffaab4c0000 - 0x00007ffaab4db000 	C:\WINDOWS\SYSTEM32\CRYPTSP.dll
0x00007ffaaad40000 - 0x00007ffaaad75000 	C:\WINDOWS\system32\rsaenh.dll
0x00007ffa1a3d0000 - 0x00007ffa1c3be000 	C:\WINDOWS\System32\DriverStore\FileRepository\nvaci.inf_amd64_bcb4d5d133099d13\nvgpucomp64.dll
0x00007ffa2b400000 - 0x00007ffa2ce94000 	C:\WINDOWS\System32\DriverStore\FileRepository\nvaci.inf_amd64_bcb4d5d133099d13\nvd3dumx.dll
0x00007ffaa26d0000 - 0x00007ffaa2719000 	C:\WINDOWS\SYSTEM32\directxdatabasehelper.dll
0x00007ffa63fa0000 - 0x00007ffa63fe5000 	C:\Users\rakge\.openjfx\cache\23.0.1+4\amd64\glass.dll
0x00007ffaace50000 - 0x00007ffaacf4f000 	C:\WINDOWS\System32\COMDLG32.dll
0x00007ffaad390000 - 0x00007ffaad535000 	C:\WINDOWS\System32\ole32.dll
0x00007ffaacb50000 - 0x00007ffaaccb0000 	C:\WINDOWS\System32\MSCTF.dll
0x00007ffa61e20000 - 0x00007ffa620f0000 	C:\WINDOWS\system32\nvspcap64.dll
0x00007ffaaaef0000 - 0x00007ffaaaf24000 	C:\WINDOWS\SYSTEM32\ntmarta.dll
0x00007ffaab2f0000 - 0x00007ffaab316000 	C:\WINDOWS\SYSTEM32\gpapi.dll
0x00007ffa60530000 - 0x00007ffa60685000 	C:\WINDOWS\System32\DriverStore\FileRepository\nvaci.inf_amd64_bcb4d5d133099d13\nvppex.dll
0x00007ffaae400000 - 0x00007ffaae4b0000 	C:\WINDOWS\System32\clbcatq.dll
0x00007ffa91330000 - 0x00007ffa914a9000 	C:\Windows\System32\Windows.UI.dll
0x00007ffa8a530000 - 0x00007ffa8a6a5000 	C:\Windows\System32\Windows.UI.Immersive.dll
0x00007ffa7edd0000 - 0x00007ffa7ede5000 	C:\Users\rakge\.openjfx\cache\23.0.1+4\amd64\javafx_font.dll
0x00007ffaa42a0000 - 0x00007ffaa4513000 	C:\WINDOWS\SYSTEM32\dwrite.dll

dbghelp: loaded successfully - version: 4.0.5 - missing functions: none
symbol engine: initialized successfully - sym options: 0x614 - pdb path: .;C:\Program Files\Java\jdk-21\bin;C:\WINDOWS\SYSTEM32;C:\WINDOWS\WinSxS\amd64_microsoft.windows.common-controls_6595b64144ccf1df_6.0.22621.4391_none_2715d37f73803e96;C:\Program Files\Java\jdk-21\bin\server;C:\Users\rakge\.openjfx\cache\23.0.1+4\amd64;C:\WINDOWS\System32\DriverStore\FileRepository\nvaci.inf_amd64_bcb4d5d133099d13;C:\Program Files\Common Files\Microsoft Shared\Ink

VM Arguments:
jvm_args: --module-path=C:\Users\rakge\.m2\repository\org\openjfx\javafx-base\23.0.1\javafx-base-23.0.1-win.jar;C:\Users\rakge\.m2\repository\org\openjfx\javafx-base\23.0.1\javafx-base-23.0.1.jar;C:\Users\rakge\.m2\repository\org\openjfx\javafx-controls\23.0.1\javafx-controls-23.0.1-win.jar;C:\Users\rakge\.m2\repository\org\openjfx\javafx-controls\23.0.1\javafx-controls-23.0.1.jar;C:\Users\rakge\.m2\repository\org\openjfx\javafx-fxml\23.0.1\javafx-fxml-23.0.1-win.jar;C:\Users\rakge\.m2\repository\org\openjfx\javafx-fxml\23.0.1\javafx-fxml-23.0.1.jar;C:\Users\rakge\.m2\repository\org\openjfx\javafx-graphics\23.0.1\javafx-graphics-23.0.1-win.jar;C:\Users\rakge\.m2\repository\org\openjfx\javafx-graphics\23.0.1\javafx-graphics-23.0.1.jar --add-modules=javafx.base,javafx.controls,javafx.fxml,javafx.graphics 
java_command: com.spa.demo.frontend.Main
java_class_path (initial): C:\Users\rakge\IdeaProjects\SFM_Projekt_2.csoport\demo\target\classes;C:\Users\rakge\.m2\repository\ch\qos\logback\logback-classic\1.5.11\logback-classic-1.5.11.jar;C:\Users\rakge\.m2\repository\ch\qos\logback\logback-core\1.5.11\logback-core-1.5.11.jar;C:\Users\rakge\.m2\repository\com\fasterxml\classmate\1.7.0\classmate-1.7.0.jar;C:\Users\rakge\.m2\repository\com\fasterxml\jackson\core\jackson-annotations\2.17.2\jackson-annotations-2.17.2.jar;C:\Users\rakge\.m2\repository\com\fasterxml\jackson\core\jackson-core\2.17.2\jackson-core-2.17.2.jar;C:\Users\rakge\.m2\repository\com\fasterxml\jackson\core\jackson-databind\2.17.2\jackson-databind-2.17.2.jar;C:\Users\rakge\.m2\repository\com\fasterxml\jackson\datatype\jackson-datatype-jdk8\2.17.2\jackson-datatype-jdk8-2.17.2.jar;C:\Users\rakge\.m2\repository\com\fasterxml\jackson\datatype\jackson-datatype-jsr310\2.17.2\jackson-datatype-jsr310-2.17.2.jar;C:\Users\rakge\.m2\repository\com\fasterxml\jackson\module\jackson-module-parameter-names\2.17.2\jackson-module-parameter-names-2.17.2.jar;C:\Users\rakge\.m2\repository\com\h2database\h2\2.2.224\h2-2.2.224.jar;C:\Users\rakge\.m2\repository\com\sun\istack\istack-commons-runtime\4.1.2\istack-commons-runtime-4.1.2.jar;C:\Users\rakge\.m2\repository\com\zaxxer\HikariCP\5.1.0\HikariCP-5.1.0.jar;C:\Users\rakge\.m2\repository\io\micrometer\micrometer-commons\1.13.6\micrometer-commons-1.13.6.jar;C:\Users\rakge\.m2\repository\io\micrometer\micrometer-observation\1.13.6\micrometer-observation-1.13.6.jar;C:\Users\rakge\.m2\repository\io\smallrye\jandex\3.1.2\jandex-3.1.2.jar;C:\Users\rakge\.m2\repository\jakarta\activation\jakarta.activation-api\2.1.3\jakarta.activation-api-2.1.3.jar;C:\Users\rakge\.m2\repository\jakarta\annotation\jakarta.annotation-api\2.1.1\jakarta.annotation-api-2.1.1.jar;C:\Users\rakge\.m2\repository\jakarta\inject\jakarta.inject-api\2.0.1\jakarta.inject-api-2.0.1.jar;C:\Users\rakge\.m2\repository\jakarta\persistence\jakarta.persistence-api\3.1.0\jakarta.persistence-api-3.1.0.jar;C:\Users\rakge\.m2\repository\jakarta\transaction\jakarta.transaction-api\2.0.1\jakarta.transaction-api-2.0.1.jar;C:\Users\rakge\.m2\repository\jakarta\xml\bind\jakarta.xml.bind-api\4.0.2\jakarta.xml.bind-api-4.0.2.jar;C:\Users\rakge\.m2\repository\net\bytebuddy\byte-buddy\1.14.19\byte-buddy-1.14.19.jar;C:\Users\rakge\.m2\repository\org\antlr\antlr4-runtime\4.13.0\antlr4-runtime-4.13.0.jar;C:\Users\rakge\.m2\repository\org\apache\logging\log4j\log4j-api\2.23.1\log4j-api-2.23.1.jar;C:\Users\rakge\.m2\repository\org\apache\logging\log4j\log4j-to-slf4j\2.23.1\log4j-to-slf4j-2.23.1.jar;C:\Users\rakge\.m2\repository\org\apache\tomcat\embed\tomcat-embed-core\10.1.31\tomcat-embed-core-10.1.31.jar;C:\Users\rakge\.m2\repository\org\apache\tomcat\embed\tomcat-embed-el\10.1.31\tomcat-embed-el-10.1.31.jar;C:\Users\rakge\.m2\repository\org\apache\tomcat\embed\tomcat-embed-websocket\10.1.31\tomcat-embed-websocket-10.1.31.jar;C:\Users\rakge\.m2\repository\org\aspectj\aspectjweaver\1.9.22.1\aspectjweaver-1.9.22.1.jar;C:\Users\rakge\.m2\repository\org\attoparser\attoparser\2.0.7.RELEASE\attoparser-2.0.7.RELEASE.jar;C:\Users\rakge\.m2\repository\org\eclipse\angus\angus-activation\2.0.2\angus-activation-2.0.2.jar;C:\Users\rakge\.m2\repository\org\glassfish\jaxb\jaxb-core\4.0.5\jaxb-core-4.0.5.jar;C:\Users\rakge\.m2\repository\org\glassfish\jaxb\jaxb-runtime\4.0.5\jaxb-runtime-4.0.5.jar;C:\Users\rakge\.m2\repository\org\glassfish\jaxb\txw2\4.0.5\txw2-4.0.5.jar;C:\Users\rakge\.m2\repository\org\hibernate\common\hibernate-commons-annotations\6.0.6.Final\hibernate-commons-annotations-6.0.6.Final.jar;C:\Users\rakge\.m2\repository\org\hibernate\orm\hibernate-core\6.5.3.Final\hibernate-core-6.5.3.Final.jar;C:\Users\rakge\.m2\repository\org\jboss\logging\jboss-logging\3.5.3.Final\jboss-logging-3.5.3.Final.jar;C:\Users\rakge\.m2\repository\org\projectlombok\lombok\1.18.34\lombok-1.18.34.jar;C:\Users\rakge\.m2\repository\org\slf4j\jul-to-slf4j\2.0.16\jul-to-slf4j-2.0.16.jar;C:\Users\rakge\.m2\repository\org\slf4j\slf4j-api\2.0.16\slf4j-api-2.0.16.jar;C:\Users\rakge\.m2\repository\org\springframework\spring-aop\6.1.14\spring-aop-6.1.14.jar;C:\Users\rakge\.m2\repository\org\springframework\spring-aspects\6.1.14\spring-aspects-6.1.14.jar;C:\Users\rakge\.m2\repository\org\springframework\spring-beans\6.1.14\spring-beans-6.1.14.jar;C:\Users\rakge\.m2\repository\org\springframework\spring-context\6.1.14\spring-context-6.1.14.jar;C:\Users\rakge\.m2\repository\org\springframework\spring-core\6.1.14\spring-core-6.1.14.jar;C:\Users\rakge\.m2\repository\org\springframework\spring-expression\6.1.14\spring-expression-6.1.14.jar;C:\Users\rakge\.m2\repository\org\springframework\spring-jcl\6.1.14\spring-jcl-6.1.14.jar;C:\Users\rakge\.m2\repository\org\springframework\spring-jdbc\6.1.14\spring-jdbc-6.1.14.jar;C:\Users\rakge\.m2\repository\org\springframework\spring-orm\6.1.14\spring-orm-6.1.14.jar;C:\Users\rakge\.m2\repository\org\springframework\spring-tx\6.1.14\spring-tx-6.1.14.jar;C:\Users\rakge\.m2\repository\org\springframework\spring-web\6.1.14\spring-web-6.1.14.jar;C:\Users\rakge\.m2\repository\org\springframework\spring-webmvc\6.1.14\spring-webmvc-6.1.14.jar;C:\Users\rakge\.m2\repository\org\springframework\boot\spring-boot\3.3.5\spring-boot-3.3.5.jar;C:\Users\rakge\.m2\repository\org\springframework\boot\spring-boot-autoconfigure\3.3.5\spring-boot-autoconfigure-3.3.5.jar;C:\Users\rakge\.m2\repository\org\springframework\boot\spring-boot-starter\3.3.5\spring-boot-starter-3.3.5.jar;C:\Users\rakge\.m2\repository\org\springframework\boot\spring-boot-starter-aop\3.3.5\spring-boot-starter-aop-3.3.5.jar;C:\Users\rakge\.m2\repository\org\springframework\boot\spring-boot-starter-data-jpa\3.3.5\spring-boot-starter-data-jpa-3.3.5.jar;C:\Users\rakge\.m2\repository\org\springframework\boot\spring-boot-starter-jdbc\3.3.5\spring-boot-starter-jdbc-3.3.5.jar;C:\Users\rakge\.m2\repository\org\springframework\boot\spring-boot-starter-json\3.3.5\spring-boot-starter-json-3.3.5.jar;C:\Users\rakge\.m2\repository\org\springframework\boot\spring-boot-starter-logging\3.3.5\spring-boot-starter-logging-3.3.5.jar;C:\Users\rakge\.m2\repository\org\springframework\boot\spring-boot-starter-thymeleaf\3.3.5\spring-boot-starter-thymeleaf-3.3.5.jar;C:\Users\rakge\.m2\repository\org\springframework\boot\spring-boot-starter-tomcat\3.3.5\spring-boot-starter-tomcat-3.3.5.jar;C:\Users\rakge\.m2\repository\org\springframework\boot\spring-boot-starter-web\3.3.5\spring-boot-starter-web-3.3.5.jar;C:\Users\rakge\.m2\repository\org\springframework\data\spring-data-commons\3.3.5\spring-data-commons-3.3.5.jar;C:\Users\rakge\.m2\repository\org\springframework\data\spring-data-jpa\3.3.5\spring-data-jpa-3.3.5.jar;C:\Users\rakge\.m2\repository\org\thymeleaf\thymeleaf\3.1.2.RELEASE\thymeleaf-3.1.2.RELEASE.jar;C:\Users\rakge\.m2\repository\org\thymeleaf\thymeleaf-spring6\3.1.2.RELEASE\thymeleaf-spring6-3.1.2.RELEASE.jar;C:\Users\rakge\.m2\repository\org\unbescape\unbescape\1.1.6.RELEASE\unbescape-1.1.6.RELEASE.jar;C:\Users\rakge\.m2\repository\org\yaml\snakeyaml\2.2\snakeyaml-2.2.jar
Launcher Type: SUN_STANDARD

[Global flags]
     intx CICompilerCount                          = 4                                         {product} {ergonomic}
     uint ConcGCThreads                            = 3                                         {product} {ergonomic}
     uint G1ConcRefinementThreads                  = 10                                        {product} {ergonomic}
   size_t G1HeapRegionSize                         = 2097152                                   {product} {ergonomic}
    uintx GCDrainStackTargetSize                   = 64                                        {product} {ergonomic}
   size_t InitialHeapSize                          = 266338304                                 {product} {ergonomic}
   size_t MarkStackSize                            = 4194304                                   {product} {ergonomic}
   size_t MaxHeapSize                              = 4234149888                                {product} {ergonomic}
   size_t MaxNewSize                               = 2539651072                                {product} {ergonomic}
   size_t MinHeapDeltaBytes                        = 2097152                                   {product} {ergonomic}
   size_t MinHeapSize                              = 8388608                                   {product} {ergonomic}
    uintx NonNMethodCodeHeapSize                   = 5839372                                {pd product} {ergonomic}
    uintx NonProfiledCodeHeapSize                  = 122909434                              {pd product} {ergonomic}
    uintx ProfiledCodeHeapSize                     = 122909434                              {pd product} {ergonomic}
    uintx ReservedCodeCacheSize                    = 251658240                              {pd product} {ergonomic}
     bool SegmentedCodeCache                       = true                                      {product} {ergonomic}
   size_t SoftMaxHeapSize                          = 4234149888                             {manageable} {ergonomic}
     bool UseCompressedOops                        = true                           {product lp64_product} {ergonomic}
     bool UseG1GC                                  = true                                      {product} {ergonomic}
     bool UseLargePagesIndividualAllocation        = false                                  {pd product} {ergonomic}

Logging:
Log output configuration:
 #0: stdout all=warning uptime,level,tags foldmultilines=false
 #1: stderr all=off uptime,level,tags foldmultilines=false

Environment Variables:
JAVA_HOME=C:\Program Files\Java\jdk-21
PATH=C:\Program Files\Common Files\Oracle\Java\javapath;C:\Program Files (x86)\Common Files\Oracle\Java\javapath;C:\Windows\system32;C:\Windows;C:\Windows\System32\Wbem;C:\Windows\System32\WindowsPowerShell\v1.0\;C:\Windows\System32\OpenSSH\;C:\Program Files (x86)\NVIDIA Corporation\PhysX\Common;C:\Program Files\NVIDIA Corporation\NVIDIA NvDLISR;C:\Program Files\MATLAB\R2022a\bin;C:\Program Files\Java\jdk-21\bin;C:\WINDOWS\system32;C:\WINDOWS;C:\WINDOWS\System32\Wbem;C:\WINDOWS\System32\WindowsPowerShell\v1.0\;C:\WINDOWS\System32\OpenSSH\;C:\Program Files\Git\cmd;C:\Program Files\dotnet\;C:\Users\rakge\AppData\Local\Programs\Python\Python311\Scripts\;C:\Users\rakge\AppData\Local\Programs\Python\Python311\;C:\Users\rakge\AppData\Local\Microsoft\WindowsApps;C:\Program Files (x86)\Nmap;C:\Users\rakge\.dotnet\tools;C:\Users\rakge\AppData\Local\Programs\Microsoft VS Code\bin;C:\Program Files\dotnet\sdk\7.0.404;C:\Users\rakge\AppData\Roaming\Microsoft\Windows\Start Menu\Programs\Python 3.11\Python 3.11 (64-bit).lnk;C:\MinGW\bin;D:\INTELIDA\IntelliJ IDEA 2024.2.3\bin;;C:\Users\rakge\Downloads\apache-maven-4.0.0-beta-5\bin;C:\Program Files\Java\jdk-21\bin;
USERNAME=rakge
OS=Windows_NT
PROCESSOR_IDENTIFIER=Intel64 Family 6 Model 141 Stepping 1, GenuineIntel
TMP=C:\Users\rakge\AppData\Local\Temp
TEMP=C:\Users\rakge\AppData\Local\Temp




Periodic native trim disabled

---------------  S Y S T E M  ---------------

OS:
 Windows 11 , 64 bit Build 22621 (10.0.22621.4391)
OS uptime: 3 days 8:49 hours
Hyper-V role detected

CPU: total 12 (initial active 12) (6 cores per cpu, 2 threads per core) family 6 model 141 stepping 1 microcode 0x3c, cx8, cmov, fxsr, ht, mmx, 3dnowpref, sse, sse2, sse3, ssse3, sse4.1, sse4.2, popcnt, lzcnt, tsc, tscinvbit, avx, avx2, aes, erms, clmul, bmi1, bmi2, adx, avx512f, avx512dq, avx512cd, avx512bw, avx512vl, sha, fma, vzeroupper, avx512_vpopcntdq, avx512_vpclmulqdq, avx512_vaes, avx512_vnni, clflush, clflushopt, clwb, avx512_vbmi2, avx512_vbmi, hv, rdtscp, rdpid, fsrm, gfni, avx512_bitalg, f16c, cet_ibt, cet_ss, avx512_ifma
Processor Information for all 12 processors :
  Max Mhz: 2688, Current Mhz: 2688, Mhz Limit: 2688

Memory: 4k page, system-wide physical 16147M (1607M free)
TotalPageFile size 46067M (AvailPageFile size 8M)
current process WorkingSet (physical memory assigned to process): 376M, peak: 390M
current process commit charge ("private bytes"): 515M, peak: 541M

vm_info: Java HotSpot(TM) 64-Bit Server VM (21.0.4+8-LTS-274) for windows-amd64 JRE (21.0.4+8-LTS-274), built on 2024-06-05T05:23:33Z by "mach5one" with MS VC++ 17.6 (VS2022)

END.
