#
# There is insufficient memory for the Java Runtime Environment to continue.
# Native memory allocation (mmap) failed to map 2097152 bytes for G1 virtual space
# Possible reasons:
#   The system is out of physical RAM or swap space
#   The process is running with CompressedOops enabled, and the Java Heap may be blocking the growth of the native heap
# Possible solutions:
#   Reduce memory load on the system
#   Increase physical memory or swap space
#   Check if swap backing store is full
#   Decrease Java heap size (-Xmx/-Xms)
#   Decrease number of Java threads
#   Decrease Java thread stack sizes (-Xss)
#   Set larger code cache with -XX:ReservedCodeCacheSize=
#   JVM is running with Zero Based Compressed Oops mode in which the Java heap is
#     placed in the first 32GB address space. The Java Heap base address is the
#     maximum limit for the native heap growth. Please use -XX:HeapBaseMinAddress
#     to set the Java Heap base and to place the Java Heap above 32GB virtual address.
# This output file may be truncated or incomplete.
#
#  Out of Memory Error (os_windows.cpp:3600), pid=22060, tid=30792
#
# JRE version: Java(TM) SE Runtime Environment (21.0.4+8) (build 21.0.4+8-LTS-274)
# Java VM: Java HotSpot(TM) 64-Bit Server VM (21.0.4+8-LTS-274, mixed mode, sharing, tiered, compressed oops, compressed class ptrs, g1 gc, windows-amd64)
# No core dump will be written. Minidumps are not enabled by default on client versions of Windows
#

---------------  S U M M A R Y ------------

Command Line: --module-path=C:\Users\rakge\.m2\repository\org\openjfx\javafx-base\23.0.1\javafx-base-23.0.1-win.jar;C:\Users\rakge\.m2\repository\org\openjfx\javafx-base\23.0.1\javafx-base-23.0.1.jar;C:\Users\rakge\.m2\repository\org\openjfx\javafx-controls\23.0.1\javafx-controls-23.0.1-win.jar;C:\Users\rakge\.m2\repository\org\openjfx\javafx-controls\23.0.1\javafx-controls-23.0.1.jar;C:\Users\rakge\.m2\repository\org\openjfx\javafx-fxml\23.0.1\javafx-fxml-23.0.1-win.jar;C:\Users\rakge\.m2\repository\org\openjfx\javafx-fxml\23.0.1\javafx-fxml-23.0.1.jar;C:\Users\rakge\.m2\repository\org\openjfx\javafx-graphics\23.0.1\javafx-graphics-23.0.1-win.jar;C:\Users\rakge\.m2\repository\org\openjfx\javafx-graphics\23.0.1\javafx-graphics-23.0.1.jar --add-modules=javafx.base,javafx.controls,javafx.fxml,javafx.graphics com.spa.demo.frontend.Main

Host: 11th Gen Intel(R) Core(TM) i5-11400H @ 2.70GHz, 12 cores, 15G,  Windows 11 , 64 bit Build 22621 (10.0.22621.4391)
Time: Sat Dec  7 20:15:59 2024 Central Europe Standard Time elapsed time: 9.942611 seconds (0d 0h 0m 9s)

---------------  T H R E A D  ---------------

Current thread (0x000001e176e2e440):  WorkerThread "GC Thread#1"    [id=30792, stack(0x000000061fb00000,0x000000061fc00000) (1024K)]

Stack: [0x000000061fb00000,0x000000061fc00000]
Native frames: (J=compiled Java code, j=interpreted, Vv=VM code, C=native code)
V  [jvm.dll+0x6c8e59]
V  [jvm.dll+0x853181]
V  [jvm.dll+0x8556ae]
V  [jvm.dll+0x855d83]
V  [jvm.dll+0x27d526]
V  [jvm.dll+0x6c55f5]
V  [jvm.dll+0x6ba17a]
V  [jvm.dll+0x352a8a]
V  [jvm.dll+0x35a6e6]
V  [jvm.dll+0x3acaab]
V  [jvm.dll+0x3ad144]
V  [jvm.dll+0x3ad20d]
V  [jvm.dll+0x32841c]
V  [jvm.dll+0x328175]
V  [jvm.dll+0x317096]
V  [jvm.dll+0x317eca]
V  [jvm.dll+0x3182c7]
V  [jvm.dll+0x317d31]
V  [jvm.dll+0x3548f6]
V  [jvm.dll+0x354c63]
V  [jvm.dll+0x362a93]
V  [jvm.dll+0x220c2d]
V  [jvm.dll+0x35241b]
V  [jvm.dll+0x222d68]
V  [jvm.dll+0x36382e]
V  [jvm.dll+0x36366a]
V  [jvm.dll+0x36bbf4]
V  [jvm.dll+0x36bd6b]
V  [jvm.dll+0x880f17]
V  [jvm.dll+0x7fd65b]
V  [jvm.dll+0x6c753d]
C  [ucrtbase.dll+0x29333]
C  [KERNEL32.DLL+0x1259d]
C  [ntdll.dll+0x5af38]


---------------  P R O C E S S  ---------------

Threads class SMR info:
_java_thread_list=0x000001e17bc850d0, length=35, elements={
0x000001e14b769fe0, 0x000001e16c8e38a0, 0x000001e16c8e5810, 0x000001e16c8e6490,
0x000001e16c8e7370, 0x000001e16c8ebae0, 0x000001e17100c620, 0x000001e171034080,
0x000001e171036740, 0x000001e17100ccb0, 0x000001e17100ed80, 0x000001e17100faa0,
0x000001e17100d340, 0x000001e17100d9d0, 0x000001e176e695b0, 0x000001e176e674e0,
0x000001e176e6a2d0, 0x000001e176e6a960, 0x000001e176e68890, 0x000001e176e66130,
0x000001e176e66e50, 0x000001e176e6bd10, 0x000001e176e64d80, 0x000001e176e65aa0,
0x000001e176e67b70, 0x000001e176e68200, 0x000001e176e6c3a0, 0x000001e176e65410,
0x000001e17bf95890, 0x000001e17bf9b470, 0x000001e17bf97ff0, 0x000001e17bf9bb00,
0x000001e17bf972d0, 0x000001e17bf95200, 0x000001e17139b1e0
}

Java Threads: ( => current thread )
  0x000001e14b769fe0 JavaThread "main"                              [_thread_blocked, id=26024, stack(0x000000061e200000,0x000000061e300000) (1024K)]
  0x000001e16c8e38a0 JavaThread "Reference Handler"          daemon [_thread_blocked, id=25568, stack(0x000000061ea00000,0x000000061eb00000) (1024K)]
  0x000001e16c8e5810 JavaThread "Finalizer"                  daemon [_thread_blocked, id=20672, stack(0x000000061eb00000,0x000000061ec00000) (1024K)]
  0x000001e16c8e6490 JavaThread "Signal Dispatcher"          daemon [_thread_blocked, id=10104, stack(0x000000061ec00000,0x000000061ed00000) (1024K)]
  0x000001e16c8e7370 JavaThread "Attach Listener"            daemon [_thread_blocked, id=31344, stack(0x000000061ed00000,0x000000061ee00000) (1024K)]
  0x000001e16c8ebae0 JavaThread "Service Thread"             daemon [_thread_blocked, id=29784, stack(0x000000061ee00000,0x000000061ef00000) (1024K)]
  0x000001e17100c620 JavaThread "Monitor Deflation Thread"   daemon [_thread_blocked, id=28500, stack(0x000000061ef00000,0x000000061f000000) (1024K)]
  0x000001e171034080 JavaThread "C2 CompilerThread0"         daemon [_thread_blocked, id=27052, stack(0x000000061f000000,0x000000061f100000) (1024K)]
  0x000001e171036740 JavaThread "C1 CompilerThread0"         daemon [_thread_blocked, id=7652, stack(0x000000061f100000,0x000000061f200000) (1024K)]
  0x000001e17100ccb0 JavaThread "Common-Cleaner"             daemon [_thread_blocked, id=12472, stack(0x000000061f200000,0x000000061f300000) (1024K)]
  0x000001e17100ed80 JavaThread "Notification Thread"        daemon [_thread_blocked, id=28120, stack(0x000000061f400000,0x000000061f500000) (1024K)]
  0x000001e17100faa0 JavaThread "QuantumRenderer-0"          daemon [_thread_blocked, id=31240, stack(0x000000061f500000,0x000000061f600000) (1024K)]
  0x000001e17100d340 JavaThread "InvokeLaterDispatcher"      daemon [_thread_blocked, id=30960, stack(0x000000061f700000,0x000000061f800000) (1024K)]
  0x000001e17100d9d0 JavaThread "JavaFX Application Thread"         [_thread_blocked, id=31448, stack(0x000000061f800000,0x000000061f900000) (1024K)]
  0x000001e176e695b0 JavaThread "JavaFX-Launcher"                   [_thread_blocked, id=22568, stack(0x000000061fa00000,0x000000061fb00000) (1024K)]
  0x000001e176e674e0 JavaThread "Thread-2"                   daemon [_thread_blocked, id=12100, stack(0x000000061f300000,0x000000061f400000) (1024K)]
  0x000001e176e6a2d0 JavaThread "HikariPool-1 housekeeper"   daemon [_thread_blocked, id=18032, stack(0x0000000620500000,0x0000000620600000) (1024K)]
  0x000001e176e6a960 JavaThread "Catalina-utility-1"                [_thread_blocked, id=13448, stack(0x0000000620800000,0x0000000620900000) (1024K)]
  0x000001e176e68890 JavaThread "Catalina-utility-2"                [_thread_blocked, id=1488, stack(0x0000000620900000,0x0000000620a00000) (1024K)]
  0x000001e176e66130 JavaThread "container-0"                       [_thread_blocked, id=8460, stack(0x0000000620a00000,0x0000000620b00000) (1024K)]
  0x000001e176e66e50 JavaThread "http-nio-8080-exec-1"       daemon [_thread_blocked, id=27848, stack(0x0000000620c00000,0x0000000620d00000) (1024K)]
  0x000001e176e6bd10 JavaThread "http-nio-8080-exec-2"       daemon [_thread_blocked, id=31536, stack(0x0000000620d00000,0x0000000620e00000) (1024K)]
  0x000001e176e64d80 JavaThread "http-nio-8080-exec-3"       daemon [_thread_blocked, id=23752, stack(0x0000000620e00000,0x0000000620f00000) (1024K)]
  0x000001e176e65aa0 JavaThread "http-nio-8080-exec-4"       daemon [_thread_blocked, id=30920, stack(0x0000000620f00000,0x0000000621000000) (1024K)]
  0x000001e176e67b70 JavaThread "http-nio-8080-exec-5"       daemon [_thread_blocked, id=28736, stack(0x0000000621000000,0x0000000621100000) (1024K)]
  0x000001e176e68200 JavaThread "http-nio-8080-exec-6"       daemon [_thread_blocked, id=30164, stack(0x0000000621100000,0x0000000621200000) (1024K)]
  0x000001e176e6c3a0 JavaThread "http-nio-8080-exec-7"       daemon [_thread_blocked, id=31644, stack(0x0000000621200000,0x0000000621300000) (1024K)]
  0x000001e176e65410 JavaThread "http-nio-8080-exec-8"       daemon [_thread_blocked, id=31640, stack(0x0000000621300000,0x0000000621400000) (1024K)]
  0x000001e17bf95890 JavaThread "http-nio-8080-exec-9"       daemon [_thread_blocked, id=20816, stack(0x0000000621400000,0x0000000621500000) (1024K)]
  0x000001e17bf9b470 JavaThread "http-nio-8080-exec-10"      daemon [_thread_blocked, id=8368, stack(0x0000000621500000,0x0000000621600000) (1024K)]
  0x000001e17bf97ff0 JavaThread "http-nio-8080-Poller"       daemon [_thread_in_native, id=18536, stack(0x0000000621600000,0x0000000621700000) (1024K)]
  0x000001e17bf9bb00 JavaThread "http-nio-8080-Acceptor"     daemon [_thread_in_native, id=31392, stack(0x0000000621700000,0x0000000621800000) (1024K)]
  0x000001e17bf972d0 JavaThread "Prism Font Disposer"        daemon [_thread_blocked, id=332, stack(0x0000000621b00000,0x0000000621c00000) (1024K)]
  0x000001e17bf95200 JavaThread "Cleaner-0"                  daemon [_thread_blocked, id=31444, stack(0x0000000621c00000,0x0000000621d00000) (1024K)]
  0x000001e17139b1e0 JavaThread "C2 CompilerThread1"         daemon [_thread_blocked, id=28432, stack(0x0000000620b00000,0x0000000620c00000) (1024K)]
Total: 35

Other Threads:
  0x000001e16c8ca3b0 VMThread "VM Thread"                           [id=26500, stack(0x000000061e900000,0x000000061ea00000) (1024K)]
  0x000001e16c8afa20 WatcherThread "VM Periodic Task Thread"        [id=29736, stack(0x000000061e800000,0x000000061e900000) (1024K)]
  0x000001e14d94bf60 WorkerThread "GC Thread#0"                     [id=9988, stack(0x000000061e300000,0x000000061e400000) (1024K)]
=>0x000001e176e2e440 WorkerThread "GC Thread#1"                     [id=30792, stack(0x000000061fb00000,0x000000061fc00000) (1024K)]
  0x000001e176e2e7e0 WorkerThread "GC Thread#2"                     [id=31548, stack(0x000000061fc00000,0x000000061fd00000) (1024K)]
  0x000001e176e2eb80 WorkerThread "GC Thread#3"                     [id=28504, stack(0x000000061fd00000,0x000000061fe00000) (1024K)]
  0x000001e176e2ef20 WorkerThread "GC Thread#4"                     [id=20084, stack(0x000000061fe00000,0x000000061ff00000) (1024K)]
  0x000001e176e7b960 WorkerThread "GC Thread#5"                     [id=13916, stack(0x000000061ff00000,0x0000000620000000) (1024K)]
  0x000001e1772839a0 WorkerThread "GC Thread#6"                     [id=29484, stack(0x0000000620100000,0x0000000620200000) (1024K)]
  0x000001e177283d40 WorkerThread "GC Thread#7"                     [id=28424, stack(0x0000000620200000,0x0000000620300000) (1024K)]
  0x000001e1772840e0 WorkerThread "GC Thread#8"                     [id=12820, stack(0x0000000620300000,0x0000000620400000) (1024K)]
  0x000001e177282780 WorkerThread "GC Thread#9"                     [id=28852, stack(0x0000000620400000,0x0000000620500000) (1024K)]
  0x000001e14d95cc40 ConcurrentGCThread "G1 Main Marker"            [id=21804, stack(0x000000061e400000,0x000000061e500000) (1024K)]
  0x000001e14d95d640 WorkerThread "G1 Conc#0"                       [id=24468, stack(0x000000061e500000,0x000000061e600000) (1024K)]
  0x000001e177282ec0 WorkerThread "G1 Conc#1"                       [id=26892, stack(0x0000000620600000,0x0000000620700000) (1024K)]
  0x000001e177283260 WorkerThread "G1 Conc#2"                       [id=31488, stack(0x0000000620700000,0x0000000620800000) (1024K)]
  0x000001e16c781460 ConcurrentGCThread "G1 Refine#0"               [id=30292, stack(0x000000061e600000,0x000000061e700000) (1024K)]
  0x000001e16c781de0 ConcurrentGCThread "G1 Service"                [id=5232, stack(0x000000061e700000,0x000000061e800000) (1024K)]
Total: 18

Threads with active compile tasks:
C2 CompilerThread0     9961 8275 % !   4       java.util.concurrent.ConcurrentHashMap::transfer @ 96 (849 bytes)
C2 CompilerThread1     9961 8276       4       java.io.RandomAccessFile::readFully (45 bytes)
Total: 2

VM state: at safepoint (normal execution)

VM Mutex/Monitor currently owned by a thread:  ([mutex/lock_event])
[0x00007ffa41635918] FreeList_lock - owner thread: 0x000001e176e2e440
[0x00007ffa41637e98] Threads_lock - owner thread: 0x000001e16c8ca3b0
[0x00007ffa41637f98] Heap_lock - owner thread: 0x000001e17100d9d0

Heap address: 0x0000000703a00000, size: 4038 MB, Compressed Oops mode: Zero based, Oop shift amount: 3

CDS archive(s) mapped at: [0x000001e100000000-0x000001e100c90000-0x000001e100c90000), size 13172736, SharedBaseAddress: 0x000001e100000000, ArchiveRelocationMode: 1.
Compressed class space mapped at: 0x000001e101000000-0x000001e141000000, reserved size: 1073741824
Narrow klass base: 0x000001e100000000, Narrow klass shift: 0, Narrow klass range: 0x100000000

GC Precious Log:
 CardTable entry size: 512
 Card Set container configuration: InlinePtr #cards 4 size 8 Array Of Cards #cards 16 size 48 Howl #buckets 8 coarsen threshold 3686 Howl Bitmap #cards 512 size 80 coarsen threshold 460 Card regions per heap region 1 cards per card region 4096
 CPUs: 12 total, 12 available
 Memory: 16147M
 Large Page Support: Disabled
 NUMA Support: Disabled
 Compressed Oops: Enabled (Zero based)
 Heap Region Size: 2M
 Heap Min Capacity: 8M
 Heap Initial Capacity: 254M
 Heap Max Capacity: 4038M
 Pre-touch: Disabled
 Parallel Workers: 10
 Concurrent Workers: 3
 Concurrent Refinement Workers: 10
 Periodic GC: Disabled

Heap:
 garbage-first heap   total 86016K, used 78948K [0x0000000703a00000, 0x0000000800000000)
  region size 2048K, 21 young (43008K), 2 survivors (4096K)
 Metaspace       used 80787K, committed 81536K, reserved 1179648K
  class space    used 11375K, committed 11712K, reserved 1048576K

Heap Regions: E=young(eden), S=young(survivor), O=old, HS=humongous(starts), HC=humongous(continues), CS=collection set, F=free, TAMS=top-at-mark-start, PB=parsable bottom
|   0|0x0000000703a00000, 0x0000000703c00000, 0x0000000703c00000|100%| O|  |TAMS 0x0000000703a00000| PB 0x0000000703a00000| Untracked 
|   1|0x0000000703c00000, 0x0000000703e00000, 0x0000000703e00000|100%| O|  |TAMS 0x0000000703c00000| PB 0x0000000703c00000| Untracked 
|   2|0x0000000703e00000, 0x0000000704000000, 0x0000000704000000|100%| O|Cm|TAMS 0x0000000703e00000| PB 0x0000000703e00000| Complete 
|   3|0x0000000704000000, 0x0000000704200000, 0x0000000704200000|100%| O|  |TAMS 0x0000000704000000| PB 0x0000000704000000| Untracked 
|   4|0x0000000704200000, 0x0000000704400000, 0x0000000704400000|100%| O|  |TAMS 0x0000000704200000| PB 0x0000000704200000| Untracked 
|   5|0x0000000704400000, 0x0000000704600000, 0x0000000704600000|100%| O|  |TAMS 0x0000000704400000| PB 0x0000000704400000| Untracked 
|   6|0x0000000704600000, 0x0000000704800000, 0x0000000704800000|100%| O|  |TAMS 0x0000000704600000| PB 0x0000000704600000| Untracked 
|   7|0x0000000704800000, 0x0000000704a00000, 0x0000000704a00000|100%| O|  |TAMS 0x0000000704800000| PB 0x0000000704800000| Untracked 
|   8|0x0000000704a00000, 0x0000000704c00000, 0x0000000704c00000|100%| O|  |TAMS 0x0000000704a00000| PB 0x0000000704a00000| Untracked 
|   9|0x0000000704c00000, 0x0000000704e00000, 0x0000000704e00000|100%| O|  |TAMS 0x0000000704c00000| PB 0x0000000704c00000| Untracked 
|  10|0x0000000704e00000, 0x0000000705000000, 0x0000000705000000|100%|HS|  |TAMS 0x0000000704e00000| PB 0x0000000704e00000| Complete 
|  11|0x0000000705000000, 0x0000000705200000, 0x0000000705200000|100%| O|  |TAMS 0x0000000705000000| PB 0x0000000705000000| Untracked 
|  12|0x0000000705200000, 0x0000000705400000, 0x0000000705400000|100%| O|  |TAMS 0x0000000705200000| PB 0x0000000705200000| Untracked 
|  13|0x0000000705400000, 0x0000000705600000, 0x0000000705600000|100%| O|  |TAMS 0x0000000705400000| PB 0x0000000705400000| Untracked 
|  14|0x0000000705600000, 0x0000000705800000, 0x0000000705800000|100%|HS|  |TAMS 0x0000000705600000| PB 0x0000000705600000| Complete 
|  15|0x0000000705800000, 0x0000000705a00000, 0x0000000705a00000|100%|HC|  |TAMS 0x0000000705800000| PB 0x0000000705800000| Complete 
|  16|0x0000000705a00000, 0x0000000705c00000, 0x0000000705c00000|100%| O|  |TAMS 0x0000000705a00000| PB 0x0000000705a00000| Untracked 
|  17|0x0000000705c00000, 0x0000000705e00000, 0x0000000705e00000|100%| O|  |TAMS 0x0000000705c00000| PB 0x0000000705c00000| Untracked 
|  18|0x0000000705e00000, 0x0000000706000000, 0x0000000706000000|100%| O|  |TAMS 0x0000000705e00000| PB 0x0000000705e00000| Untracked 
|  19|0x0000000706000000, 0x0000000706200000, 0x0000000706200000|100%| S|  |TAMS 0x0000000706000000| PB 0x0000000706000000| Complete 
|  20|0x0000000706200000, 0x0000000706400000, 0x0000000706400000|100%| E|CS|TAMS 0x0000000706200000| PB 0x0000000706200000| Complete 
|  21|0x0000000706400000, 0x0000000706600000, 0x0000000706600000|100%| E|CS|TAMS 0x0000000706400000| PB 0x0000000706400000| Complete 
|  22|0x0000000706600000, 0x0000000706800000, 0x0000000706800000|100%| E|CS|TAMS 0x0000000706600000| PB 0x0000000706600000| Complete 
|  23|0x0000000706800000, 0x0000000706a00000, 0x0000000706a00000|100%| E|CS|TAMS 0x0000000706800000| PB 0x0000000706800000| Complete 
|  24|0x0000000706a00000, 0x0000000706c00000, 0x0000000706c00000|100%| E|CS|TAMS 0x0000000706a00000| PB 0x0000000706a00000| Complete 
|  25|0x0000000706c00000, 0x0000000706e00000, 0x0000000706e00000|100%| E|CS|TAMS 0x0000000706c00000| PB 0x0000000706c00000| Complete 
|  26|0x0000000706e00000, 0x0000000707000000, 0x0000000707000000|100%| E|CS|TAMS 0x0000000706e00000| PB 0x0000000706e00000| Complete 
|  27|0x0000000707000000, 0x0000000707200000, 0x0000000707200000|100%| E|CS|TAMS 0x0000000707000000| PB 0x0000000707000000| Complete 
|  28|0x0000000707200000, 0x0000000707400000, 0x0000000707400000|100%| E|CS|TAMS 0x0000000707200000| PB 0x0000000707200000| Complete 
|  29|0x0000000707400000, 0x0000000707600000, 0x0000000707600000|100%| E|CS|TAMS 0x0000000707400000| PB 0x0000000707400000| Complete 
|  30|0x0000000707600000, 0x0000000707800000, 0x0000000707800000|100%| E|CS|TAMS 0x0000000707600000| PB 0x0000000707600000| Complete 
|  31|0x0000000707800000, 0x0000000707a00000, 0x0000000707a00000|100%| E|CS|TAMS 0x0000000707800000| PB 0x0000000707800000| Complete 
|  32|0x0000000707a00000, 0x0000000707c00000, 0x0000000707c00000|100%| E|CS|TAMS 0x0000000707a00000| PB 0x0000000707a00000| Complete 
|  33|0x0000000707c00000, 0x0000000707e00000, 0x0000000707e00000|100%| E|CS|TAMS 0x0000000707c00000| PB 0x0000000707c00000| Complete 
|  34|0x0000000707e00000, 0x0000000708000000, 0x0000000708000000|100%| S|  |TAMS 0x0000000707e00000| PB 0x0000000707e00000| Complete 
|  95|0x000000070f800000, 0x000000070f9b1e10, 0x000000070fa00000| 84%| E|CS|TAMS 0x000000070f800000| PB 0x000000070f800000| Complete 
|  96|0x000000070fa00000, 0x000000070fc00000, 0x000000070fc00000|100%| E|CS|TAMS 0x000000070fa00000| PB 0x000000070fa00000| Complete 
|  97|0x000000070fc00000, 0x000000070fe00000, 0x000000070fe00000|100%| E|CS|TAMS 0x000000070fc00000| PB 0x000000070fc00000| Complete 
|  98|0x000000070fe00000, 0x0000000710000000, 0x0000000710000000|100%| E|CS|TAMS 0x000000070fe00000| PB 0x000000070fe00000| Complete 
|  99|0x0000000710000000, 0x0000000710200000, 0x0000000710200000|100%| E|CS|TAMS 0x0000000710000000| PB 0x0000000710000000| Complete 
| 125|0x0000000713400000, 0x0000000713600000, 0x0000000713600000|100%| E|CS|TAMS 0x0000000713400000| PB 0x0000000713400000| Complete 
| 126|0x0000000713600000, 0x0000000713800000, 0x0000000713800000|100%| E|CS|TAMS 0x0000000713600000| PB 0x0000000713600000| Complete 

Card table byte_map: [0x000001e165a90000,0x000001e166280000] _byte_map_base: 0x000001e162273000

Marking Bits: (CMBitMap*) 0x000001e14d94c560
 Bits: [0x000001e166280000, 0x000001e16a198000)

Polling page: 0x000001e14d0a0000

Metaspace:

Usage:
  Non-class:     67.78 MB used.
      Class:     11.11 MB used.
       Both:     78.89 MB used.

Virtual space:
  Non-class space:      128.00 MB reserved,      68.19 MB ( 53%) committed,  2 nodes.
      Class space:        1.00 GB reserved,      11.44 MB (  1%) committed,  1 nodes.
             Both:        1.12 GB reserved,      79.62 MB (  7%) committed. 

Chunk freelists:
   Non-Class:  11.27 MB
       Class:  4.44 MB
        Both:  15.71 MB

MaxMetaspaceSize: unlimited
CompressedClassSpaceSize: 1.00 GB
Initial GC threshold: 21.00 MB
Current GC threshold: 122.19 MB
CDS: on
 - commit_granule_bytes: 65536.
 - commit_granule_words: 8192.
 - virtual_space_node_default_size: 8388608.
 - enlarge_chunks_in_place: 1.
 - use_allocation_guard: 0.


Internal statistics:

num_allocs_failed_limit: 11.
num_arena_births: 1070.
num_arena_deaths: 0.
num_vsnodes_births: 3.
num_vsnodes_deaths: 0.
num_space_committed: 1274.
num_space_uncommitted: 0.
num_chunks_returned_to_freelist: 11.
num_chunks_taken_from_freelist: 3991.
num_chunk_merges: 8.
num_chunk_splits: 2936.
num_chunks_enlarged: 2363.
num_inconsistent_stats: 0.

CodeHeap 'non-profiled nmethods': size=120000Kb used=5120Kb max_used=5120Kb free=114879Kb
 bounds [0x000001e15d820000, 0x000001e15dd30000, 0x000001e164d50000]
CodeHeap 'profiled nmethods': size=120000Kb used=13321Kb max_used=13321Kb free=106679Kb
 bounds [0x000001e155d50000, 0x000001e156a60000, 0x000001e15d280000]
CodeHeap 'non-nmethods': size=5760Kb used=2452Kb max_used=2486Kb free=3307Kb
 bounds [0x000001e15d280000, 0x000001e15d500000, 0x000001e15d820000]
 total_blobs=8304 nmethods=7231 adapters=974
 compilation: enabled
              stopped_count=0, restarted_count=0
 full_count=0

Compilation events (20 events):
Event: 9.859 Thread 0x000001e17139b1e0 nmethod 8260 0x000001e15dd13d10 code [0x000001e15dd13e80, 0x000001e15dd13f20]
Event: 9.859 Thread 0x000001e17139b1e0 8269       4       java.util.Collections$UnmodifiableCollection$1::hasNext (10 bytes)
Event: 9.859 Thread 0x000001e17139b1e0 nmethod 8269 0x000001e15dd14010 code [0x000001e15dd141a0, 0x000001e15dd14258]
Event: 9.894 Thread 0x000001e171034080 nmethod 8217 0x000001e15dd14310 code [0x000001e15dd14600, 0x000001e15dd18dd0]
Event: 9.899 Thread 0x000001e171036740 8270       1       com.sun.scenario.animation.AnimationPulse::getEnabled (5 bytes)
Event: 9.899 Thread 0x000001e171036740 nmethod 8270 0x000001e15dd1ca90 code [0x000001e15dd1cc20, 0x000001e15dd1ccf0]
Event: 9.913 Thread 0x000001e17139b1e0 8271       4       java.util.EnumSet::noneOf (63 bytes)
Event: 9.914 Thread 0x000001e171036740 8272       3       org.springframework.data.repository.core.support.MethodLookups$RepositoryAwareMethodLookup$$Lambda/0x000001e1018f3318::test (10 bytes)
Event: 9.914 Thread 0x000001e171036740 nmethod 8272 0x000001e156a4f390 code [0x000001e156a4f540, 0x000001e156a4f690]
Event: 9.914 Thread 0x000001e171036740 8273       3       org.springframework.data.repository.core.support.MethodLookups$RepositoryAwareMethodLookup::lambda$getLookups$3 (36 bytes)
Event: 9.915 Thread 0x000001e171036740 nmethod 8273 0x000001e156a4f790 code [0x000001e156a4fba0, 0x000001e156a51ba8]
Event: 9.932 Thread 0x000001e17139b1e0 nmethod 8271 0x000001e15dd1cd90 code [0x000001e15dd1d180, 0x000001e15dd1e6f0]
Event: 9.933 Thread 0x000001e171036740 8274   !   3       java.util.zip.InflaterInputStream::read (129 bytes)
Event: 9.934 Thread 0x000001e171036740 nmethod 8274 0x000001e156a52590 code [0x000001e156a52860, 0x000001e156a535f0]
Event: 9.935 Thread 0x000001e171034080 8275 % !   4       java.util.concurrent.ConcurrentHashMap::transfer @ 96 (849 bytes)
Event: 9.936 Thread 0x000001e17139b1e0 8276       4       java.io.RandomAccessFile::readFully (45 bytes)
Event: 9.937 Thread 0x000001e171036740 8278       1       org.hibernate.query.sqm.tree.jpa.AbstractJpaTupleElement::getNodeType (5 bytes)
Event: 9.937 Thread 0x000001e171036740 nmethod 8278 0x000001e15dd1fb10 code [0x000001e15dd1fca0, 0x000001e15dd1fd70]
Event: 9.937 Thread 0x000001e171036740 8277       1       org.hibernate.type.descriptor.jdbc.VarcharJdbcType::getJdbcTypeCode (3 bytes)
Event: 9.937 Thread 0x000001e171036740 nmethod 8277 0x000001e15dd1fe10 code [0x000001e15dd1ffa0, 0x000001e15dd20068]

GC Heap History (20 events):
Event: 1.806 GC heap after
{Heap after GC invocations=5 (full 0):
 garbage-first heap   total 69632K, used 16219K [0x0000000703a00000, 0x0000000800000000)
  region size 2048K, 2 young (4096K), 2 survivors (4096K)
 Metaspace       used 24905K, committed 25280K, reserved 1114112K
  class space    used 3181K, committed 3392K, reserved 1048576K
}
Event: 2.237 GC heap before
{Heap before GC invocations=5 (full 0):
 garbage-first heap   total 69632K, used 48987K [0x0000000703a00000, 0x0000000800000000)
  region size 2048K, 18 young (36864K), 2 survivors (4096K)
 Metaspace       used 28098K, committed 28544K, reserved 1114112K
  class space    used 3572K, committed 3776K, reserved 1048576K
}
Event: 2.240 GC heap after
{Heap after GC invocations=6 (full 0):
 garbage-first heap   total 69632K, used 18576K [0x0000000703a00000, 0x0000000800000000)
  region size 2048K, 2 young (4096K), 2 survivors (4096K)
 Metaspace       used 28098K, committed 28544K, reserved 1114112K
  class space    used 3572K, committed 3776K, reserved 1048576K
}
Event: 2.628 GC heap before
{Heap before GC invocations=6 (full 0):
 garbage-first heap   total 69632K, used 53392K [0x0000000703a00000, 0x0000000800000000)
  region size 2048K, 19 young (38912K), 2 survivors (4096K)
 Metaspace       used 32043K, committed 32576K, reserved 1114112K
  class space    used 4121K, committed 4352K, reserved 1048576K
}
Event: 2.632 GC heap after
{Heap after GC invocations=7 (full 0):
 garbage-first heap   total 69632K, used 20796K [0x0000000703a00000, 0x0000000800000000)
  region size 2048K, 3 young (6144K), 3 survivors (6144K)
 Metaspace       used 32043K, committed 32576K, reserved 1114112K
  class space    used 4121K, committed 4352K, reserved 1048576K
}
Event: 2.923 GC heap before
{Heap before GC invocations=7 (full 0):
 garbage-first heap   total 69632K, used 39228K [0x0000000703a00000, 0x0000000800000000)
  region size 2048K, 13 young (26624K), 3 survivors (6144K)
 Metaspace       used 35526K, committed 36096K, reserved 1114112K
  class space    used 4581K, committed 4864K, reserved 1048576K
}
Event: 2.927 GC heap after
{Heap after GC invocations=8 (full 0):
 garbage-first heap   total 69632K, used 22400K [0x0000000703a00000, 0x0000000800000000)
  region size 2048K, 3 young (6144K), 3 survivors (6144K)
 Metaspace       used 35526K, committed 36096K, reserved 1114112K
  class space    used 4581K, committed 4864K, reserved 1048576K
}
Event: 3.260 GC heap before
{Heap before GC invocations=9 (full 0):
 garbage-first heap   total 69632K, used 53120K [0x0000000703a00000, 0x0000000800000000)
  region size 2048K, 19 young (38912K), 3 survivors (6144K)
 Metaspace       used 41427K, committed 41984K, reserved 1114112K
  class space    used 5260K, committed 5504K, reserved 1048576K
}
Event: 3.263 GC heap after
{Heap after GC invocations=10 (full 0):
 garbage-first heap   total 83968K, used 24142K [0x0000000703a00000, 0x0000000800000000)
  region size 2048K, 2 young (4096K), 2 survivors (4096K)
 Metaspace       used 41427K, committed 41984K, reserved 1114112K
  class space    used 5260K, committed 5504K, reserved 1048576K
}
Event: 3.989 GC heap before
{Heap before GC invocations=10 (full 0):
 garbage-first heap   total 83968K, used 67150K [0x0000000703a00000, 0x0000000800000000)
  region size 2048K, 24 young (49152K), 2 survivors (4096K)
 Metaspace       used 53020K, committed 53632K, reserved 1114112K
  class space    used 6967K, committed 7232K, reserved 1048576K
}
Event: 3.993 GC heap after
{Heap after GC invocations=11 (full 0):
 garbage-first heap   total 83968K, used 25816K [0x0000000703a00000, 0x0000000800000000)
  region size 2048K, 3 young (6144K), 3 survivors (6144K)
 Metaspace       used 53020K, committed 53632K, reserved 1114112K
  class space    used 6967K, committed 7232K, reserved 1048576K
}
Event: 4.386 GC heap before
{Heap before GC invocations=11 (full 0):
 garbage-first heap   total 83968K, used 50392K [0x0000000703a00000, 0x0000000800000000)
  region size 2048K, 17 young (34816K), 3 survivors (6144K)
 Metaspace       used 60047K, committed 60608K, reserved 1114112K
  class space    used 8115K, committed 8384K, reserved 1048576K
}
Event: 4.390 GC heap after
{Heap after GC invocations=12 (full 0):
 garbage-first heap   total 83968K, used 26813K [0x0000000703a00000, 0x0000000800000000)
  region size 2048K, 2 young (4096K), 2 survivors (4096K)
 Metaspace       used 60047K, committed 60608K, reserved 1114112K
  class space    used 8115K, committed 8384K, reserved 1048576K
}
Event: 5.022 GC heap before
{Heap before GC invocations=13 (full 0):
 garbage-first heap   total 83968K, used 71869K [0x0000000703a00000, 0x0000000800000000)
  region size 2048K, 24 young (49152K), 2 survivors (4096K)
 Metaspace       used 68129K, committed 68928K, reserved 1114112K
  class space    used 9285K, committed 9664K, reserved 1048576K
}
Event: 5.029 GC heap after
{Heap after GC invocations=14 (full 0):
 garbage-first heap   total 83968K, used 30937K [0x0000000703a00000, 0x0000000800000000)
  region size 2048K, 3 young (6144K), 3 survivors (6144K)
 Metaspace       used 68129K, committed 68928K, reserved 1114112K
  class space    used 9285K, committed 9664K, reserved 1048576K
}
Event: 5.477 GC heap before
{Heap before GC invocations=14 (full 0):
 garbage-first heap   total 83968K, used 69849K [0x0000000703a00000, 0x0000000800000000)
  region size 2048K, 22 young (45056K), 3 survivors (6144K)
 Metaspace       used 72485K, committed 73152K, reserved 1114112K
  class space    used 9864K, committed 10176K, reserved 1048576K
}
Event: 5.482 GC heap after
{Heap after GC invocations=15 (full 0):
 garbage-first heap   total 83968K, used 33152K [0x0000000703a00000, 0x0000000800000000)
  region size 2048K, 2 young (4096K), 2 survivors (4096K)
 Metaspace       used 72485K, committed 73152K, reserved 1114112K
  class space    used 9864K, committed 10176K, reserved 1048576K
}
Event: 5.606 GC heap before
{Heap before GC invocations=15 (full 0):
 garbage-first heap   total 83968K, used 41344K [0x0000000703a00000, 0x0000000800000000)
  region size 2048K, 7 young (14336K), 2 survivors (4096K)
 Metaspace       used 74090K, committed 74880K, reserved 1114112K
  class space    used 10116K, committed 10496K, reserved 1048576K
}
Event: 5.609 GC heap after
{Heap after GC invocations=16 (full 0):
 garbage-first heap   total 83968K, used 33892K [0x0000000703a00000, 0x0000000800000000)
  region size 2048K, 2 young (4096K), 2 survivors (4096K)
 Metaspace       used 74090K, committed 74880K, reserved 1114112K
  class space    used 10116K, committed 10496K, reserved 1048576K
}
Event: 9.937 GC heap before
{Heap before GC invocations=17 (full 0):
 garbage-first heap   total 83968K, used 78948K [0x0000000703a00000, 0x0000000800000000)
  region size 2048K, 21 young (43008K), 2 survivors (4096K)
 Metaspace       used 80787K, committed 81536K, reserved 1179648K
  class space    used 11375K, committed 11712K, reserved 1048576K
}

Dll operation events (20 events):
Event: 0.286 Loaded shared library C:\Users\rakge\.openjfx\cache\23.0.1+4\amd64\api-ms-win-crt-runtime-l1-1-0.dll
Event: 0.288 Loaded shared library C:\Users\rakge\.openjfx\cache\23.0.1+4\amd64\api-ms-win-crt-stdio-l1-1-0.dll
Event: 0.290 Loaded shared library C:\Users\rakge\.openjfx\cache\23.0.1+4\amd64\api-ms-win-crt-string-l1-1-0.dll
Event: 0.292 Loaded shared library C:\Users\rakge\.openjfx\cache\23.0.1+4\amd64\api-ms-win-crt-time-l1-1-0.dll
Event: 0.294 Loaded shared library C:\Users\rakge\.openjfx\cache\23.0.1+4\amd64\api-ms-win-crt-utility-l1-1-0.dll
Event: 0.304 Loaded shared library C:\Users\rakge\.openjfx\cache\23.0.1+4\amd64\ucrtbase.dll
Event: 0.306 Loaded shared library C:\Users\rakge\.openjfx\cache\23.0.1+4\amd64\vcruntime140.dll
Event: 0.309 Loaded shared library C:\Users\rakge\.openjfx\cache\23.0.1+4\amd64\vcruntime140_1.dll
Event: 0.315 Loaded shared library C:\Users\rakge\.openjfx\cache\23.0.1+4\amd64\msvcp140.dll
Event: 0.317 Loaded shared library C:\Users\rakge\.openjfx\cache\23.0.1+4\amd64\msvcp140_1.dll
Event: 0.321 Loaded shared library C:\Users\rakge\.openjfx\cache\23.0.1+4\amd64\msvcp140_2.dll
Event: 0.345 Loaded shared library C:\Users\rakge\.openjfx\cache\23.0.1+4\amd64\prism_d3d.dll
Event: 0.406 Loaded shared library C:\Users\rakge\.openjfx\cache\23.0.1+4\amd64\glass.dll
Event: 0.544 Loaded shared library C:\Program Files\Java\jdk-21\bin\jimage.dll
Event: 0.847 Loaded shared library C:\Users\rakge\.openjfx\cache\23.0.1+4\amd64\javafx_font.dll
Event: 1.594 Loaded shared library C:\Program Files\Java\jdk-21\bin\sunmscapi.dll
Event: 2.848 Loaded shared library C:\Program Files\Java\jdk-21\bin\management.dll
Event: 2.850 Loaded shared library C:\Program Files\Java\jdk-21\bin\management_ext.dll
Event: 3.449 Loaded shared library C:\Program Files\Java\jdk-21\bin\verify.dll
Event: 5.299 Loaded shared library C:\Program Files\Java\jdk-21\bin\extnet.dll

Deoptimization events (20 events):
Event: 8.830 Thread 0x000001e17100faa0 DEOPT PACKING pc=0x000001e156a00d42 sp=0x000000061f5fd0f0
Event: 8.830 Thread 0x000001e17100faa0 DEOPT UNPACKING pc=0x000001e15d2d88e2 sp=0x000000061f5fc558 mode 0
Event: 8.831 Thread 0x000001e17100faa0 DEOPT PACKING pc=0x000001e156a00d42 sp=0x000000061f5fd120
Event: 8.831 Thread 0x000001e17100faa0 DEOPT UNPACKING pc=0x000001e15d2d88e2 sp=0x000000061f5fc588 mode 0
Event: 9.820 Thread 0x000001e17100faa0 Uncommon trap: trap_request=0xffffff6e fr.pc=0x000001e15dcfe230 relative=0x00000000000007f0
Event: 9.820 Thread 0x000001e17100faa0 Uncommon trap: reason=loop_limit_check action=maybe_recompile pc=0x000001e15dcfe230 method=com.sun.javafx.geom.transform.AffineBase.doTransform([FI[FIII)V @ 464 c2
Event: 9.820 Thread 0x000001e17100faa0 DEOPT PACKING pc=0x000001e15dcfe230 sp=0x000000061f5fca70
Event: 9.820 Thread 0x000001e17100faa0 DEOPT UNPACKING pc=0x000001e15d2d7da2 sp=0x000000061f5fc9a8 mode 2
Event: 9.821 Thread 0x000001e17100faa0 DEOPT PACKING pc=0x000001e1569ea370 sp=0x000000061f5fca10
Event: 9.821 Thread 0x000001e17100faa0 DEOPT UNPACKING pc=0x000001e15d2d88e2 sp=0x000000061f5fbe60 mode 0
Event: 9.822 Thread 0x000001e17100faa0 DEOPT PACKING pc=0x000001e1569ea370 sp=0x000000061f5fc210
Event: 9.822 Thread 0x000001e17100faa0 DEOPT UNPACKING pc=0x000001e15d2d88e2 sp=0x000000061f5fb660 mode 0
Event: 9.822 Thread 0x000001e17100faa0 DEOPT PACKING pc=0x000001e1569ea370 sp=0x000000061f5fc210
Event: 9.822 Thread 0x000001e17100faa0 DEOPT UNPACKING pc=0x000001e15d2d88e2 sp=0x000000061f5fb660 mode 0
Event: 9.823 Thread 0x000001e17100faa0 DEOPT PACKING pc=0x000001e1569ea370 sp=0x000000061f5fc210
Event: 9.823 Thread 0x000001e17100faa0 DEOPT UNPACKING pc=0x000001e15d2d88e2 sp=0x000000061f5fb660 mode 0
Event: 9.917 Thread 0x000001e17100d9d0 Uncommon trap: trap_request=0xffffff45 fr.pc=0x000001e15dc5e72c relative=0x000000000000128c
Event: 9.917 Thread 0x000001e17100d9d0 Uncommon trap: reason=unstable_if action=reinterpret pc=0x000001e15dc5e72c method=java.util.zip.InflaterInputStream.read([BII)I @ 94 c2
Event: 9.917 Thread 0x000001e17100d9d0 DEOPT PACKING pc=0x000001e15dc5e72c sp=0x000000061f8f9400
Event: 9.917 Thread 0x000001e17100d9d0 DEOPT UNPACKING pc=0x000001e15d2d7da2 sp=0x000000061f8f9430 mode 2

Classes loaded (20 events):
Event: 5.623 Loading class java/lang/FdLibm$Atan2
Event: 5.623 Loading class java/lang/FdLibm$Atan2 done
Event: 5.623 Loading class java/lang/FdLibm
Event: 5.623 Loading class java/lang/FdLibm done
Event: 6.571 Loading class java/util/EnumMap$Values
Event: 6.571 Loading class java/util/EnumMap$Values done
Event: 6.571 Loading class java/util/EnumMap$ValueIterator
Event: 6.571 Loading class java/util/EnumMap$ValueIterator done
Event: 7.129 Loading class jdk/internal/math/FDBigInteger
Event: 7.130 Loading class jdk/internal/math/FDBigInteger done
Event: 7.162 Loading class java/lang/foreign/MemorySegment
Event: 7.162 Loading class java/lang/foreign/MemorySegment done
Event: 7.168 Loading class java/io/SequenceInputStream
Event: 7.168 Loading class java/io/SequenceInputStream done
Event: 7.421 Loading class java/lang/FdLibm$Hypot
Event: 7.421 Loading class java/lang/FdLibm$Hypot done
Event: 7.490 Loading class java/lang/FdLibm$Cbrt
Event: 7.490 Loading class java/lang/FdLibm$Cbrt done
Event: 7.490 Loading class java/lang/FdLibm$Acos
Event: 7.490 Loading class java/lang/FdLibm$Acos done

Classes unloaded (0 events):
No events

Classes redefined (0 events):
No events

Internal exceptions (20 events):
Event: 4.809 Thread 0x000001e17100d9d0 Exception <a 'java/lang/IncompatibleClassChangeError'{0x0000000707190b08}: Found class java.lang.Object, but interface was expected> (0x0000000707190b08) 
thrown [s\open\src\hotspot\share\interpreter\linkResolver.cpp, line 840]
Event: 4.910 Thread 0x000001e17100d9d0 Exception <a 'java/lang/NoSuchMethodError'{0x00000007064e2fd8}: 'java.lang.Object java.lang.invoke.DirectMethodHandle$Holder.newInvokeSpecial(java.lang.Object, java.lang.Object, java.lang.Object, java.lang.Object, java.lang.Object, java.lang.Object, java.lang.Object, java.lang.Object)'> (0x00000007064e2fd8) 
thrown [s\open\src\hotspot\share\interpreter\linkResolver.cpp, line 773]
Event: 5.079 Thread 0x000001e17100d9d0 Exception <a 'java/lang/IncompatibleClassChangeError'{0x000000070fc949e0}: Found class java.lang.Object, but interface was expected> (0x000000070fc949e0) 
thrown [s\open\src\hotspot\share\interpreter\linkResolver.cpp, line 840]
Event: 5.110 Thread 0x000001e17100d9d0 Exception <a 'java/lang/NoSuchMethodError'{0x000000070fa24200}: 'void java.lang.invoke.DirectMethodHandle$Holder.invokeVirtual(java.lang.Object, java.lang.Object, long)'> (0x000000070fa24200) 
thrown [s\open\src\hotspot\share\interpreter\linkResolver.cpp, line 773]
Event: 5.158 Thread 0x000001e17100d9d0 Exception <a 'java/lang/NoSuchMethodError'{0x000000070f945b88}: 'int java.lang.invoke.DirectMethodHandle$Holder.invokeStaticInit(java.lang.Object, java.lang.Object, java.lang.Object, java.lang.Object)'> (0x000000070f945b88) 
thrown [s\open\src\hotspot\share\interpreter\linkResolver.cpp, line 773]
Event: 5.200 Thread 0x000001e17100d9d0 Exception <a 'java/lang/IncompatibleClassChangeError'{0x0000000707dc65d8}: Found class java.lang.Object, but interface was expected> (0x0000000707dc65d8) 
thrown [s\open\src\hotspot\share\interpreter\linkResolver.cpp, line 840]
Event: 5.207 Thread 0x000001e17100d9d0 Implicit null exception at 0x000001e15da074e8 to 0x000001e15da07724
Event: 5.292 Thread 0x000001e17100d9d0 Exception <a 'java/lang/NoSuchMethodError'{0x000000070718d9a0}: 'java.lang.Object java.lang.invoke.DirectMethodHandle$Holder.newInvokeSpecial(java.lang.Object, java.lang.Object, int, java.lang.Object, java.lang.Object)'> (0x000000070718d9a0) 
thrown [s\open\src\hotspot\share\interpreter\linkResolver.cpp, line 773]
Event: 5.384 Thread 0x000001e17100d9d0 Exception <a 'java/lang/NoSuchMethodError'{0x0000000706b73710}: 'int java.lang.invoke.DirectMethodHandle$Holder.invokeStatic(java.lang.Object, java.lang.Object, int, int)'> (0x0000000706b73710) 
thrown [s\open\src\hotspot\share\interpreter\linkResolver.cpp, line 773]
Event: 5.504 Thread 0x000001e17100d9d0 Exception <a 'java/lang/IncompatibleClassChangeError'{0x00000007134786c8}: Found class java.lang.Object, but interface was expected> (0x00000007134786c8) 
thrown [s\open\src\hotspot\share\interpreter\linkResolver.cpp, line 840]
Event: 7.003 Thread 0x000001e17100d9d0 Exception <a 'java/lang/NoSuchMethodError'{0x0000000713581788}: 'long java.lang.invoke.DirectMethodHandle$Holder.invokeStatic(java.lang.Object, java.lang.Object, java.lang.Object)'> (0x0000000713581788) 
thrown [s\open\src\hotspot\share\interpreter\linkResolver.cpp, line 773]
Event: 7.003 Thread 0x000001e17100d9d0 Exception <a 'java/lang/NoSuchMethodError'{0x0000000713584b58}: 'long java.lang.invoke.DirectMethodHandle$Holder.invokeStaticInit(java.lang.Object, java.lang.Object, java.lang.Object)'> (0x0000000713584b58) 
thrown [s\open\src\hotspot\share\interpreter\linkResolver.cpp, line 773]
Event: 7.004 Thread 0x000001e17100d9d0 Exception <a 'java/lang/NoSuchMethodError'{0x0000000713598fb8}: 'java.lang.Object java.lang.invoke.DirectMethodHandle$Holder.newInvokeSpecial(java.lang.Object, java.lang.Object, long)'> (0x0000000713598fb8) 
thrown [s\open\src\hotspot\share\interpreter\linkResolver.cpp, line 773]
Event: 7.004 Thread 0x000001e17100d9d0 Exception <a 'java/lang/NoSuchMethodError'{0x000000071359c6a0}: 'java.lang.Object java.lang.invoke.Invokers$Holder.linkToTargetMethod(java.lang.Object, long, java.lang.Object)'> (0x000000071359c6a0) 
thrown [s\open\src\hotspot\share\interpreter\linkResolver.cpp, line 773]
Event: 7.136 Thread 0x000001e17100d9d0 Exception <a 'java/lang/NoSuchMethodError'{0x0000000707cd25f8}: 'java.lang.Object java.lang.invoke.DelegatingMethodHandle$Holder.reinvoke_L(java.lang.Object, double, double, double, double)'> (0x0000000707cd25f8) 
thrown [s\open\src\hotspot\share\interpreter\linkResolver.cpp, line 773]
Event: 7.140 Thread 0x000001e17100d9d0 Exception <a 'java/lang/NoSuchMethodError'{0x0000000707d279f8}: 'java.lang.Object java.lang.invoke.DirectMethodHandle$Holder.newInvokeSpecial(java.lang.Object, double)'> (0x0000000707d279f8) 
thrown [s\open\src\hotspot\share\interpreter\linkResolver.cpp, line 773]
Event: 7.148 Thread 0x000001e17100d9d0 Exception <a 'java/io/FileNotFoundException'{0x0000000707da19d0}> (0x0000000707da19d0) 
thrown [s\open\src\hotspot\share\prims\jni.cpp, line 520]
Event: 7.242 Thread 0x000001e17100d9d0 Exception <a 'java/lang/ClassNotFoundException'{0x00000007079623a0}: com/sun/javafx/scene/control/skin/resources/controls> (0x00000007079623a0) 
thrown [s\open\src\hotspot\share\prims\jni.cpp, line 539]
Event: 7.242 Thread 0x000001e17100d9d0 Exception <a 'java/lang/ClassNotFoundException'{0x00000007079708a0}: com/sun/javafx/scene/control/skin/resources/controls_en> (0x00000007079708a0) 
thrown [s\open\src\hotspot\share\prims\jni.cpp, line 539]
Event: 7.243 Thread 0x000001e17100d9d0 Exception <a 'java/lang/ClassNotFoundException'{0x00000007079727a0}: com/sun/javafx/scene/control/skin/resources/controls_en_US> (0x00000007079727a0) 
thrown [s\open\src\hotspot\share\prims\jni.cpp, line 539]

ZGC Phase Switch (0 events):
No events

VM Operations (20 events):
Event: 5.360 Executing VM operation: ICBufferFull done
Event: 5.477 Executing VM operation: G1CollectForAllocation (G1 Evacuation Pause)
Event: 5.482 Executing VM operation: G1CollectForAllocation (G1 Evacuation Pause) done
Event: 5.606 Executing VM operation: G1TryInitiateConcMark (G1 Humongous Allocation)
Event: 5.609 Executing VM operation: G1TryInitiateConcMark (G1 Humongous Allocation) done
Event: 5.626 Executing VM operation: G1PauseRemark
Event: 5.629 Executing VM operation: G1PauseRemark done
Event: 5.637 Executing VM operation: G1PauseCleanup
Event: 5.637 Executing VM operation: G1PauseCleanup done
Event: 7.175 Executing VM operation: ICBufferFull
Event: 7.175 Executing VM operation: ICBufferFull done
Event: 7.345 Executing VM operation: ICBufferFull
Event: 7.345 Executing VM operation: ICBufferFull done
Event: 7.452 Executing VM operation: ICBufferFull
Event: 7.452 Executing VM operation: ICBufferFull done
Event: 8.452 Executing VM operation: Cleanup
Event: 8.453 Executing VM operation: Cleanup done
Event: 9.453 Executing VM operation: Cleanup
Event: 9.453 Executing VM operation: Cleanup done
Event: 9.937 Executing VM operation: G1CollectForAllocation (G1 Evacuation Pause)

Events (20 events):
Event: 5.628 Thread 0x000001e16c8ca3b0 flushing nmethod 0x000001e1560e2910
Event: 5.628 Thread 0x000001e16c8ca3b0 flushing nmethod 0x000001e1560e2e10
Event: 5.628 Thread 0x000001e16c8ca3b0 flushing nmethod 0x000001e1560e5910
Event: 5.628 Thread 0x000001e16c8ca3b0 flushing nmethod 0x000001e15619ea10
Event: 5.628 Thread 0x000001e16c8ca3b0 flushing nmethod 0x000001e1561f0590
Event: 5.628 Thread 0x000001e16c8ca3b0 flushing nmethod 0x000001e156252c10
Event: 5.628 Thread 0x000001e16c8ca3b0 flushing nmethod 0x000001e156381c10
Event: 5.628 Thread 0x000001e16c8ca3b0 flushing nmethod 0x000001e156387e10
Event: 5.628 Thread 0x000001e16c8ca3b0 flushing nmethod 0x000001e15650b890
Event: 5.628 Thread 0x000001e16c8ca3b0 flushing nmethod 0x000001e1565f5290
Event: 5.628 Thread 0x000001e16c8ca3b0 flushing nmethod 0x000001e1565f7290
Event: 6.572 Thread 0x000001e176eedb90 Thread exited: 0x000001e176eedb90
Event: 7.089 Thread 0x000001e17d9858f0 Thread added: 0x000001e17d9858f0
Event: 7.641 Thread 0x000001e17d9858f0 Thread exited: 0x000001e17d9858f0
Event: 8.190 Thread 0x000001e17139b1e0 Thread added: 0x000001e17139b1e0
Event: 8.475 Thread 0x000001e17139b1e0 Thread exited: 0x000001e17139b1e0
Event: 8.483 Thread 0x000001e176e68f20 Thread exited: 0x000001e176e68f20
Event: 8.718 Thread 0x000001e17139b1e0 Thread added: 0x000001e17139b1e0
Event: 9.163 Thread 0x000001e17139b1e0 Thread exited: 0x000001e17139b1e0
Event: 9.822 Thread 0x000001e17139b1e0 Thread added: 0x000001e17139b1e0


Dynamic libraries:
0x00007ff70f570000 - 0x00007ff70f580000 	C:\Program Files\Java\jdk-21\bin\java.exe
0x00007ffaae9b0000 - 0x00007ffaaebc7000 	C:\WINDOWS\SYSTEM32\ntdll.dll
0x00007ffaacd80000 - 0x00007ffaace44000 	C:\WINDOWS\System32\KERNEL32.DLL
0x00007ffaabcb0000 - 0x00007ffaac069000 	C:\WINDOWS\System32\KERNELBASE.dll
0x00007ffaac320000 - 0x00007ffaac431000 	C:\WINDOWS\System32\ucrtbase.dll
0x00007ffa92980000 - 0x00007ffa92999000 	C:\Program Files\Java\jdk-21\bin\jli.dll
0x00007ffa92960000 - 0x00007ffa9297b000 	C:\Program Files\Java\jdk-21\bin\VCRUNTIME140.dll
0x00007ffaae850000 - 0x00007ffaae902000 	C:\WINDOWS\System32\ADVAPI32.dll
0x00007ffaad5d0000 - 0x00007ffaad677000 	C:\WINDOWS\System32\msvcrt.dll
0x00007ffaaccd0000 - 0x00007ffaacd77000 	C:\WINDOWS\System32\sechost.dll
0x00007ffaac630000 - 0x00007ffaac658000 	C:\WINDOWS\System32\bcrypt.dll
0x00007ffaae730000 - 0x00007ffaae844000 	C:\WINDOWS\System32\RPCRT4.dll
0x00007ffaae4e0000 - 0x00007ffaae68e000 	C:\WINDOWS\System32\USER32.dll
0x00007ffaa19b0000 - 0x00007ffaa1c42000 	C:\WINDOWS\WinSxS\amd64_microsoft.windows.common-controls_6595b64144ccf1df_6.0.22621.4391_none_2715d37f73803e96\COMCTL32.dll
0x00007ffaac560000 - 0x00007ffaac586000 	C:\WINDOWS\System32\win32u.dll
0x00007ffaae4b0000 - 0x00007ffaae4d9000 	C:\WINDOWS\System32\GDI32.dll
0x00007ffaac440000 - 0x00007ffaac55b000 	C:\WINDOWS\System32\gdi32full.dll
0x00007ffaac590000 - 0x00007ffaac62a000 	C:\WINDOWS\System32\msvcp_win.dll
0x00007ffaa1170000 - 0x00007ffaa117a000 	C:\WINDOWS\SYSTEM32\VERSION.dll
0x00007ffaacf50000 - 0x00007ffaacf81000 	C:\WINDOWS\System32\IMM32.DLL
0x00007ffa940d0000 - 0x00007ffa940dc000 	C:\Program Files\Java\jdk-21\bin\vcruntime140_1.dll
0x00007ffa91c50000 - 0x00007ffa91cde000 	C:\Program Files\Java\jdk-21\bin\msvcp140.dll
0x00007ffa40a00000 - 0x00007ffa41713000 	C:\Program Files\Java\jdk-21\bin\server\jvm.dll
0x00007ffaad550000 - 0x00007ffaad5c1000 	C:\WINDOWS\System32\WS2_32.dll
0x00007ffaaab40000 - 0x00007ffaaab8d000 	C:\WINDOWS\SYSTEM32\POWRPROF.dll
0x00007ffaa2780000 - 0x00007ffaa27b4000 	C:\WINDOWS\SYSTEM32\WINMM.dll
0x00007ffaaab20000 - 0x00007ffaaab33000 	C:\WINDOWS\SYSTEM32\UMPDC.dll
0x00007ffaaad80000 - 0x00007ffaaad98000 	C:\WINDOWS\SYSTEM32\kernel.appcore.dll
0x00007ffa92950000 - 0x00007ffa9295a000 	C:\Program Files\Java\jdk-21\bin\jimage.dll
0x00007ffaa9100000 - 0x00007ffaa9332000 	C:\WINDOWS\SYSTEM32\DBGHELP.DLL
0x00007ffaacf90000 - 0x00007ffaad31f000 	C:\WINDOWS\System32\combase.dll
0x00007ffaada00000 - 0x00007ffaadad7000 	C:\WINDOWS\System32\OLEAUT32.dll
0x00007ffa916c0000 - 0x00007ffa916f2000 	C:\WINDOWS\SYSTEM32\dbgcore.DLL
0x00007ffaac2a0000 - 0x00007ffaac31b000 	C:\WINDOWS\System32\bcryptPrimitives.dll
0x00007ffa92930000 - 0x00007ffa9294f000 	C:\Program Files\Java\jdk-21\bin\java.dll
0x00007ffaadb80000 - 0x00007ffaae3f6000 	C:\WINDOWS\System32\SHELL32.dll
0x00007ffaa9bb0000 - 0x00007ffaaa4b3000 	C:\WINDOWS\SYSTEM32\windows.storage.dll
0x00007ffaa9a70000 - 0x00007ffaa9baf000 	C:\WINDOWS\SYSTEM32\wintypes.dll
0x00007ffaad6d0000 - 0x00007ffaad7c9000 	C:\WINDOWS\System32\SHCORE.dll
0x00007ffaad320000 - 0x00007ffaad37e000 	C:\WINDOWS\System32\shlwapi.dll
0x00007ffaabbe0000 - 0x00007ffaabc0b000 	C:\WINDOWS\SYSTEM32\profapi.dll
0x00007ffa6d430000 - 0x00007ffa6d507000 	C:\Program Files\Java\jdk-21\bin\jsvml.dll
0x00007ffa92920000 - 0x00007ffa92930000 	C:\Program Files\Java\jdk-21\bin\net.dll
0x00007ffaa4fa0000 - 0x00007ffaa50d6000 	C:\WINDOWS\SYSTEM32\WINHTTP.dll
0x00007ffaab260000 - 0x00007ffaab2c9000 	C:\WINDOWS\system32\mswsock.dll
0x00007ffa90140000 - 0x00007ffa90156000 	C:\Program Files\Java\jdk-21\bin\nio.dll
0x00007ffa8e690000 - 0x00007ffa8e6a8000 	C:\Program Files\Java\jdk-21\bin\zip.dll
0x000001e16cf70000 - 0x000001e16cf73000 	C:\Users\rakge\.openjfx\cache\23.0.1+4\amd64\api-ms-win-core-console-l1-1-0.dll
0x000001e16cf80000 - 0x000001e16cf83000 	C:\Users\rakge\.openjfx\cache\23.0.1+4\amd64\api-ms-win-core-console-l1-2-0.dll
0x000001e16cf90000 - 0x000001e16cf93000 	C:\Users\rakge\.openjfx\cache\23.0.1+4\amd64\api-ms-win-core-datetime-l1-1-0.dll
0x000001e16cfa0000 - 0x000001e16cfa3000 	C:\Users\rakge\.openjfx\cache\23.0.1+4\amd64\api-ms-win-core-debug-l1-1-0.dll
0x000001e16cfb0000 - 0x000001e16cfb3000 	C:\Users\rakge\.openjfx\cache\23.0.1+4\amd64\api-ms-win-core-errorhandling-l1-1-0.dll
0x000001e16cfc0000 - 0x000001e16cfc4000 	C:\Users\rakge\.openjfx\cache\23.0.1+4\amd64\api-ms-win-core-file-l1-1-0.dll
0x000001e16cfd0000 - 0x000001e16cfd3000 	C:\Users\rakge\.openjfx\cache\23.0.1+4\amd64\api-ms-win-core-file-l1-2-0.dll
0x000001e16cfe0000 - 0x000001e16cfe3000 	C:\Users\rakge\.openjfx\cache\23.0.1+4\amd64\api-ms-win-core-file-l2-1-0.dll
0x000001e16cff0000 - 0x000001e16cff3000 	C:\Users\rakge\.openjfx\cache\23.0.1+4\amd64\api-ms-win-core-handle-l1-1-0.dll
0x000001e171c00000 - 0x000001e171c03000 	C:\Users\rakge\.openjfx\cache\23.0.1+4\amd64\api-ms-win-core-heap-l1-1-0.dll
0x000001e171c10000 - 0x000001e171c13000 	C:\Users\rakge\.openjfx\cache\23.0.1+4\amd64\api-ms-win-core-interlocked-l1-1-0.dll
0x000001e171c20000 - 0x000001e171c23000 	C:\Users\rakge\.openjfx\cache\23.0.1+4\amd64\api-ms-win-core-libraryloader-l1-1-0.dll
0x000001e171c30000 - 0x000001e171c33000 	C:\Users\rakge\.openjfx\cache\23.0.1+4\amd64\api-ms-win-core-localization-l1-2-0.dll
0x000001e171c40000 - 0x000001e171c43000 	C:\Users\rakge\.openjfx\cache\23.0.1+4\amd64\api-ms-win-core-memory-l1-1-0.dll
0x000001e171c50000 - 0x000001e171c53000 	C:\Users\rakge\.openjfx\cache\23.0.1+4\amd64\api-ms-win-core-namedpipe-l1-1-0.dll
0x000001e171c60000 - 0x000001e171c63000 	C:\Users\rakge\.openjfx\cache\23.0.1+4\amd64\api-ms-win-core-processenvironment-l1-1-0.dll
0x000001e171c70000 - 0x000001e171c73000 	C:\Users\rakge\.openjfx\cache\23.0.1+4\amd64\api-ms-win-core-processthreads-l1-1-0.dll
0x000001e171c80000 - 0x000001e171c83000 	C:\Users\rakge\.openjfx\cache\23.0.1+4\amd64\api-ms-win-core-processthreads-l1-1-1.dll
0x000001e171c90000 - 0x000001e171c93000 	C:\Users\rakge\.openjfx\cache\23.0.1+4\amd64\api-ms-win-core-profile-l1-1-0.dll
0x000001e171ca0000 - 0x000001e171ca3000 	C:\Users\rakge\.openjfx\cache\23.0.1+4\amd64\api-ms-win-core-rtlsupport-l1-1-0.dll
0x000001e171cb0000 - 0x000001e171cb3000 	C:\Users\rakge\.openjfx\cache\23.0.1+4\amd64\api-ms-win-core-string-l1-1-0.dll
0x000001e171cc0000 - 0x000001e171cc3000 	C:\Users\rakge\.openjfx\cache\23.0.1+4\amd64\api-ms-win-core-synch-l1-1-0.dll
0x000001e171cd0000 - 0x000001e171cd3000 	C:\Users\rakge\.openjfx\cache\23.0.1+4\amd64\api-ms-win-core-synch-l1-2-0.dll
0x000001e171ce0000 - 0x000001e171ce3000 	C:\Users\rakge\.openjfx\cache\23.0.1+4\amd64\api-ms-win-core-sysinfo-l1-1-0.dll
0x000001e171cf0000 - 0x000001e171cf3000 	C:\Users\rakge\.openjfx\cache\23.0.1+4\amd64\api-ms-win-core-timezone-l1-1-0.dll
0x000001e171d00000 - 0x000001e171d03000 	C:\Users\rakge\.openjfx\cache\23.0.1+4\amd64\api-ms-win-core-util-l1-1-0.dll
0x000001e171d10000 - 0x000001e171d13000 	C:\Users\rakge\.openjfx\cache\23.0.1+4\amd64\api-ms-win-crt-conio-l1-1-0.dll
0x000001e171d20000 - 0x000001e171d24000 	C:\Users\rakge\.openjfx\cache\23.0.1+4\amd64\api-ms-win-crt-convert-l1-1-0.dll
0x000001e171d30000 - 0x000001e171d33000 	C:\Users\rakge\.openjfx\cache\23.0.1+4\amd64\api-ms-win-crt-environment-l1-1-0.dll
0x000001e171d40000 - 0x000001e171d43000 	C:\Users\rakge\.openjfx\cache\23.0.1+4\amd64\api-ms-win-crt-filesystem-l1-1-0.dll
0x000001e171d50000 - 0x000001e171d53000 	C:\Users\rakge\.openjfx\cache\23.0.1+4\amd64\api-ms-win-crt-heap-l1-1-0.dll
0x000001e171d60000 - 0x000001e171d63000 	C:\Users\rakge\.openjfx\cache\23.0.1+4\amd64\api-ms-win-crt-locale-l1-1-0.dll
0x000001e171d70000 - 0x000001e171d75000 	C:\Users\rakge\.openjfx\cache\23.0.1+4\amd64\api-ms-win-crt-math-l1-1-0.dll
0x000001e171d80000 - 0x000001e171d85000 	C:\Users\rakge\.openjfx\cache\23.0.1+4\amd64\api-ms-win-crt-multibyte-l1-1-0.dll
0x000001e171d90000 - 0x000001e171da0000 	C:\Users\rakge\.openjfx\cache\23.0.1+4\amd64\api-ms-win-crt-private-l1-1-0.dll
0x000001e171da0000 - 0x000001e171da3000 	C:\Users\rakge\.openjfx\cache\23.0.1+4\amd64\api-ms-win-crt-process-l1-1-0.dll
0x000001e171db0000 - 0x000001e171db4000 	C:\Users\rakge\.openjfx\cache\23.0.1+4\amd64\api-ms-win-crt-runtime-l1-1-0.dll
0x000001e171dc0000 - 0x000001e171dc4000 	C:\Users\rakge\.openjfx\cache\23.0.1+4\amd64\api-ms-win-crt-stdio-l1-1-0.dll
0x000001e171dd0000 - 0x000001e171dd4000 	C:\Users\rakge\.openjfx\cache\23.0.1+4\amd64\api-ms-win-crt-string-l1-1-0.dll
0x000001e171de0000 - 0x000001e171de3000 	C:\Users\rakge\.openjfx\cache\23.0.1+4\amd64\api-ms-win-crt-time-l1-1-0.dll
0x000001e171df0000 - 0x000001e171df3000 	C:\Users\rakge\.openjfx\cache\23.0.1+4\amd64\api-ms-win-crt-utility-l1-1-0.dll
0x00007ffa6d330000 - 0x00007ffa6d42c000 	C:\Users\rakge\.openjfx\cache\23.0.1+4\amd64\ucrtbase.dll
0x00007ffa8a770000 - 0x00007ffa8a78b000 	C:\Users\rakge\.openjfx\cache\23.0.1+4\amd64\vcruntime140.dll
0x00007ffa92910000 - 0x00007ffa9291c000 	C:\Users\rakge\.openjfx\cache\23.0.1+4\amd64\vcruntime140_1.dll
0x00007ffa710d0000 - 0x00007ffa7115e000 	C:\Users\rakge\.openjfx\cache\23.0.1+4\amd64\msvcp140.dll
0x00007ffa91c40000 - 0x00007ffa91c49000 	C:\Users\rakge\.openjfx\cache\23.0.1+4\amd64\msvcp140_1.dll
0x00007ffa6d2e0000 - 0x00007ffa6d321000 	C:\Users\rakge\.openjfx\cache\23.0.1+4\amd64\msvcp140_2.dll
0x00007ffa7f700000 - 0x00007ffa7f730000 	C:\Users\rakge\.openjfx\cache\23.0.1+4\amd64\prism_d3d.dll
0x00007ffa7ea60000 - 0x00007ffa7ec08000 	C:\WINDOWS\system32\d3d9.dll
0x00007ffaa6690000 - 0x00007ffaa66bb000 	C:\WINDOWS\SYSTEM32\dwmapi.dll
0x00007ffaa8fe0000 - 0x00007ffaa9017000 	C:\WINDOWS\SYSTEM32\dxcore.dll
0x00007ffaa6400000 - 0x00007ffaa64b1000 	C:\WINDOWS\system32\uxtheme.dll
0x00007ffa626b0000 - 0x00007ffa62771000 	C:\WINDOWS\System32\DriverStore\FileRepository\nvaci.inf_amd64_bcb4d5d133099d13\nvldumdx.dll
0x00007ffaab610000 - 0x00007ffaab622000 	C:\WINDOWS\SYSTEM32\msasn1.dll
0x00007ffaa1130000 - 0x00007ffaa1162000 	C:\WINDOWS\SYSTEM32\cryptnet.dll
0x00007ffaac070000 - 0x00007ffaac1d6000 	C:\WINDOWS\System32\CRYPT32.dll
0x00007ffaab4b0000 - 0x00007ffaab4bc000 	C:\WINDOWS\SYSTEM32\cryptbase.dll
0x00007ffaab560000 - 0x00007ffaab5a9000 	C:\WINDOWS\SYSTEM32\wldp.dll
0x00007ffaa0fc0000 - 0x00007ffaa1122000 	C:\WINDOWS\SYSTEM32\drvstore.dll
0x00007ffaab970000 - 0x00007ffaab99c000 	C:\WINDOWS\SYSTEM32\devobj.dll
0x00007ffaab9a0000 - 0x00007ffaab9ee000 	C:\WINDOWS\SYSTEM32\cfgmgr32.dll
0x00007ffaac660000 - 0x00007ffaac6cc000 	C:\WINDOWS\System32\wintrust.dll
0x00007ffaaccb0000 - 0x00007ffaacccf000 	C:\WINDOWS\System32\imagehlp.dll
0x00007ffaab4c0000 - 0x00007ffaab4db000 	C:\WINDOWS\SYSTEM32\CRYPTSP.dll
0x00007ffaaad40000 - 0x00007ffaaad75000 	C:\WINDOWS\system32\rsaenh.dll
0x00007ffa1a3d0000 - 0x00007ffa1c3be000 	C:\WINDOWS\System32\DriverStore\FileRepository\nvaci.inf_amd64_bcb4d5d133099d13\nvgpucomp64.dll
0x00007ffa2b400000 - 0x00007ffa2ce94000 	C:\WINDOWS\System32\DriverStore\FileRepository\nvaci.inf_amd64_bcb4d5d133099d13\nvd3dumx.dll
0x00007ffaa26d0000 - 0x00007ffaa2719000 	C:\WINDOWS\SYSTEM32\directxdatabasehelper.dll
0x00007ffa63fa0000 - 0x00007ffa63fe5000 	C:\Users\rakge\.openjfx\cache\23.0.1+4\amd64\glass.dll
0x00007ffaace50000 - 0x00007ffaacf4f000 	C:\WINDOWS\System32\COMDLG32.dll
0x00007ffaad390000 - 0x00007ffaad535000 	C:\WINDOWS\System32\ole32.dll
0x00007ffaacb50000 - 0x00007ffaaccb0000 	C:\WINDOWS\System32\MSCTF.dll
0x00007ffa61e20000 - 0x00007ffa620f0000 	C:\WINDOWS\system32\nvspcap64.dll
0x00007ffaaaef0000 - 0x00007ffaaaf24000 	C:\WINDOWS\SYSTEM32\ntmarta.dll
0x00007ffaab2f0000 - 0x00007ffaab316000 	C:\WINDOWS\SYSTEM32\gpapi.dll
0x00007ffa60530000 - 0x00007ffa60685000 	C:\WINDOWS\System32\DriverStore\FileRepository\nvaci.inf_amd64_bcb4d5d133099d13\nvppex.dll
0x00007ffaae400000 - 0x00007ffaae4b0000 	C:\WINDOWS\System32\clbcatq.dll
0x00007ffa91330000 - 0x00007ffa914a9000 	C:\Windows\System32\Windows.UI.dll
0x00007ffa8a530000 - 0x00007ffa8a6a5000 	C:\Windows\System32\Windows.UI.Immersive.dll
0x00007ffa7edd0000 - 0x00007ffa7ede5000 	C:\Users\rakge\.openjfx\cache\23.0.1+4\amd64\javafx_font.dll
0x00007ffaa42a0000 - 0x00007ffaa4513000 	C:\WINDOWS\SYSTEM32\dwrite.dll

dbghelp: loaded successfully - version: 4.0.5 - missing functions: none
symbol engine: initialized successfully - sym options: 0x614 - pdb path: .;C:\Program Files\Java\jdk-21\bin;C:\WINDOWS\SYSTEM32;C:\WINDOWS\WinSxS\amd64_microsoft.windows.common-controls_6595b64144ccf1df_6.0.22621.4391_none_2715d37f73803e96;C:\Program Files\Java\jdk-21\bin\server;C:\Users\rakge\.openjfx\cache\23.0.1+4\amd64;C:\WINDOWS\System32\DriverStore\FileRepository\nvaci.inf_amd64_bcb4d5d133099d13;C:\Program Files\Common Files\Microsoft Shared\Ink

VM Arguments:
jvm_args: --module-path=C:\Users\rakge\.m2\repository\org\openjfx\javafx-base\23.0.1\javafx-base-23.0.1-win.jar;C:\Users\rakge\.m2\repository\org\openjfx\javafx-base\23.0.1\javafx-base-23.0.1.jar;C:\Users\rakge\.m2\repository\org\openjfx\javafx-controls\23.0.1\javafx-controls-23.0.1-win.jar;C:\Users\rakge\.m2\repository\org\openjfx\javafx-controls\23.0.1\javafx-controls-23.0.1.jar;C:\Users\rakge\.m2\repository\org\openjfx\javafx-fxml\23.0.1\javafx-fxml-23.0.1-win.jar;C:\Users\rakge\.m2\repository\org\openjfx\javafx-fxml\23.0.1\javafx-fxml-23.0.1.jar;C:\Users\rakge\.m2\repository\org\openjfx\javafx-graphics\23.0.1\javafx-graphics-23.0.1-win.jar;C:\Users\rakge\.m2\repository\org\openjfx\javafx-graphics\23.0.1\javafx-graphics-23.0.1.jar --add-modules=javafx.base,javafx.controls,javafx.fxml,javafx.graphics 
java_command: com.spa.demo.frontend.Main
java_class_path (initial): C:\Users\rakge\IdeaProjects\SFM_Projekt_2.csoport\demo\target\classes;C:\Users\rakge\.m2\repository\ch\qos\logback\logback-classic\1.5.11\logback-classic-1.5.11.jar;C:\Users\rakge\.m2\repository\ch\qos\logback\logback-core\1.5.11\logback-core-1.5.11.jar;C:\Users\rakge\.m2\repository\com\fasterxml\classmate\1.7.0\classmate-1.7.0.jar;C:\Users\rakge\.m2\repository\com\fasterxml\jackson\core\jackson-annotations\2.17.2\jackson-annotations-2.17.2.jar;C:\Users\rakge\.m2\repository\com\fasterxml\jackson\core\jackson-core\2.17.2\jackson-core-2.17.2.jar;C:\Users\rakge\.m2\repository\com\fasterxml\jackson\core\jackson-databind\2.17.2\jackson-databind-2.17.2.jar;C:\Users\rakge\.m2\repository\com\fasterxml\jackson\datatype\jackson-datatype-jdk8\2.17.2\jackson-datatype-jdk8-2.17.2.jar;C:\Users\rakge\.m2\repository\com\fasterxml\jackson\datatype\jackson-datatype-jsr310\2.17.2\jackson-datatype-jsr310-2.17.2.jar;C:\Users\rakge\.m2\repository\com\fasterxml\jackson\module\jackson-module-parameter-names\2.17.2\jackson-module-parameter-names-2.17.2.jar;C:\Users\rakge\.m2\repository\com\h2database\h2\2.2.224\h2-2.2.224.jar;C:\Users\rakge\.m2\repository\com\sun\istack\istack-commons-runtime\4.1.2\istack-commons-runtime-4.1.2.jar;C:\Users\rakge\.m2\repository\com\zaxxer\HikariCP\5.1.0\HikariCP-5.1.0.jar;C:\Users\rakge\.m2\repository\io\micrometer\micrometer-commons\1.13.6\micrometer-commons-1.13.6.jar;C:\Users\rakge\.m2\repository\io\micrometer\micrometer-observation\1.13.6\micrometer-observation-1.13.6.jar;C:\Users\rakge\.m2\repository\io\smallrye\jandex\3.1.2\jandex-3.1.2.jar;C:\Users\rakge\.m2\repository\jakarta\activation\jakarta.activation-api\2.1.3\jakarta.activation-api-2.1.3.jar;C:\Users\rakge\.m2\repository\jakarta\annotation\jakarta.annotation-api\2.1.1\jakarta.annotation-api-2.1.1.jar;C:\Users\rakge\.m2\repository\jakarta\inject\jakarta.inject-api\2.0.1\jakarta.inject-api-2.0.1.jar;C:\Users\rakge\.m2\repository\jakarta\persistence\jakarta.persistence-api\3.1.0\jakarta.persistence-api-3.1.0.jar;C:\Users\rakge\.m2\repository\jakarta\transaction\jakarta.transaction-api\2.0.1\jakarta.transaction-api-2.0.1.jar;C:\Users\rakge\.m2\repository\jakarta\xml\bind\jakarta.xml.bind-api\4.0.2\jakarta.xml.bind-api-4.0.2.jar;C:\Users\rakge\.m2\repository\net\bytebuddy\byte-buddy\1.14.19\byte-buddy-1.14.19.jar;C:\Users\rakge\.m2\repository\org\antlr\antlr4-runtime\4.13.0\antlr4-runtime-4.13.0.jar;C:\Users\rakge\.m2\repository\org\apache\logging\log4j\log4j-api\2.23.1\log4j-api-2.23.1.jar;C:\Users\rakge\.m2\repository\org\apache\logging\log4j\log4j-to-slf4j\2.23.1\log4j-to-slf4j-2.23.1.jar;C:\Users\rakge\.m2\repository\org\apache\tomcat\embed\tomcat-embed-core\10.1.31\tomcat-embed-core-10.1.31.jar;C:\Users\rakge\.m2\repository\org\apache\tomcat\embed\tomcat-embed-el\10.1.31\tomcat-embed-el-10.1.31.jar;C:\Users\rakge\.m2\repository\org\apache\tomcat\embed\tomcat-embed-websocket\10.1.31\tomcat-embed-websocket-10.1.31.jar;C:\Users\rakge\.m2\repository\org\aspectj\aspectjweaver\1.9.22.1\aspectjweaver-1.9.22.1.jar;C:\Users\rakge\.m2\repository\org\attoparser\attoparser\2.0.7.RELEASE\attoparser-2.0.7.RELEASE.jar;C:\Users\rakge\.m2\repository\org\eclipse\angus\angus-activation\2.0.2\angus-activation-2.0.2.jar;C:\Users\rakge\.m2\repository\org\glassfish\jaxb\jaxb-core\4.0.5\jaxb-core-4.0.5.jar;C:\Users\rakge\.m2\repository\org\glassfish\jaxb\jaxb-runtime\4.0.5\jaxb-runtime-4.0.5.jar;C:\Users\rakge\.m2\repository\org\glassfish\jaxb\txw2\4.0.5\txw2-4.0.5.jar;C:\Users\rakge\.m2\repository\org\hibernate\common\hibernate-commons-annotations\6.0.6.Final\hibernate-commons-annotations-6.0.6.Final.jar;C:\Users\rakge\.m2\repository\org\hibernate\orm\hibernate-core\6.5.3.Final\hibernate-core-6.5.3.Final.jar;C:\Users\rakge\.m2\repository\org\jboss\logging\jboss-logging\3.5.3.Final\jboss-logging-3.5.3.Final.jar;C:\Users\rakge\.m2\repository\org\projectlombok\lombok\1.18.34\lombok-1.18.34.jar;C:\Users\rakge\.m2\repository\org\slf4j\jul-to-slf4j\2.0.16\jul-to-slf4j-2.0.16.jar;C:\Users\rakge\.m2\repository\org\slf4j\slf4j-api\2.0.16\slf4j-api-2.0.16.jar;C:\Users\rakge\.m2\repository\org\springframework\spring-aop\6.1.14\spring-aop-6.1.14.jar;C:\Users\rakge\.m2\repository\org\springframework\spring-aspects\6.1.14\spring-aspects-6.1.14.jar;C:\Users\rakge\.m2\repository\org\springframework\spring-beans\6.1.14\spring-beans-6.1.14.jar;C:\Users\rakge\.m2\repository\org\springframework\spring-context\6.1.14\spring-context-6.1.14.jar;C:\Users\rakge\.m2\repository\org\springframework\spring-core\6.1.14\spring-core-6.1.14.jar;C:\Users\rakge\.m2\repository\org\springframework\spring-expression\6.1.14\spring-expression-6.1.14.jar;C:\Users\rakge\.m2\repository\org\springframework\spring-jcl\6.1.14\spring-jcl-6.1.14.jar;C:\Users\rakge\.m2\repository\org\springframework\spring-jdbc\6.1.14\spring-jdbc-6.1.14.jar;C:\Users\rakge\.m2\repository\org\springframework\spring-orm\6.1.14\spring-orm-6.1.14.jar;C:\Users\rakge\.m2\repository\org\springframework\spring-tx\6.1.14\spring-tx-6.1.14.jar;C:\Users\rakge\.m2\repository\org\springframework\spring-web\6.1.14\spring-web-6.1.14.jar;C:\Users\rakge\.m2\repository\org\springframework\spring-webmvc\6.1.14\spring-webmvc-6.1.14.jar;C:\Users\rakge\.m2\repository\org\springframework\boot\spring-boot\3.3.5\spring-boot-3.3.5.jar;C:\Users\rakge\.m2\repository\org\springframework\boot\spring-boot-autoconfigure\3.3.5\spring-boot-autoconfigure-3.3.5.jar;C:\Users\rakge\.m2\repository\org\springframework\boot\spring-boot-starter\3.3.5\spring-boot-starter-3.3.5.jar;C:\Users\rakge\.m2\repository\org\springframework\boot\spring-boot-starter-aop\3.3.5\spring-boot-starter-aop-3.3.5.jar;C:\Users\rakge\.m2\repository\org\springframework\boot\spring-boot-starter-data-jpa\3.3.5\spring-boot-starter-data-jpa-3.3.5.jar;C:\Users\rakge\.m2\repository\org\springframework\boot\spring-boot-starter-jdbc\3.3.5\spring-boot-starter-jdbc-3.3.5.jar;C:\Users\rakge\.m2\repository\org\springframework\boot\spring-boot-starter-json\3.3.5\spring-boot-starter-json-3.3.5.jar;C:\Users\rakge\.m2\repository\org\springframework\boot\spring-boot-starter-logging\3.3.5\spring-boot-starter-logging-3.3.5.jar;C:\Users\rakge\.m2\repository\org\springframework\boot\spring-boot-starter-thymeleaf\3.3.5\spring-boot-starter-thymeleaf-3.3.5.jar;C:\Users\rakge\.m2\repository\org\springframework\boot\spring-boot-starter-tomcat\3.3.5\spring-boot-starter-tomcat-3.3.5.jar;C:\Users\rakge\.m2\repository\org\springframework\boot\spring-boot-starter-web\3.3.5\spring-boot-starter-web-3.3.5.jar;C:\Users\rakge\.m2\repository\org\springframework\data\spring-data-commons\3.3.5\spring-data-commons-3.3.5.jar;C:\Users\rakge\.m2\repository\org\springframework\data\spring-data-jpa\3.3.5\spring-data-jpa-3.3.5.jar;C:\Users\rakge\.m2\repository\org\thymeleaf\thymeleaf\3.1.2.RELEASE\thymeleaf-3.1.2.RELEASE.jar;C:\Users\rakge\.m2\repository\org\thymeleaf\thymeleaf-spring6\3.1.2.RELEASE\thymeleaf-spring6-3.1.2.RELEASE.jar;C:\Users\rakge\.m2\repository\org\unbescape\unbescape\1.1.6.RELEASE\unbescape-1.1.6.RELEASE.jar;C:\Users\rakge\.m2\repository\org\yaml\snakeyaml\2.2\snakeyaml-2.2.jar
Launcher Type: SUN_STANDARD

[Global flags]
     intx CICompilerCount                          = 4                                         {product} {ergonomic}
     uint ConcGCThreads                            = 3                                         {product} {ergonomic}
     uint G1ConcRefinementThreads                  = 10                                        {product} {ergonomic}
   size_t G1HeapRegionSize                         = 2097152                                   {product} {ergonomic}
    uintx GCDrainStackTargetSize                   = 64                                        {product} {ergonomic}
   size_t InitialHeapSize                          = 266338304                                 {product} {ergonomic}
   size_t MarkStackSize                            = 4194304                                   {product} {ergonomic}
   size_t MaxHeapSize                              = 4234149888                                {product} {ergonomic}
   size_t MaxNewSize                               = 2539651072                                {product} {ergonomic}
   size_t MinHeapDeltaBytes                        = 2097152                                   {product} {ergonomic}
   size_t MinHeapSize                              = 8388608                                   {product} {ergonomic}
    uintx NonNMethodCodeHeapSize                   = 5839372                                {pd product} {ergonomic}
    uintx NonProfiledCodeHeapSize                  = 122909434                              {pd product} {ergonomic}
    uintx ProfiledCodeHeapSize                     = 122909434                              {pd product} {ergonomic}
    uintx ReservedCodeCacheSize                    = 251658240                              {pd product} {ergonomic}
     bool SegmentedCodeCache                       = true                                      {product} {ergonomic}
   size_t SoftMaxHeapSize                          = 4234149888                             {manageable} {ergonomic}
     bool UseCompressedOops                        = true                           {product lp64_product} {ergonomic}
     bool UseG1GC                                  = true                                      {product} {ergonomic}
     bool UseLargePagesIndividualAllocation        = false                                  {pd product} {ergonomic}

Logging:
Log output configuration:
 #0: stdout all=warning uptime,level,tags foldmultilines=false
 #1: stderr all=off uptime,level,tags foldmultilines=false

Environment Variables:
JAVA_HOME=C:\Program Files\Java\jdk-21
PATH=C:\Program Files\Common Files\Oracle\Java\javapath;C:\Program Files (x86)\Common Files\Oracle\Java\javapath;C:\Windows\system32;C:\Windows;C:\Windows\System32\Wbem;C:\Windows\System32\WindowsPowerShell\v1.0\;C:\Windows\System32\OpenSSH\;C:\Program Files (x86)\NVIDIA Corporation\PhysX\Common;C:\Program Files\NVIDIA Corporation\NVIDIA NvDLISR;C:\Program Files\MATLAB\R2022a\bin;C:\Program Files\Java\jdk-21\bin;C:\WINDOWS\system32;C:\WINDOWS;C:\WINDOWS\System32\Wbem;C:\WINDOWS\System32\WindowsPowerShell\v1.0\;C:\WINDOWS\System32\OpenSSH\;C:\Program Files\Git\cmd;C:\Program Files\dotnet\;C:\Users\rakge\AppData\Local\Programs\Python\Python311\Scripts\;C:\Users\rakge\AppData\Local\Programs\Python\Python311\;C:\Users\rakge\AppData\Local\Microsoft\WindowsApps;C:\Program Files (x86)\Nmap;C:\Users\rakge\.dotnet\tools;C:\Users\rakge\AppData\Local\Programs\Microsoft VS Code\bin;C:\Program Files\dotnet\sdk\7.0.404;C:\Users\rakge\AppData\Roaming\Microsoft\Windows\Start Menu\Programs\Python 3.11\Python 3.11 (64-bit).lnk;C:\MinGW\bin;D:\INTELIDA\IntelliJ IDEA 2024.2.3\bin;;C:\Users\rakge\Downloads\apache-maven-4.0.0-beta-5\bin;C:\Program Files\Java\jdk-21\bin;
USERNAME=rakge
OS=Windows_NT
PROCESSOR_IDENTIFIER=Intel64 Family 6 Model 141 Stepping 1, GenuineIntel
TMP=C:\Users\rakge\AppData\Local\Temp
TEMP=C:\Users\rakge\AppData\Local\Temp




Periodic native trim disabled

---------------  S Y S T E M  ---------------

OS:
 Windows 11 , 64 bit Build 22621 (10.0.22621.4391)
OS uptime: 3 days 8:47 hours
Hyper-V role detected

CPU: total 12 (initial active 12) (6 cores per cpu, 2 threads per core) family 6 model 141 stepping 1 microcode 0x3c, cx8, cmov, fxsr, ht, mmx, 3dnowpref, sse, sse2, sse3, ssse3, sse4.1, sse4.2, popcnt, lzcnt, tsc, tscinvbit, avx, avx2, aes, erms, clmul, bmi1, bmi2, adx, avx512f, avx512dq, avx512cd, avx512bw, avx512vl, sha, fma, vzeroupper, avx512_vpopcntdq, avx512_vpclmulqdq, avx512_vaes, avx512_vnni, clflush, clflushopt, clwb, avx512_vbmi2, avx512_vbmi, hv, rdtscp, rdpid, fsrm, gfni, avx512_bitalg, f16c, cet_ibt, cet_ss, avx512_ifma
Processor Information for all 12 processors :
  Max Mhz: 2688, Current Mhz: 2688, Mhz Limit: 2688

Memory: 4k page, system-wide physical 16147M (445M free)
TotalPageFile size 46067M (AvailPageFile size 90M)
current process WorkingSet (physical memory assigned to process): 351M, peak: 355M
current process commit charge ("private bytes"): 435M, peak: 444M

vm_info: Java HotSpot(TM) 64-Bit Server VM (21.0.4+8-LTS-274) for windows-amd64 JRE (21.0.4+8-LTS-274), built on 2024-06-05T05:23:33Z by "mach5one" with MS VC++ 17.6 (VS2022)

END.
