#
# There is insufficient memory for the Java Runtime Environment to continue.
# Native memory allocation (mmap) failed to map 2097152 bytes for G1 virtual space
# Possible reasons:
#   The system is out of physical RAM or swap space
#   The process is running with CompressedOops enabled, and the Java Heap may be blocking the growth of the native heap
# Possible solutions:
#   Reduce memory load on the system
#   Increase physical memory or swap space
#   Check if swap backing store is full
#   Decrease Java heap size (-Xmx/-Xms)
#   Decrease number of Java threads
#   Decrease Java thread stack sizes (-Xss)
#   Set larger code cache with -XX:ReservedCodeCacheSize=
#   JVM is running with Zero Based Compressed Oops mode in which the Java heap is
#     placed in the first 32GB address space. The Java Heap base address is the
#     maximum limit for the native heap growth. Please use -XX:HeapBaseMinAddress
#     to set the Java Heap base and to place the Java Heap above 32GB virtual address.
# This output file may be truncated or incomplete.
#
#  Out of Memory Error (os_windows.cpp:3600), pid=14352, tid=31416
#
# JRE version: Java(TM) SE Runtime Environment (21.0.4+8) (build 21.0.4+8-LTS-274)
# Java VM: Java HotSpot(TM) 64-Bit Server VM (21.0.4+8-LTS-274, mixed mode, sharing, tiered, compressed oops, compressed class ptrs, g1 gc, windows-amd64)
# No core dump will be written. Minidumps are not enabled by default on client versions of Windows
#

---------------  S U M M A R Y ------------

Command Line: --module-path=C:\Users\rakge\.m2\repository\org\openjfx\javafx-base\23.0.1\javafx-base-23.0.1-win.jar;C:\Users\rakge\.m2\repository\org\openjfx\javafx-base\23.0.1\javafx-base-23.0.1.jar;C:\Users\rakge\.m2\repository\org\openjfx\javafx-controls\23.0.1\javafx-controls-23.0.1-win.jar;C:\Users\rakge\.m2\repository\org\openjfx\javafx-controls\23.0.1\javafx-controls-23.0.1.jar;C:\Users\rakge\.m2\repository\org\openjfx\javafx-fxml\23.0.1\javafx-fxml-23.0.1-win.jar;C:\Users\rakge\.m2\repository\org\openjfx\javafx-fxml\23.0.1\javafx-fxml-23.0.1.jar;C:\Users\rakge\.m2\repository\org\openjfx\javafx-graphics\23.0.1\javafx-graphics-23.0.1-win.jar;C:\Users\rakge\.m2\repository\org\openjfx\javafx-graphics\23.0.1\javafx-graphics-23.0.1.jar --add-modules=javafx.base,javafx.controls,javafx.fxml,javafx.graphics com.spa.demo.frontend.Main

Host: 11th Gen Intel(R) Core(TM) i5-11400H @ 2.70GHz, 12 cores, 15G,  Windows 11 , 64 bit Build 22621 (10.0.22621.4391)
Time: Sat Dec  7 20:19:16 2024 Central Europe Standard Time elapsed time: 13.376865 seconds (0d 0h 0m 13s)

---------------  T H R E A D  ---------------

Current thread (0x0000027690e037f0):  WorkerThread "GC Thread#6"    [id=31416, stack(0x000000d0f9800000,0x000000d0f9900000) (1024K)]

Stack: [0x000000d0f9800000,0x000000d0f9900000]
Native frames: (J=compiled Java code, j=interpreted, Vv=VM code, C=native code)
V  [jvm.dll+0x6c8e59]
V  [jvm.dll+0x853181]
V  [jvm.dll+0x8556ae]
V  [jvm.dll+0x855d83]
V  [jvm.dll+0x27d526]
V  [jvm.dll+0x6c55f5]
V  [jvm.dll+0x6ba17a]
V  [jvm.dll+0x352a8a]
V  [jvm.dll+0x35a6e6]
V  [jvm.dll+0x3acaab]
V  [jvm.dll+0x3ad144]
V  [jvm.dll+0x3ad20d]
V  [jvm.dll+0x32841c]
V  [jvm.dll+0x328175]
V  [jvm.dll+0x317096]
V  [jvm.dll+0x317eca]
V  [jvm.dll+0x318348]
V  [jvm.dll+0x317d31]
V  [jvm.dll+0x3548f6]
V  [jvm.dll+0x354c63]
V  [jvm.dll+0x3631d8]
V  [jvm.dll+0x6b7799]
V  [jvm.dll+0x311c09]
V  [jvm.dll+0x31156d]
V  [jvm.dll+0x3ebf25]
V  [jvm.dll+0x7fd9c6]
V  [jvm.dll+0x807261]
V  [jvm.dll+0x3637da]
V  [jvm.dll+0x36366a]
V  [jvm.dll+0x36bbf4]
V  [jvm.dll+0x36bd6b]
V  [jvm.dll+0x880f17]
V  [jvm.dll+0x7fd65b]
V  [jvm.dll+0x6c753d]
C  [ucrtbase.dll+0x29333]
C  [KERNEL32.DLL+0x1259d]
C  [ntdll.dll+0x5af38]

JavaThread 0x000002768b56e0b0 (nid = 26876) was being processed
Java frames: (J=compiled Java code, j=interpreted, Vv=VM code)
j  jdk.internal.misc.Unsafe.park(ZJ)V+0 java.base@21.0.4
j  java.util.concurrent.locks.LockSupport.park()V+20 java.base@21.0.4
j  java.util.concurrent.locks.AbstractQueuedSynchronizer$ConditionNode.block()Z+7 java.base@21.0.4
j  java.util.concurrent.ForkJoinPool.unmanagedBlock(Ljava/util/concurrent/ForkJoinPool$ManagedBlocker;)V+22 java.base@21.0.4
j  java.util.concurrent.ForkJoinPool.managedBlock(Ljava/util/concurrent/ForkJoinPool$ManagedBlocker;)V+32 java.base@21.0.4
j  java.util.concurrent.locks.AbstractQueuedSynchronizer$ConditionObject.await()V+107 java.base@21.0.4
j  java.util.concurrent.LinkedBlockingQueue.take()Ljava/lang/Object;+27 java.base@21.0.4
j  java.util.concurrent.ThreadPoolExecutor.getTask()Ljava/lang/Runnable;+147 java.base@21.0.4
j  java.util.concurrent.ThreadPoolExecutor.runWorker(Ljava/util/concurrent/ThreadPoolExecutor$Worker;)V+26 java.base@21.0.4
j  java.util.concurrent.ThreadPoolExecutor$Worker.run()V+5 java.base@21.0.4
j  com.sun.javafx.tk.quantum.QuantumRenderer$PipelineRunnable.run()V+8 javafx.graphics@23.0.1
j  java.lang.Thread.runWith(Ljava/lang/Object;Ljava/lang/Runnable;)V+5 java.base@21.0.4
j  java.lang.Thread.run()V+19 java.base@21.0.4
v  ~StubRoutines::call_stub 0x0000027635b010e7

---------------  P R O C E S S  ---------------

Threads class SMR info:
_java_thread_list=0x00000276945a84e0, length=35, elements={
0x0000027626165910, 0x00000276456a73b0, 0x00000276456aa1d0, 0x00000276456ac220,
0x00000276456af4f0, 0x00000276456ad0c0, 0x00000276456adc10, 0x00000276456c24d0,
0x00000276456c5390, 0x000002764590bb30, 0x0000027645a74570, 0x000002768b56e0b0,
0x000002768b6c75c0, 0x000002768b6c9720, 0x0000027690741090, 0x0000027690803a60,
0x0000027690ea5510, 0x0000027690ea3ad0, 0x0000027690ea47f0, 0x0000027690ea5ba0,
0x0000027690ea4e80, 0x0000027690ea3440, 0x0000027695651890, 0x0000027695651200,
0x0000027695652c40, 0x00000276956525b0, 0x0000027695650b70, 0x0000027695654d10,
0x000002769564fe50, 0x00000276956504e0, 0x0000027695651f20, 0x0000027695653960,
0x0000027695653ff0, 0x0000027695655a30, 0x0000027697ad5330
}

Java Threads: ( => current thread )
  0x0000027626165910 JavaThread "main"                              [_thread_blocked, id=30316, stack(0x000000d0f7800000,0x000000d0f7900000) (1024K)]
  0x00000276456a73b0 JavaThread "Reference Handler"          daemon [_thread_blocked, id=1680, stack(0x000000d0f8000000,0x000000d0f8100000) (1024K)]
  0x00000276456aa1d0 JavaThread "Finalizer"                  daemon [_thread_blocked, id=20424, stack(0x000000d0f8100000,0x000000d0f8200000) (1024K)]
  0x00000276456ac220 JavaThread "Signal Dispatcher"          daemon [_thread_blocked, id=13916, stack(0x000000d0f8200000,0x000000d0f8300000) (1024K)]
  0x00000276456af4f0 JavaThread "Attach Listener"            daemon [_thread_blocked, id=31140, stack(0x000000d0f8300000,0x000000d0f8400000) (1024K)]
  0x00000276456ad0c0 JavaThread "Service Thread"             daemon [_thread_blocked, id=29128, stack(0x000000d0f8400000,0x000000d0f8500000) (1024K)]
  0x00000276456adc10 JavaThread "Monitor Deflation Thread"   daemon [_thread_blocked, id=28692, stack(0x000000d0f8500000,0x000000d0f8600000) (1024K)]
  0x00000276456c24d0 JavaThread "C2 CompilerThread0"         daemon [_thread_in_native, id=31096, stack(0x000000d0f8600000,0x000000d0f8700000) (1024K)]
  0x00000276456c5390 JavaThread "C1 CompilerThread0"         daemon [_thread_blocked, id=6124, stack(0x000000d0f8700000,0x000000d0f8800000) (1024K)]
  0x000002764590bb30 JavaThread "Common-Cleaner"             daemon [_thread_blocked, id=31008, stack(0x000000d0f8800000,0x000000d0f8900000) (1024K)]
  0x0000027645a74570 JavaThread "Notification Thread"        daemon [_thread_blocked, id=13700, stack(0x000000d0f8b00000,0x000000d0f8c00000) (1024K)]
  0x000002768b56e0b0 JavaThread "QuantumRenderer-0"          daemon [_thread_blocked, id=26876, stack(0x000000d0f8c00000,0x000000d0f8d00000) (1024K)]
  0x000002768b6c75c0 JavaThread "InvokeLaterDispatcher"      daemon [_thread_blocked, id=28064, stack(0x000000d0f8e00000,0x000000d0f8f00000) (1024K)]
  0x000002768b6c9720 JavaThread "JavaFX Application Thread"         [_thread_blocked, id=28524, stack(0x000000d0f8f00000,0x000000d0f9000000) (1024K)]
  0x0000027690741090 JavaThread "JavaFX-Launcher"                   [_thread_blocked, id=29884, stack(0x000000d0f8a00000,0x000000d0f8b00000) (1024K)]
  0x0000027690803a60 JavaThread "Thread-2"                   daemon [_thread_blocked, id=31600, stack(0x000000d0f8900000,0x000000d0f8a00000) (1024K)]
  0x0000027690ea5510 JavaThread "HikariPool-1 housekeeper"   daemon [_thread_blocked, id=28088, stack(0x000000d0f9c00000,0x000000d0f9d00000) (1024K)]
  0x0000027690ea3ad0 JavaThread "Catalina-utility-1"                [_thread_blocked, id=27264, stack(0x000000d0f9f00000,0x000000d0fa000000) (1024K)]
  0x0000027690ea47f0 JavaThread "Catalina-utility-2"                [_thread_blocked, id=31148, stack(0x000000d0fa000000,0x000000d0fa100000) (1024K)]
  0x0000027690ea5ba0 JavaThread "container-0"                       [_thread_blocked, id=28504, stack(0x000000d0fa100000,0x000000d0fa200000) (1024K)]
  0x0000027690ea4e80 JavaThread "http-nio-8080-exec-1"       daemon [_thread_blocked, id=25448, stack(0x000000d0fa300000,0x000000d0fa400000) (1024K)]
  0x0000027690ea3440 JavaThread "http-nio-8080-exec-2"       daemon [_thread_blocked, id=7980, stack(0x000000d0fa400000,0x000000d0fa500000) (1024K)]
  0x0000027695651890 JavaThread "http-nio-8080-exec-3"       daemon [_thread_blocked, id=5232, stack(0x000000d0fa500000,0x000000d0fa600000) (1024K)]
  0x0000027695651200 JavaThread "http-nio-8080-exec-4"       daemon [_thread_blocked, id=26724, stack(0x000000d0fa600000,0x000000d0fa700000) (1024K)]
  0x0000027695652c40 JavaThread "http-nio-8080-exec-5"       daemon [_thread_blocked, id=18748, stack(0x000000d0fa700000,0x000000d0fa800000) (1024K)]
  0x00000276956525b0 JavaThread "http-nio-8080-exec-6"       daemon [_thread_blocked, id=13400, stack(0x000000d0fa800000,0x000000d0fa900000) (1024K)]
  0x0000027695650b70 JavaThread "http-nio-8080-exec-7"       daemon [_thread_blocked, id=30216, stack(0x000000d0fa900000,0x000000d0faa00000) (1024K)]
  0x0000027695654d10 JavaThread "http-nio-8080-exec-8"       daemon [_thread_blocked, id=22616, stack(0x000000d0faa00000,0x000000d0fab00000) (1024K)]
  0x000002769564fe50 JavaThread "http-nio-8080-exec-9"       daemon [_thread_blocked, id=30432, stack(0x000000d0fab00000,0x000000d0fac00000) (1024K)]
  0x00000276956504e0 JavaThread "http-nio-8080-exec-10"      daemon [_thread_blocked, id=31644, stack(0x000000d0fac00000,0x000000d0fad00000) (1024K)]
  0x0000027695651f20 JavaThread "http-nio-8080-Poller"       daemon [_thread_in_native, id=25664, stack(0x000000d0fad00000,0x000000d0fae00000) (1024K)]
  0x0000027695653960 JavaThread "http-nio-8080-Acceptor"     daemon [_thread_in_native, id=28712, stack(0x000000d0fae00000,0x000000d0faf00000) (1024K)]
  0x0000027695653ff0 JavaThread "Prism Font Disposer"        daemon [_thread_blocked, id=30600, stack(0x000000d0fb200000,0x000000d0fb300000) (1024K)]
  0x0000027695655a30 JavaThread "Cleaner-0"                  daemon [_thread_blocked, id=24352, stack(0x000000d0fb300000,0x000000d0fb400000) (1024K)]
  0x0000027697ad5330 JavaThread "C2 CompilerThread1"         daemon [_thread_blocked, id=17772, stack(0x000000d0f9600000,0x000000d0f9700000) (1024K)]
Total: 35

Other Threads:
  0x000002764568ce60 VMThread "VM Thread"                           [id=10104, stack(0x000000d0f7f00000,0x000000d0f8000000) (1024K)]
  0x00000276456758e0 WatcherThread "VM Periodic Task Thread"        [id=23844, stack(0x000000d0f7e00000,0x000000d0f7f00000) (1024K)]
  0x00000276261cbdd0 WorkerThread "GC Thread#0"                     [id=14152, stack(0x000000d0f7900000,0x000000d0f7a00000) (1024K)]
  0x00000276907aff90 WorkerThread "GC Thread#1"                     [id=27840, stack(0x000000d0f9100000,0x000000d0f9200000) (1024K)]
  0x00000276907b0330 WorkerThread "GC Thread#2"                     [id=27528, stack(0x000000d0f9200000,0x000000d0f9300000) (1024K)]
  0x00000276907b06d0 WorkerThread "GC Thread#3"                     [id=7588, stack(0x000000d0f9300000,0x000000d0f9400000) (1024K)]
  0x00000276907b1a80 WorkerThread "GC Thread#4"                     [id=20672, stack(0x000000d0f9400000,0x000000d0f9500000) (1024K)]
  0x00000276907b1e20 WorkerThread "GC Thread#5"                     [id=2992, stack(0x000000d0f9500000,0x000000d0f9600000) (1024K)]
=>0x0000027690e037f0 WorkerThread "GC Thread#6"                     [id=31416, stack(0x000000d0f9800000,0x000000d0f9900000) (1024K)]
  0x0000027690e03b90 WorkerThread "GC Thread#7"                     [id=30148, stack(0x000000d0f9900000,0x000000d0f9a00000) (1024K)]
  0x0000027690e02d10 WorkerThread "GC Thread#8"                     [id=31664, stack(0x000000d0f9a00000,0x000000d0f9b00000) (1024K)]
  0x0000027690e03450 WorkerThread "GC Thread#9"                     [id=29540, stack(0x000000d0f9b00000,0x000000d0f9c00000) (1024K)]
  0x00000276261dcc30 ConcurrentGCThread "G1 Main Marker"            [id=9340, stack(0x000000d0f7a00000,0x000000d0f7b00000) (1024K)]
  0x00000276261ddf40 WorkerThread "G1 Conc#0"                       [id=27932, stack(0x000000d0f7b00000,0x000000d0f7c00000) (1024K)]
  0x0000027690e04670 WorkerThread "G1 Conc#1"                       [id=5076, stack(0x000000d0f9d00000,0x000000d0f9e00000) (1024K)]
  0x0000027690e042d0 WorkerThread "G1 Conc#2"                       [id=28096, stack(0x000000d0f9e00000,0x000000d0f9f00000) (1024K)]
  0x0000027645545010 ConcurrentGCThread "G1 Refine#0"               [id=19940, stack(0x000000d0f7c00000,0x000000d0f7d00000) (1024K)]
  0x0000027645545b80 ConcurrentGCThread "G1 Service"                [id=29292, stack(0x000000d0f7d00000,0x000000d0f7e00000) (1024K)]
Total: 18

Threads with active compile tasks:
C2 CompilerThread0    13399 8878       4       com.sun.javafx.image.impl.BaseByteToByteConverter$FourByteReorderer::doConvert (138 bytes)
C2 CompilerThread1    13399 8900       4       com.sun.javafx.fxml.BeanAdapter$MethodCache::getMethod (99 bytes)
Total: 2

VM state: at safepoint (normal execution)

VM Mutex/Monitor currently owned by a thread:  ([mutex/lock_event])
[0x00007ffa41635918] FreeList_lock - owner thread: 0x0000027690e037f0
[0x00007ffa41637e98] Threads_lock - owner thread: 0x000002764568ce60
[0x00007ffa41637f98] Heap_lock - owner thread: 0x000002768b6c9720

Heap address: 0x0000000703a00000, size: 4038 MB, Compressed Oops mode: Zero based, Oop shift amount: 3

CDS archive(s) mapped at: [0x0000027646000000-0x0000027646c90000-0x0000027646c90000), size 13172736, SharedBaseAddress: 0x0000027646000000, ArchiveRelocationMode: 1.
Compressed class space mapped at: 0x0000027647000000-0x0000027687000000, reserved size: 1073741824
Narrow klass base: 0x0000027646000000, Narrow klass shift: 0, Narrow klass range: 0x100000000

GC Precious Log:
 CardTable entry size: 512
 Card Set container configuration: InlinePtr #cards 4 size 8 Array Of Cards #cards 16 size 48 Howl #buckets 8 coarsen threshold 3686 Howl Bitmap #cards 512 size 80 coarsen threshold 460 Card regions per heap region 1 cards per card region 4096
 CPUs: 12 total, 12 available
 Memory: 16147M
 Large Page Support: Disabled
 NUMA Support: Disabled
 Compressed Oops: Enabled (Zero based)
 Heap Region Size: 2M
 Heap Min Capacity: 8M
 Heap Initial Capacity: 254M
 Heap Max Capacity: 4038M
 Pre-touch: Disabled
 Parallel Workers: 10
 Concurrent Workers: 3
 Concurrent Refinement Workers: 10
 Periodic GC: Disabled

Heap:
 garbage-first heap   total 110592K, used 107182K [0x0000000703a00000, 0x0000000800000000)
  region size 2048K, 9 young (18432K), 0 survivors (0K)
 Metaspace       used 83265K, committed 84096K, reserved 1179648K
  class space    used 11739K, committed 12096K, reserved 1048576K

Heap Regions: E=young(eden), S=young(survivor), O=old, HS=humongous(starts), HC=humongous(continues), CS=collection set, F=free, TAMS=top-at-mark-start, PB=parsable bottom
|   0|0x0000000703a00000, 0x0000000703c00000, 0x0000000703c00000|100%| O|  |TAMS 0x0000000703a00000| PB 0x0000000703a00000| Untracked 
|   1|0x0000000703c00000, 0x0000000703e00000, 0x0000000703e00000|100%| O|  |TAMS 0x0000000703c00000| PB 0x0000000703c00000| Untracked 
|   2|0x0000000703e00000, 0x0000000704000000, 0x0000000704000000|100%| O|CS|TAMS 0x0000000703e00000| PB 0x0000000703e00000| Complete 
|   3|0x0000000704000000, 0x0000000704200000, 0x0000000704200000|100%| O|  |TAMS 0x0000000704000000| PB 0x0000000704000000| Untracked 
|   4|0x0000000704200000, 0x0000000704400000, 0x0000000704400000|100%| O|  |TAMS 0x0000000704200000| PB 0x0000000704200000| Untracked 
|   5|0x0000000704400000, 0x0000000704600000, 0x0000000704600000|100%| O|  |TAMS 0x0000000704400000| PB 0x0000000704400000| Untracked 
|   6|0x0000000704600000, 0x0000000704800000, 0x0000000704800000|100%| O|  |TAMS 0x0000000704600000| PB 0x0000000704600000| Untracked 
|   7|0x0000000704800000, 0x0000000704a00000, 0x0000000704a00000|100%| O|  |TAMS 0x0000000704800000| PB 0x0000000704800000| Untracked 
|   8|0x0000000704a00000, 0x0000000704c00000, 0x0000000704c00000|100%| O|  |TAMS 0x0000000704a00000| PB 0x0000000704a00000| Untracked 
|   9|0x0000000704c00000, 0x0000000704e00000, 0x0000000704e00000|100%| O|  |TAMS 0x0000000704c00000| PB 0x0000000704c00000| Untracked 
|  10|0x0000000704e00000, 0x0000000705000000, 0x0000000705000000|100%|HS|  |TAMS 0x0000000704e00000| PB 0x0000000704e00000| Complete 
|  11|0x0000000705000000, 0x0000000705200000, 0x0000000705200000|100%| O|  |TAMS 0x0000000705000000| PB 0x0000000705000000| Untracked 
|  12|0x0000000705200000, 0x0000000705400000, 0x0000000705400000|100%| O|  |TAMS 0x0000000705200000| PB 0x0000000705200000| Untracked 
|  13|0x0000000705400000, 0x0000000705600000, 0x0000000705600000|100%| O|  |TAMS 0x0000000705400000| PB 0x0000000705400000| Untracked 
|  14|0x0000000705600000, 0x0000000705800000, 0x0000000705800000|100%|HS|  |TAMS 0x0000000705600000| PB 0x0000000705600000| Complete 
|  15|0x0000000705800000, 0x0000000705a00000, 0x0000000705a00000|100%|HC|  |TAMS 0x0000000705800000| PB 0x0000000705800000| Complete 
|  16|0x0000000705a00000, 0x0000000705c00000, 0x0000000705c00000|100%| O|  |TAMS 0x0000000705a00000| PB 0x0000000705a00000| Untracked 
|  17|0x0000000705c00000, 0x0000000705e00000, 0x0000000705e00000|100%| O|  |TAMS 0x0000000705c00000| PB 0x0000000705c00000| Untracked 
|  18|0x0000000705e00000, 0x0000000706000000, 0x0000000706000000|100%| O|  |TAMS 0x0000000705e00000| PB 0x0000000705e00000| Untracked 
|  19|0x0000000706000000, 0x0000000706200000, 0x0000000706200000|100%| E|CS|TAMS 0x0000000706000000| PB 0x0000000706000000| Complete 
|  20|0x0000000706200000, 0x0000000706400000, 0x0000000706400000|100%|HS|  |TAMS 0x0000000706200000| PB 0x0000000706200000| Complete 
|  21|0x0000000706400000, 0x0000000706600000, 0x0000000706600000|100%|HC|  |TAMS 0x0000000706400000| PB 0x0000000706400000| Complete 
|  22|0x0000000706600000, 0x0000000706800000, 0x0000000706800000|100%|HS|  |TAMS 0x0000000706600000| PB 0x0000000706600000| Complete 
|  23|0x0000000706800000, 0x0000000706a00000, 0x0000000706a00000|100%|HC|  |TAMS 0x0000000706800000| PB 0x0000000706800000| Complete 
|  24|0x0000000706a00000, 0x0000000706c00000, 0x0000000706c00000|100%|HS|  |TAMS 0x0000000706a00000| PB 0x0000000706a00000| Complete 
|  25|0x0000000706c00000, 0x0000000706e00000, 0x0000000706e00000|100%|HC|  |TAMS 0x0000000706c00000| PB 0x0000000706c00000| Complete 
|  26|0x0000000706e00000, 0x0000000707000000, 0x0000000707000000|100%|HS|  |TAMS 0x0000000706e00000| PB 0x0000000706e00000| Complete 
|  27|0x0000000707000000, 0x0000000707200000, 0x0000000707200000|100%|HC|  |TAMS 0x0000000707000000| PB 0x0000000707000000| Complete 
|  28|0x0000000707200000, 0x0000000707400000, 0x0000000707400000|100%|HS|  |TAMS 0x0000000707200000| PB 0x0000000707200000| Complete 
|  29|0x0000000707400000, 0x0000000707600000, 0x0000000707600000|100%|HC|  |TAMS 0x0000000707400000| PB 0x0000000707400000| Complete 
|  30|0x0000000707600000, 0x0000000707800000, 0x0000000707800000|100%|HS|  |TAMS 0x0000000707600000| PB 0x0000000707600000| Complete 
|  31|0x0000000707800000, 0x0000000707a00000, 0x0000000707a00000|100%|HC|  |TAMS 0x0000000707800000| PB 0x0000000707800000| Complete 
|  32|0x0000000707a00000, 0x0000000707c00000, 0x0000000707c00000|100%| E|CS|TAMS 0x0000000707a00000| PB 0x0000000707a00000| Complete 
|  33|0x0000000707c00000, 0x0000000707e00000, 0x0000000707e00000|100%| E|CS|TAMS 0x0000000707c00000| PB 0x0000000707c00000| Complete 
|  34|0x0000000707e00000, 0x0000000708000000, 0x0000000708000000|100%| E|CS|TAMS 0x0000000707e00000| PB 0x0000000707e00000| Complete 
|  35|0x0000000708000000, 0x000000070805b2f0, 0x0000000708200000| 17%| E|CS|TAMS 0x0000000708000000| PB 0x0000000708000000| Complete 
|  36|0x0000000708200000, 0x0000000708400000, 0x0000000708400000|100%|HS|  |TAMS 0x0000000708200000| PB 0x0000000708200000| Complete 
|  37|0x0000000708400000, 0x0000000708600000, 0x0000000708600000|100%|HC|  |TAMS 0x0000000708400000| PB 0x0000000708400000| Complete 
|  38|0x0000000708600000, 0x0000000708800000, 0x0000000708800000|100%|HS|  |TAMS 0x0000000708600000| PB 0x0000000708600000| Complete 
|  39|0x0000000708800000, 0x0000000708a00000, 0x0000000708a00000|100%|HC|  |TAMS 0x0000000708800000| PB 0x0000000708800000| Complete 
|  40|0x0000000708a00000, 0x0000000708c00000, 0x0000000708c00000|100%|HS|  |TAMS 0x0000000708a00000| PB 0x0000000708a00000| Complete 
|  41|0x0000000708c00000, 0x0000000708e00000, 0x0000000708e00000|100%|HC|  |TAMS 0x0000000708c00000| PB 0x0000000708c00000| Complete 
|  42|0x0000000708e00000, 0x0000000709000000, 0x0000000709000000|100%|HS|  |TAMS 0x0000000708e00000| PB 0x0000000708e00000| Complete 
|  43|0x0000000709000000, 0x0000000709200000, 0x0000000709200000|100%|HC|  |TAMS 0x0000000709000000| PB 0x0000000709000000| Complete 
|  44|0x0000000709200000, 0x0000000709400000, 0x0000000709400000|100%|HS|  |TAMS 0x0000000709200000| PB 0x0000000709200000| Complete 
|  45|0x0000000709400000, 0x0000000709600000, 0x0000000709600000|100%|HC|  |TAMS 0x0000000709400000| PB 0x0000000709400000| Complete 
|  95|0x000000070f800000, 0x000000070fa00000, 0x000000070fa00000|100%| E|CS|TAMS 0x000000070f800000| PB 0x000000070f800000| Complete 
|  96|0x000000070fa00000, 0x000000070fc00000, 0x000000070fc00000|100%| E|CS|TAMS 0x000000070fa00000| PB 0x000000070fa00000| Complete 
|  97|0x000000070fc00000, 0x000000070fe00000, 0x000000070fe00000|100%| E|CS|TAMS 0x000000070fc00000| PB 0x000000070fc00000| Complete 
|  98|0x000000070fe00000, 0x0000000710000000, 0x0000000710000000|100%| E|CS|TAMS 0x000000070fe00000| PB 0x000000070fe00000| Complete 
|  99|0x0000000710000000, 0x0000000710200000, 0x0000000710200000|100%| E|CS|TAMS 0x0000000710000000| PB 0x0000000710000000| Complete 
| 125|0x0000000713400000, 0x0000000713600000, 0x0000000713600000|100%| E|CS|TAMS 0x0000000713400000| PB 0x0000000713400000| Complete 
| 126|0x0000000713600000, 0x0000000713800000, 0x0000000713800000|100%| E|CS|TAMS 0x0000000713600000| PB 0x0000000713600000| Complete 
|2018|0x00000007ffe00000, 0x00000007ffe9d858, 0x0000000800000000| 30%| O|  |TAMS 0x00000007ffe00000| PB 0x00000007ffe00000| Untracked 

Card table byte_map: [0x000002763e320000,0x000002763eb10000] _byte_map_base: 0x000002763ab03000

Marking Bits: (CMBitMap*) 0x00000276261cc4d0
 Bits: [0x000002763eb10000, 0x0000027642a28000)

Polling page: 0x00000276240e0000

Metaspace:

Usage:
  Non-class:     69.85 MB used.
      Class:     11.46 MB used.
       Both:     81.31 MB used.

Virtual space:
  Non-class space:      128.00 MB reserved,      70.31 MB ( 55%) committed,  2 nodes.
      Class space:        1.00 GB reserved,      11.81 MB (  1%) committed,  1 nodes.
             Both:        1.12 GB reserved,      82.12 MB (  7%) committed. 

Chunk freelists:
   Non-Class:  9.03 MB
       Class:  4.08 MB
        Both:  13.11 MB

MaxMetaspaceSize: unlimited
CompressedClassSpaceSize: 1.00 GB
Initial GC threshold: 21.00 MB
Current GC threshold: 122.44 MB
CDS: on
 - commit_granule_bytes: 65536.
 - commit_granule_words: 8192.
 - virtual_space_node_default_size: 8388608.
 - enlarge_chunks_in_place: 1.
 - use_allocation_guard: 0.


Internal statistics:

num_allocs_failed_limit: 11.
num_arena_births: 1126.
num_arena_deaths: 0.
num_vsnodes_births: 3.
num_vsnodes_deaths: 0.
num_space_committed: 1314.
num_space_uncommitted: 0.
num_chunks_returned_to_freelist: 11.
num_chunks_taken_from_freelist: 4116.
num_chunk_merges: 11.
num_chunk_splits: 3044.
num_chunks_enlarged: 2470.
num_inconsistent_stats: 0.

CodeHeap 'non-profiled nmethods': size=120000Kb used=5791Kb max_used=5791Kb free=114208Kb
 bounds [0x00000276360a0000, 0x0000027636650000, 0x000002763d5d0000]
CodeHeap 'profiled nmethods': size=120000Kb used=14801Kb max_used=14801Kb free=105198Kb
 bounds [0x000002762e5d0000, 0x000002762f450000, 0x0000027635b00000]
CodeHeap 'non-nmethods': size=5760Kb used=2442Kb max_used=2501Kb free=3317Kb
 bounds [0x0000027635b00000, 0x0000027635d80000, 0x00000276360a0000]
 total_blobs=8854 nmethods=7781 adapters=976
 compilation: enabled
              stopped_count=0, restarted_count=0
 full_count=0

Compilation events (20 events):
Event: 13.354 Thread 0x0000027697ad5330 nmethod 8894 0x0000027636646790 code [0x0000027636646940, 0x0000027636646a78]
Event: 13.354 Thread 0x0000027697ad5330 8884       4       com.sun.org.apache.xerces.internal.impl.XMLEntityScanner::checkEntityLimit (50 bytes)
Event: 13.354 Thread 0x0000027697ad5330 nmethod 8884 0x0000027636646c10 code [0x0000027636646da0, 0x0000027636646e78]
Event: 13.354 Thread 0x0000027697ad5330 8889       4       java.lang.Class::getMethod (59 bytes)
Event: 13.359 Thread 0x0000027697ad5330 nmethod 8889 0x0000027636646f90 code [0x0000027636647180, 0x0000027636647810]
Event: 13.372 Thread 0x0000027697ad5330 8900       4       com.sun.javafx.fxml.BeanAdapter$MethodCache::getMethod (99 bytes)
Event: 13.372 Thread 0x00000276456c5390 8899       3       java.lang.invoke.LambdaForm$DMH/0x000002764710c400::invokeSpecial (17 bytes)
Event: 13.372 Thread 0x00000276456c5390 nmethod 8899 0x000002762f441b10 code [0x000002762f441ce0, 0x000002762f442188]
Event: 13.373 Thread 0x00000276456c5390 8901       3       jdk.proxy2.$Proxy129::<init> (6 bytes)
Event: 13.373 Thread 0x00000276456c5390 nmethod 8901 0x000002762f442290 code [0x000002762f442460, 0x000002762f4427f0]
Event: 13.373 Thread 0x00000276456c5390 8902   !   3       jdk.proxy2.$Proxy129::annotationType (29 bytes)
Event: 13.373 Thread 0x00000276456c5390 nmethod 8902 0x000002762f442990 code [0x000002762f442b60, 0x000002762f442f68]
Event: 13.374 Thread 0x00000276456c5390 8903       3       javafx.scene.Node$LazyBoundsProperty::<init> (5 bytes)
Event: 13.374 Thread 0x00000276456c5390 nmethod 8903 0x000002762f443110 code [0x000002762f4432c0, 0x000002762f443540]
Event: 13.374 Thread 0x00000276456c5390 8904       3       java.util.EnumSet::allOf (11 bytes)
Event: 13.374 Thread 0x00000276456c5390 nmethod 8904 0x000002762f443690 code [0x000002762f443840, 0x000002762f443a30]
Event: 13.374 Thread 0x00000276456c5390 8905       3       java.util.RegularEnumSet::addAll (23 bytes)
Event: 13.374 Thread 0x00000276456c5390 nmethod 8905 0x000002762f443b10 code [0x000002762f443ca0, 0x000002762f443e08]
Event: 13.374 Thread 0x00000276456c5390 8907       3       java.lang.reflect.Constructor::equals (38 bytes)
Event: 13.374 Thread 0x00000276456c5390 nmethod 8907 0x000002762f443e90 code [0x000002762f444060, 0x000002762f444508]

GC Heap History (20 events):
Event: 2.253 GC heap after
{Heap after GC invocations=6 (full 0):
 garbage-first heap   total 69632K, used 18815K [0x0000000703a00000, 0x0000000800000000)
  region size 2048K, 2 young (4096K), 2 survivors (4096K)
 Metaspace       used 28092K, committed 28544K, reserved 1114112K
  class space    used 3571K, committed 3776K, reserved 1048576K
}
Event: 2.686 GC heap before
{Heap before GC invocations=6 (full 0):
 garbage-first heap   total 69632K, used 53631K [0x0000000703a00000, 0x0000000800000000)
  region size 2048K, 19 young (38912K), 2 survivors (4096K)
 Metaspace       used 32118K, committed 32640K, reserved 1114112K
  class space    used 4129K, committed 4352K, reserved 1048576K
}
Event: 2.690 GC heap after
{Heap after GC invocations=7 (full 0):
 garbage-first heap   total 69632K, used 21189K [0x0000000703a00000, 0x0000000800000000)
  region size 2048K, 3 young (6144K), 3 survivors (6144K)
 Metaspace       used 32118K, committed 32640K, reserved 1114112K
  class space    used 4129K, committed 4352K, reserved 1048576K
}
Event: 3.010 GC heap before
{Heap before GC invocations=7 (full 0):
 garbage-first heap   total 69632K, used 37573K [0x0000000703a00000, 0x0000000800000000)
  region size 2048K, 12 young (24576K), 3 survivors (6144K)
 Metaspace       used 35552K, committed 36096K, reserved 1114112K
  class space    used 4582K, committed 4864K, reserved 1048576K
}
Event: 3.014 GC heap after
{Heap after GC invocations=8 (full 0):
 garbage-first heap   total 69632K, used 22659K [0x0000000703a00000, 0x0000000800000000)
  region size 2048K, 3 young (6144K), 3 survivors (6144K)
 Metaspace       used 35552K, committed 36096K, reserved 1114112K
  class space    used 4582K, committed 4864K, reserved 1048576K
}
Event: 3.380 GC heap before
{Heap before GC invocations=9 (full 0):
 garbage-first heap   total 69632K, used 53379K [0x0000000703a00000, 0x0000000800000000)
  region size 2048K, 19 young (38912K), 3 survivors (6144K)
 Metaspace       used 41421K, committed 41984K, reserved 1114112K
  class space    used 5257K, committed 5504K, reserved 1048576K
}
Event: 3.383 GC heap after
{Heap after GC invocations=10 (full 0):
 garbage-first heap   total 83968K, used 24389K [0x0000000703a00000, 0x0000000800000000)
  region size 2048K, 2 young (4096K), 2 survivors (4096K)
 Metaspace       used 41421K, committed 41984K, reserved 1114112K
  class space    used 5257K, committed 5504K, reserved 1048576K
}
Event: 4.109 GC heap before
{Heap before GC invocations=10 (full 0):
 garbage-first heap   total 83968K, used 69445K [0x0000000703a00000, 0x0000000800000000)
  region size 2048K, 24 young (49152K), 2 survivors (4096K)
 Metaspace       used 53182K, committed 53760K, reserved 1114112K
  class space    used 6994K, committed 7232K, reserved 1048576K
}
Event: 4.112 GC heap after
{Heap after GC invocations=11 (full 0):
 garbage-first heap   total 83968K, used 26160K [0x0000000703a00000, 0x0000000800000000)
  region size 2048K, 3 young (6144K), 3 survivors (6144K)
 Metaspace       used 53182K, committed 53760K, reserved 1114112K
  class space    used 6994K, committed 7232K, reserved 1048576K
}
Event: 4.479 GC heap before
{Heap before GC invocations=11 (full 0):
 garbage-first heap   total 83968K, used 52784K [0x0000000703a00000, 0x0000000800000000)
  region size 2048K, 17 young (34816K), 3 survivors (6144K)
 Metaspace       used 60184K, committed 60736K, reserved 1114112K
  class space    used 8135K, committed 8384K, reserved 1048576K
}
Event: 4.483 GC heap after
{Heap after GC invocations=12 (full 0):
 garbage-first heap   total 83968K, used 27276K [0x0000000703a00000, 0x0000000800000000)
  region size 2048K, 2 young (4096K), 2 survivors (4096K)
 Metaspace       used 60184K, committed 60736K, reserved 1114112K
  class space    used 8135K, committed 8384K, reserved 1048576K
}
Event: 5.170 GC heap before
{Heap before GC invocations=13 (full 0):
 garbage-first heap   total 83968K, used 72332K [0x0000000703a00000, 0x0000000800000000)
  region size 2048K, 24 young (49152K), 2 survivors (4096K)
 Metaspace       used 68163K, committed 68928K, reserved 1114112K
  class space    used 9287K, committed 9664K, reserved 1048576K
}
Event: 5.175 GC heap after
{Heap after GC invocations=14 (full 0):
 garbage-first heap   total 83968K, used 31450K [0x0000000703a00000, 0x0000000800000000)
  region size 2048K, 3 young (6144K), 3 survivors (6144K)
 Metaspace       used 68163K, committed 68928K, reserved 1114112K
  class space    used 9287K, committed 9664K, reserved 1048576K
}
Event: 5.710 GC heap before
{Heap before GC invocations=14 (full 0):
 garbage-first heap   total 83968K, used 70362K [0x0000000703a00000, 0x0000000800000000)
  region size 2048K, 22 young (45056K), 3 survivors (6144K)
 Metaspace       used 72697K, committed 73408K, reserved 1114112K
  class space    used 9887K, committed 10176K, reserved 1048576K
}
Event: 5.714 GC heap after
{Heap after GC invocations=15 (full 0):
 garbage-first heap   total 83968K, used 33475K [0x0000000703a00000, 0x0000000800000000)
  region size 2048K, 2 young (4096K), 2 survivors (4096K)
 Metaspace       used 72697K, committed 73408K, reserved 1114112K
  class space    used 9887K, committed 10176K, reserved 1048576K
}
Event: 5.820 GC heap before
{Heap before GC invocations=15 (full 0):
 garbage-first heap   total 83968K, used 41667K [0x0000000703a00000, 0x0000000800000000)
  region size 2048K, 7 young (14336K), 2 survivors (4096K)
 Metaspace       used 74195K, committed 75008K, reserved 1114112K
  class space    used 10125K, committed 10496K, reserved 1048576K
}
Event: 5.823 GC heap after
{Heap after GC invocations=16 (full 0):
 garbage-first heap   total 83968K, used 34247K [0x0000000703a00000, 0x0000000800000000)
  region size 2048K, 2 young (4096K), 2 survivors (4096K)
 Metaspace       used 74195K, committed 75008K, reserved 1114112K
  class space    used 10125K, committed 10496K, reserved 1048576K
}
Event: 8.692 GC heap before
{Heap before GC invocations=17 (full 0):
 garbage-first heap   total 83968K, used 79303K [0x0000000703a00000, 0x0000000800000000)
  region size 2048K, 21 young (43008K), 2 survivors (4096K)
 Metaspace       used 80866K, committed 81664K, reserved 1179648K
  class space    used 11383K, committed 11776K, reserved 1048576K
}
Event: 8.696 GC heap after
{Heap after GC invocations=18 (full 0):
 garbage-first heap   total 90112K, used 43694K [0x0000000703a00000, 0x0000000800000000)
  region size 2048K, 3 young (6144K), 3 survivors (6144K)
 Metaspace       used 80866K, committed 81664K, reserved 1179648K
  class space    used 11383K, committed 11776K, reserved 1048576K
}
Event: 13.375 GC heap before
{Heap before GC invocations=18 (full 0):
 garbage-first heap   total 110592K, used 107182K [0x0000000703a00000, 0x0000000800000000)
  region size 2048K, 12 young (24576K), 3 survivors (6144K)
 Metaspace       used 83265K, committed 84096K, reserved 1179648K
  class space    used 11739K, committed 12096K, reserved 1048576K
}

Dll operation events (20 events):
Event: 0.296 Loaded shared library C:\Users\rakge\.openjfx\cache\23.0.1+4\amd64\api-ms-win-crt-runtime-l1-1-0.dll
Event: 0.298 Loaded shared library C:\Users\rakge\.openjfx\cache\23.0.1+4\amd64\api-ms-win-crt-stdio-l1-1-0.dll
Event: 0.300 Loaded shared library C:\Users\rakge\.openjfx\cache\23.0.1+4\amd64\api-ms-win-crt-string-l1-1-0.dll
Event: 0.302 Loaded shared library C:\Users\rakge\.openjfx\cache\23.0.1+4\amd64\api-ms-win-crt-time-l1-1-0.dll
Event: 0.304 Loaded shared library C:\Users\rakge\.openjfx\cache\23.0.1+4\amd64\api-ms-win-crt-utility-l1-1-0.dll
Event: 0.314 Loaded shared library C:\Users\rakge\.openjfx\cache\23.0.1+4\amd64\ucrtbase.dll
Event: 0.318 Loaded shared library C:\Users\rakge\.openjfx\cache\23.0.1+4\amd64\vcruntime140.dll
Event: 0.320 Loaded shared library C:\Users\rakge\.openjfx\cache\23.0.1+4\amd64\vcruntime140_1.dll
Event: 0.327 Loaded shared library C:\Users\rakge\.openjfx\cache\23.0.1+4\amd64\msvcp140.dll
Event: 0.329 Loaded shared library C:\Users\rakge\.openjfx\cache\23.0.1+4\amd64\msvcp140_1.dll
Event: 0.332 Loaded shared library C:\Users\rakge\.openjfx\cache\23.0.1+4\amd64\msvcp140_2.dll
Event: 0.359 Loaded shared library C:\Users\rakge\.openjfx\cache\23.0.1+4\amd64\prism_d3d.dll
Event: 0.418 Loaded shared library C:\Users\rakge\.openjfx\cache\23.0.1+4\amd64\glass.dll
Event: 0.554 Loaded shared library C:\Program Files\Java\jdk-21\bin\jimage.dll
Event: 0.868 Loaded shared library C:\Users\rakge\.openjfx\cache\23.0.1+4\amd64\javafx_font.dll
Event: 1.591 Loaded shared library C:\Program Files\Java\jdk-21\bin\sunmscapi.dll
Event: 2.920 Loaded shared library C:\Program Files\Java\jdk-21\bin\management.dll
Event: 2.922 Loaded shared library C:\Program Files\Java\jdk-21\bin\management_ext.dll
Event: 3.553 Loaded shared library C:\Program Files\Java\jdk-21\bin\verify.dll
Event: 5.497 Loaded shared library C:\Program Files\Java\jdk-21\bin\extnet.dll

Deoptimization events (20 events):
Event: 10.975 Thread 0x000002768b6c9720 Uncommon trap: trap_request=0xffffffd6 fr.pc=0x0000027636631bf0 relative=0x0000000000000510
Event: 10.975 Thread 0x000002768b6c9720 Uncommon trap: reason=array_check action=maybe_recompile pc=0x0000027636631bf0 method=com.sun.javafx.event.EventDispatchChainImpl.prepend(Ljavafx/event/EventDispatcher;)Ljavafx/event/EventDispatchChain; @ 33 c2
Event: 10.975 Thread 0x000002768b6c9720 DEOPT PACKING pc=0x0000027636631bf0 sp=0x000000d0f8ffdc90
Event: 10.975 Thread 0x000002768b6c9720 DEOPT UNPACKING pc=0x0000027635b57da2 sp=0x000000d0f8ffdc50 mode 2
Event: 10.975 Thread 0x000002768b6c9720 Uncommon trap: trap_request=0xffffffd6 fr.pc=0x0000027636631bf0 relative=0x0000000000000510
Event: 10.975 Thread 0x000002768b6c9720 Uncommon trap: reason=array_check action=maybe_recompile pc=0x0000027636631bf0 method=com.sun.javafx.event.EventDispatchChainImpl.prepend(Ljavafx/event/EventDispatcher;)Ljavafx/event/EventDispatchChain; @ 33 c2
Event: 10.975 Thread 0x000002768b6c9720 DEOPT PACKING pc=0x0000027636631bf0 sp=0x000000d0f8ffdc90
Event: 10.975 Thread 0x000002768b6c9720 DEOPT UNPACKING pc=0x0000027635b57da2 sp=0x000000d0f8ffdc50 mode 2
Event: 10.975 Thread 0x000002768b6c9720 Uncommon trap: trap_request=0xffffffd6 fr.pc=0x0000027636631bf0 relative=0x0000000000000510
Event: 10.975 Thread 0x000002768b6c9720 Uncommon trap: reason=array_check action=maybe_recompile pc=0x0000027636631bf0 method=com.sun.javafx.event.EventDispatchChainImpl.prepend(Ljavafx/event/EventDispatcher;)Ljavafx/event/EventDispatchChain; @ 33 c2
Event: 10.975 Thread 0x000002768b6c9720 DEOPT PACKING pc=0x0000027636631bf0 sp=0x000000d0f8ffdc90
Event: 10.975 Thread 0x000002768b6c9720 DEOPT UNPACKING pc=0x0000027635b57da2 sp=0x000000d0f8ffdc50 mode 2
Event: 10.975 Thread 0x000002768b6c9720 Uncommon trap: trap_request=0xffffffd6 fr.pc=0x0000027636631bf0 relative=0x0000000000000510
Event: 10.975 Thread 0x000002768b6c9720 Uncommon trap: reason=array_check action=maybe_recompile pc=0x0000027636631bf0 method=com.sun.javafx.event.EventDispatchChainImpl.prepend(Ljavafx/event/EventDispatcher;)Ljavafx/event/EventDispatchChain; @ 33 c2
Event: 10.975 Thread 0x000002768b6c9720 DEOPT PACKING pc=0x0000027636631bf0 sp=0x000000d0f8ffdc10
Event: 10.975 Thread 0x000002768b6c9720 DEOPT UNPACKING pc=0x0000027635b57da2 sp=0x000000d0f8ffdbd0 mode 2
Event: 13.179 Thread 0x000002768b6c9720 Uncommon trap: trap_request=0xffffff6e fr.pc=0x0000027636604fdc relative=0x000000000000129c
Event: 13.179 Thread 0x000002768b6c9720 Uncommon trap: reason=loop_limit_check action=maybe_recompile pc=0x0000027636604fdc method=com.sun.javafx.image.impl.BaseByteToByteConverter$FourByteReorderer.doConvert([BII[BIIII)V @ 21 c2
Event: 13.179 Thread 0x000002768b6c9720 DEOPT PACKING pc=0x0000027636604fdc sp=0x000000d0f8ffc1a0
Event: 13.179 Thread 0x000002768b6c9720 DEOPT UNPACKING pc=0x0000027635b57da2 sp=0x000000d0f8ffc128 mode 2

Classes loaded (20 events):
Event: 5.834 Loading class java/lang/FdLibm$Atan2
Event: 5.834 Loading class java/lang/FdLibm$Atan2 done
Event: 5.834 Loading class java/lang/FdLibm
Event: 5.834 Loading class java/lang/FdLibm done
Event: 6.460 Loading class jdk/internal/math/FDBigInteger
Event: 6.460 Loading class jdk/internal/math/FDBigInteger done
Event: 6.498 Loading class java/io/SequenceInputStream
Event: 6.498 Loading class java/io/SequenceInputStream done
Event: 6.761 Loading class java/lang/FdLibm$Hypot
Event: 6.761 Loading class java/lang/FdLibm$Hypot done
Event: 6.856 Loading class java/lang/FdLibm$Cbrt
Event: 6.856 Loading class java/lang/FdLibm$Cbrt done
Event: 6.856 Loading class java/lang/FdLibm$Acos
Event: 6.856 Loading class java/lang/FdLibm$Acos done
Event: 8.754 Loading class java/util/AbstractMap$SimpleEntry
Event: 8.754 Loading class java/util/AbstractMap$SimpleEntry done
Event: 9.031 Loading class java/lang/Throwable$WrappedPrintStream
Event: 9.031 Loading class java/lang/Throwable$PrintStreamOrWriter
Event: 9.031 Loading class java/lang/Throwable$PrintStreamOrWriter done
Event: 9.031 Loading class java/lang/Throwable$WrappedPrintStream done

Classes unloaded (0 events):
No events

Classes redefined (0 events):
No events

Internal exceptions (20 events):
Event: 5.600 Thread 0x000002768b6c9720 Exception <a 'java/lang/NoSuchMethodError'{0x0000000706acaff0}: 'int java.lang.invoke.DirectMethodHandle$Holder.invokeStatic(java.lang.Object, java.lang.Object, int, int)'> (0x0000000706acaff0) 
thrown [s\open\src\hotspot\share\interpreter\linkResolver.cpp, line 773]
Event: 5.729 Thread 0x000002768b6c9720 Exception <a 'java/lang/IncompatibleClassChangeError'{0x00000007137c8bf8}: Found class java.lang.Object, but interface was expected> (0x00000007137c8bf8) 
thrown [s\open\src\hotspot\share\interpreter\linkResolver.cpp, line 840]
Event: 6.367 Thread 0x000002768b6c9720 Exception <a 'java/lang/NoSuchMethodError'{0x00000007134e9e08}: 'long java.lang.invoke.DirectMethodHandle$Holder.invokeStatic(java.lang.Object, java.lang.Object, java.lang.Object)'> (0x00000007134e9e08) 
thrown [s\open\src\hotspot\share\interpreter\linkResolver.cpp, line 773]
Event: 6.368 Thread 0x000002768b6c9720 Exception <a 'java/lang/NoSuchMethodError'{0x00000007134ed190}: 'long java.lang.invoke.DirectMethodHandle$Holder.invokeStaticInit(java.lang.Object, java.lang.Object, java.lang.Object)'> (0x00000007134ed190) 
thrown [s\open\src\hotspot\share\interpreter\linkResolver.cpp, line 773]
Event: 6.368 Thread 0x000002768b6c9720 Exception <a 'java/lang/NoSuchMethodError'{0x0000000713501448}: 'java.lang.Object java.lang.invoke.DirectMethodHandle$Holder.newInvokeSpecial(java.lang.Object, java.lang.Object, long)'> (0x0000000713501448) 
thrown [s\open\src\hotspot\share\interpreter\linkResolver.cpp, line 773]
Event: 6.368 Thread 0x000002768b6c9720 Exception <a 'java/lang/NoSuchMethodError'{0x0000000713504b30}: 'java.lang.Object java.lang.invoke.Invokers$Holder.linkToTargetMethod(java.lang.Object, long, java.lang.Object)'> (0x0000000713504b30) 
thrown [s\open\src\hotspot\share\interpreter\linkResolver.cpp, line 773]
Event: 6.465 Thread 0x000002768b6c9720 Exception <a 'java/lang/NoSuchMethodError'{0x0000000707c3ab20}: 'java.lang.Object java.lang.invoke.DelegatingMethodHandle$Holder.reinvoke_L(java.lang.Object, double, double, double, double)'> (0x0000000707c3ab20) 
thrown [s\open\src\hotspot\share\interpreter\linkResolver.cpp, line 773]
Event: 6.469 Thread 0x000002768b6c9720 Exception <a 'java/lang/NoSuchMethodError'{0x0000000707c8ff20}: 'java.lang.Object java.lang.invoke.DirectMethodHandle$Holder.newInvokeSpecial(java.lang.Object, double)'> (0x0000000707c8ff20) 
thrown [s\open\src\hotspot\share\interpreter\linkResolver.cpp, line 773]
Event: 6.478 Thread 0x000002768b6c9720 Exception <a 'java/io/FileNotFoundException'{0x0000000707d0ab70}> (0x0000000707d0ab70) 
thrown [s\open\src\hotspot\share\prims\jni.cpp, line 520]
Event: 6.576 Thread 0x000002768b6c9720 Exception <a 'java/lang/ClassNotFoundException'{0x0000000707905060}: com/sun/javafx/scene/control/skin/resources/controls> (0x0000000707905060) 
thrown [s\open\src\hotspot\share\prims\jni.cpp, line 539]
Event: 6.576 Thread 0x000002768b6c9720 Exception <a 'java/lang/ClassNotFoundException'{0x0000000707913560}: com/sun/javafx/scene/control/skin/resources/controls_en> (0x0000000707913560) 
thrown [s\open\src\hotspot\share\prims\jni.cpp, line 539]
Event: 6.577 Thread 0x000002768b6c9720 Exception <a 'java/lang/ClassNotFoundException'{0x0000000707915460}: com/sun/javafx/scene/control/skin/resources/controls_en_US> (0x0000000707915460) 
thrown [s\open\src\hotspot\share\prims\jni.cpp, line 539]
Event: 8.611 Thread 0x000002768b6c9720 Exception <a 'java/lang/NoSuchMethodError'{0x0000000706228f70}: 'java.lang.Object java.lang.invoke.DirectMethodHandle$Holder.newInvokeSpecial(java.lang.Object, java.lang.Object, int, int, int, int, int, java.lang.Object)'> (0x0000000706228f70) 
thrown [s\open\src\hotspot\share\interpreter\linkResolver.cpp, line 773]
Event: 8.611 Thread 0x000002768b6c9720 Exception <a 'java/lang/NoSuchMethodError'{0x000000070623a888}: 'java.lang.Object java.lang.invoke.DirectMethodHandle$Holder.newInvokeSpecial(java.lang.Object, java.lang.Object, java.lang.Object, int, int, int, int, int)'> (0x000000070623a888) 
thrown [s\open\src\hotspot\share\interpreter\linkResolver.cpp, line 773]
Event: 8.611 Thread 0x000002768b6c9720 Exception <a 'java/lang/NoSuchMethodError'{0x0000000706241b38}: 'java.lang.Object java.lang.invoke.Invokers$Holder.linkToTargetMethod(java.lang.Object, java.lang.Object, int, int, int, int, int, java.lang.Object)'> (0x0000000706241b38) 
thrown [s\open\src\hotspot\share\interpreter\linkResolver.cpp, line 773]
Event: 8.735 Thread 0x000002768b6c9720 Exception <a 'java/lang/IncompatibleClassChangeError'{0x00000007100a0458}: Found class java.lang.Object, but interface was expected> (0x00000007100a0458) 
thrown [s\open\src\hotspot\share\interpreter\linkResolver.cpp, line 840]
Event: 8.763 Thread 0x000002768b6c9720 Exception <a 'java/lang/NoSuchMethodError'{0x000000070fee2920}: 'void java.lang.invoke.DirectMethodHandle$Holder.invokeSpecialIFC(java.lang.Object, java.lang.Object, int, java.lang.Object, java.lang.Object, java.lang.Object, java.lang.Object)'> (0x000000070fee2920) 
thrown [s\open\src\hotspot\share\interpreter\linkResolver.cpp, line 773]
Event: 8.783 Thread 0x000002768b6c9720 Exception <a 'java/lang/NoSuchMethodError'{0x000000070fc59c58}: 'void java.lang.invoke.Invokers$Holder.invokeExact_MT(java.lang.Object, java.lang.Object, int, java.lang.Object)'> (0x000000070fc59c58) 
thrown [s\open\src\hotspot\share\interpreter\linkResolver.cpp, line 773]
Event: 8.784 Thread 0x000002768b6c9720 Exception <a 'java/lang/IncompatibleClassChangeError'{0x000000070fc61bf0}: Found class java.lang.Object, but interface was expected> (0x000000070fc61bf0) 
thrown [s\open\src\hotspot\share\interpreter\linkResolver.cpp, line 840]
Event: 8.791 Thread 0x000002768b6c9720 Exception <a 'java/lang/NoSuchMethodError'{0x000000070fcb7f88}: 'java.lang.Object java.lang.invoke.DelegatingMethodHandle$Holder.reinvoke_L(java.lang.Object, double, double, double)'> (0x000000070fcb7f88) 
thrown [s\open\src\hotspot\share\interpreter\linkResolver.cpp, line 773]

ZGC Phase Switch (0 events):
No events

VM Operations (20 events):
Event: 7.514 Executing VM operation: ICBufferFull done
Event: 8.514 Executing VM operation: Cleanup
Event: 8.515 Executing VM operation: Cleanup done
Event: 8.692 Executing VM operation: G1CollectForAllocation (G1 Evacuation Pause)
Event: 8.696 Executing VM operation: G1CollectForAllocation (G1 Evacuation Pause) done
Event: 8.756 Executing VM operation: HandshakeAllThreads (Deoptimize)
Event: 8.756 Executing VM operation: HandshakeAllThreads (Deoptimize) done
Event: 8.786 Executing VM operation: HandshakeAllThreads (Deoptimize)
Event: 8.786 Executing VM operation: HandshakeAllThreads (Deoptimize) done
Event: 9.008 Executing VM operation: ICBufferFull
Event: 9.008 Executing VM operation: ICBufferFull done
Event: 10.009 Executing VM operation: Cleanup
Event: 10.009 Executing VM operation: Cleanup done
Event: 11.009 Executing VM operation: Cleanup
Event: 11.009 Executing VM operation: Cleanup done
Event: 12.009 Executing VM operation: Cleanup
Event: 12.010 Executing VM operation: Cleanup done
Event: 13.010 Executing VM operation: Cleanup
Event: 13.010 Executing VM operation: Cleanup done
Event: 13.374 Executing VM operation: G1CollectForAllocation (G1 Evacuation Pause)

Events (20 events):
Event: 5.844 Thread 0x000002764568ce60 flushing nmethod 0x000002762eb4d310
Event: 5.844 Thread 0x000002764568ce60 flushing nmethod 0x000002762ebada90
Event: 5.844 Thread 0x000002764568ce60 flushing nmethod 0x000002762ec0f910
Event: 5.844 Thread 0x000002764568ce60 flushing nmethod 0x000002762ee7b890
Event: 6.116 Thread 0x0000027698512490 Thread exited: 0x0000027698512490
Event: 6.117 Thread 0x000002769082e200 Thread exited: 0x000002769082e200
Event: 6.505 Thread 0x0000027698512490 Thread added: 0x0000027698512490
Event: 6.676 Thread 0x0000027696d9f9f0 Thread added: 0x0000027696d9f9f0
Event: 7.042 Thread 0x0000027696d9f9f0 Thread exited: 0x0000027696d9f9f0
Event: 7.042 Thread 0x0000027698512490 Thread exited: 0x0000027698512490
Event: 7.140 Thread 0x0000027698512490 Thread added: 0x0000027698512490
Event: 7.259 Thread 0x0000027698512490 Thread exited: 0x0000027698512490
Event: 7.281 Thread 0x0000027698512490 Thread added: 0x0000027698512490
Event: 7.797 Thread 0x0000027698512490 Thread exited: 0x0000027698512490
Event: 7.808 Thread 0x0000027698512490 Thread added: 0x0000027698512490
Event: 8.094 Thread 0x0000027698512490 Thread exited: 0x0000027698512490
Event: 8.575 Thread 0x0000027690ea4160 Thread exited: 0x0000027690ea4160
Event: 8.717 Thread 0x0000027690980aa0 Thread added: 0x0000027690980aa0
Event: 9.135 Thread 0x0000027690980aa0 Thread exited: 0x0000027690980aa0
Event: 13.347 Thread 0x0000027697ad5330 Thread added: 0x0000027697ad5330


Dynamic libraries:
0x00007ff70f570000 - 0x00007ff70f580000 	C:\Program Files\Java\jdk-21\bin\java.exe
0x00007ffaae9b0000 - 0x00007ffaaebc7000 	C:\WINDOWS\SYSTEM32\ntdll.dll
0x00007ffaacd80000 - 0x00007ffaace44000 	C:\WINDOWS\System32\KERNEL32.DLL
0x00007ffaabcb0000 - 0x00007ffaac069000 	C:\WINDOWS\System32\KERNELBASE.dll
0x00007ffaac320000 - 0x00007ffaac431000 	C:\WINDOWS\System32\ucrtbase.dll
0x00007ffa92960000 - 0x00007ffa9297b000 	C:\Program Files\Java\jdk-21\bin\VCRUNTIME140.dll
0x00007ffa92980000 - 0x00007ffa92999000 	C:\Program Files\Java\jdk-21\bin\jli.dll
0x00007ffaae850000 - 0x00007ffaae902000 	C:\WINDOWS\System32\ADVAPI32.dll
0x00007ffaad5d0000 - 0x00007ffaad677000 	C:\WINDOWS\System32\msvcrt.dll
0x00007ffaaccd0000 - 0x00007ffaacd77000 	C:\WINDOWS\System32\sechost.dll
0x00007ffaac630000 - 0x00007ffaac658000 	C:\WINDOWS\System32\bcrypt.dll
0x00007ffaae730000 - 0x00007ffaae844000 	C:\WINDOWS\System32\RPCRT4.dll
0x00007ffaae4e0000 - 0x00007ffaae68e000 	C:\WINDOWS\System32\USER32.dll
0x00007ffaac560000 - 0x00007ffaac586000 	C:\WINDOWS\System32\win32u.dll
0x00007ffaa19b0000 - 0x00007ffaa1c42000 	C:\WINDOWS\WinSxS\amd64_microsoft.windows.common-controls_6595b64144ccf1df_6.0.22621.4391_none_2715d37f73803e96\COMCTL32.dll
0x00007ffaae4b0000 - 0x00007ffaae4d9000 	C:\WINDOWS\System32\GDI32.dll
0x00007ffaac440000 - 0x00007ffaac55b000 	C:\WINDOWS\System32\gdi32full.dll
0x00007ffaac590000 - 0x00007ffaac62a000 	C:\WINDOWS\System32\msvcp_win.dll
0x00007ffaa1170000 - 0x00007ffaa117a000 	C:\WINDOWS\SYSTEM32\VERSION.dll
0x00007ffaacf50000 - 0x00007ffaacf81000 	C:\WINDOWS\System32\IMM32.DLL
0x00007ffa940d0000 - 0x00007ffa940dc000 	C:\Program Files\Java\jdk-21\bin\vcruntime140_1.dll
0x00007ffa91c50000 - 0x00007ffa91cde000 	C:\Program Files\Java\jdk-21\bin\msvcp140.dll
0x00007ffa40a00000 - 0x00007ffa41713000 	C:\Program Files\Java\jdk-21\bin\server\jvm.dll
0x00007ffaad550000 - 0x00007ffaad5c1000 	C:\WINDOWS\System32\WS2_32.dll
0x00007ffaaab40000 - 0x00007ffaaab8d000 	C:\WINDOWS\SYSTEM32\POWRPROF.dll
0x00007ffaa2780000 - 0x00007ffaa27b4000 	C:\WINDOWS\SYSTEM32\WINMM.dll
0x00007ffaaab20000 - 0x00007ffaaab33000 	C:\WINDOWS\SYSTEM32\UMPDC.dll
0x00007ffaaad80000 - 0x00007ffaaad98000 	C:\WINDOWS\SYSTEM32\kernel.appcore.dll
0x00007ffa92950000 - 0x00007ffa9295a000 	C:\Program Files\Java\jdk-21\bin\jimage.dll
0x00007ffaa9100000 - 0x00007ffaa9332000 	C:\WINDOWS\SYSTEM32\DBGHELP.DLL
0x00007ffaacf90000 - 0x00007ffaad31f000 	C:\WINDOWS\System32\combase.dll
0x00007ffaada00000 - 0x00007ffaadad7000 	C:\WINDOWS\System32\OLEAUT32.dll
0x00007ffa916c0000 - 0x00007ffa916f2000 	C:\WINDOWS\SYSTEM32\dbgcore.DLL
0x00007ffaac2a0000 - 0x00007ffaac31b000 	C:\WINDOWS\System32\bcryptPrimitives.dll
0x00007ffa92930000 - 0x00007ffa9294f000 	C:\Program Files\Java\jdk-21\bin\java.dll
0x00007ffaadb80000 - 0x00007ffaae3f6000 	C:\WINDOWS\System32\SHELL32.dll
0x00007ffaa9bb0000 - 0x00007ffaaa4b3000 	C:\WINDOWS\SYSTEM32\windows.storage.dll
0x00007ffaa9a70000 - 0x00007ffaa9baf000 	C:\WINDOWS\SYSTEM32\wintypes.dll
0x00007ffaad6d0000 - 0x00007ffaad7c9000 	C:\WINDOWS\System32\SHCORE.dll
0x00007ffaad320000 - 0x00007ffaad37e000 	C:\WINDOWS\System32\shlwapi.dll
0x00007ffaabbe0000 - 0x00007ffaabc0b000 	C:\WINDOWS\SYSTEM32\profapi.dll
0x00007ffa6d430000 - 0x00007ffa6d507000 	C:\Program Files\Java\jdk-21\bin\jsvml.dll
0x00007ffa92920000 - 0x00007ffa92930000 	C:\Program Files\Java\jdk-21\bin\net.dll
0x00007ffaa4fa0000 - 0x00007ffaa50d6000 	C:\WINDOWS\SYSTEM32\WINHTTP.dll
0x00007ffaab260000 - 0x00007ffaab2c9000 	C:\WINDOWS\system32\mswsock.dll
0x00007ffa90140000 - 0x00007ffa90156000 	C:\Program Files\Java\jdk-21\bin\nio.dll
0x00007ffa8e690000 - 0x00007ffa8e6a8000 	C:\Program Files\Java\jdk-21\bin\zip.dll
0x0000027626100000 - 0x0000027626103000 	C:\Users\rakge\.openjfx\cache\23.0.1+4\amd64\api-ms-win-core-console-l1-1-0.dll
0x0000027626110000 - 0x0000027626113000 	C:\Users\rakge\.openjfx\cache\23.0.1+4\amd64\api-ms-win-core-console-l1-2-0.dll
0x0000027645bf0000 - 0x0000027645bf3000 	C:\Users\rakge\.openjfx\cache\23.0.1+4\amd64\api-ms-win-core-datetime-l1-1-0.dll
0x0000027645c00000 - 0x0000027645c03000 	C:\Users\rakge\.openjfx\cache\23.0.1+4\amd64\api-ms-win-core-debug-l1-1-0.dll
0x0000027645c10000 - 0x0000027645c13000 	C:\Users\rakge\.openjfx\cache\23.0.1+4\amd64\api-ms-win-core-errorhandling-l1-1-0.dll
0x0000027645c20000 - 0x0000027645c24000 	C:\Users\rakge\.openjfx\cache\23.0.1+4\amd64\api-ms-win-core-file-l1-1-0.dll
0x0000027645c30000 - 0x0000027645c33000 	C:\Users\rakge\.openjfx\cache\23.0.1+4\amd64\api-ms-win-core-file-l1-2-0.dll
0x0000027645c40000 - 0x0000027645c43000 	C:\Users\rakge\.openjfx\cache\23.0.1+4\amd64\api-ms-win-core-file-l2-1-0.dll
0x0000027645c50000 - 0x0000027645c53000 	C:\Users\rakge\.openjfx\cache\23.0.1+4\amd64\api-ms-win-core-handle-l1-1-0.dll
0x0000027645c60000 - 0x0000027645c63000 	C:\Users\rakge\.openjfx\cache\23.0.1+4\amd64\api-ms-win-core-heap-l1-1-0.dll
0x0000027645c70000 - 0x0000027645c73000 	C:\Users\rakge\.openjfx\cache\23.0.1+4\amd64\api-ms-win-core-interlocked-l1-1-0.dll
0x0000027645c80000 - 0x0000027645c83000 	C:\Users\rakge\.openjfx\cache\23.0.1+4\amd64\api-ms-win-core-libraryloader-l1-1-0.dll
0x0000027645c90000 - 0x0000027645c93000 	C:\Users\rakge\.openjfx\cache\23.0.1+4\amd64\api-ms-win-core-localization-l1-2-0.dll
0x0000027645ca0000 - 0x0000027645ca3000 	C:\Users\rakge\.openjfx\cache\23.0.1+4\amd64\api-ms-win-core-memory-l1-1-0.dll
0x0000027645cb0000 - 0x0000027645cb3000 	C:\Users\rakge\.openjfx\cache\23.0.1+4\amd64\api-ms-win-core-namedpipe-l1-1-0.dll
0x0000027645cc0000 - 0x0000027645cc3000 	C:\Users\rakge\.openjfx\cache\23.0.1+4\amd64\api-ms-win-core-processenvironment-l1-1-0.dll
0x0000027645cd0000 - 0x0000027645cd3000 	C:\Users\rakge\.openjfx\cache\23.0.1+4\amd64\api-ms-win-core-processthreads-l1-1-0.dll
0x0000027645ce0000 - 0x0000027645ce3000 	C:\Users\rakge\.openjfx\cache\23.0.1+4\amd64\api-ms-win-core-processthreads-l1-1-1.dll
0x0000027645cf0000 - 0x0000027645cf3000 	C:\Users\rakge\.openjfx\cache\23.0.1+4\amd64\api-ms-win-core-profile-l1-1-0.dll
0x0000027645d00000 - 0x0000027645d03000 	C:\Users\rakge\.openjfx\cache\23.0.1+4\amd64\api-ms-win-core-rtlsupport-l1-1-0.dll
0x0000027645d10000 - 0x0000027645d13000 	C:\Users\rakge\.openjfx\cache\23.0.1+4\amd64\api-ms-win-core-string-l1-1-0.dll
0x0000027645d20000 - 0x0000027645d23000 	C:\Users\rakge\.openjfx\cache\23.0.1+4\amd64\api-ms-win-core-synch-l1-1-0.dll
0x0000027645d30000 - 0x0000027645d33000 	C:\Users\rakge\.openjfx\cache\23.0.1+4\amd64\api-ms-win-core-synch-l1-2-0.dll
0x0000027645d40000 - 0x0000027645d43000 	C:\Users\rakge\.openjfx\cache\23.0.1+4\amd64\api-ms-win-core-sysinfo-l1-1-0.dll
0x0000027645d50000 - 0x0000027645d53000 	C:\Users\rakge\.openjfx\cache\23.0.1+4\amd64\api-ms-win-core-timezone-l1-1-0.dll
0x0000027645d60000 - 0x0000027645d63000 	C:\Users\rakge\.openjfx\cache\23.0.1+4\amd64\api-ms-win-core-util-l1-1-0.dll
0x0000027645d70000 - 0x0000027645d73000 	C:\Users\rakge\.openjfx\cache\23.0.1+4\amd64\api-ms-win-crt-conio-l1-1-0.dll
0x0000027645d80000 - 0x0000027645d84000 	C:\Users\rakge\.openjfx\cache\23.0.1+4\amd64\api-ms-win-crt-convert-l1-1-0.dll
0x0000027645d90000 - 0x0000027645d93000 	C:\Users\rakge\.openjfx\cache\23.0.1+4\amd64\api-ms-win-crt-environment-l1-1-0.dll
0x0000027645da0000 - 0x0000027645da3000 	C:\Users\rakge\.openjfx\cache\23.0.1+4\amd64\api-ms-win-crt-filesystem-l1-1-0.dll
0x0000027645db0000 - 0x0000027645db3000 	C:\Users\rakge\.openjfx\cache\23.0.1+4\amd64\api-ms-win-crt-heap-l1-1-0.dll
0x0000027645dc0000 - 0x0000027645dc3000 	C:\Users\rakge\.openjfx\cache\23.0.1+4\amd64\api-ms-win-crt-locale-l1-1-0.dll
0x0000027645dd0000 - 0x0000027645dd5000 	C:\Users\rakge\.openjfx\cache\23.0.1+4\amd64\api-ms-win-crt-math-l1-1-0.dll
0x0000027645de0000 - 0x0000027645de5000 	C:\Users\rakge\.openjfx\cache\23.0.1+4\amd64\api-ms-win-crt-multibyte-l1-1-0.dll
0x0000027645df0000 - 0x0000027645e00000 	C:\Users\rakge\.openjfx\cache\23.0.1+4\amd64\api-ms-win-crt-private-l1-1-0.dll
0x0000027645e00000 - 0x0000027645e03000 	C:\Users\rakge\.openjfx\cache\23.0.1+4\amd64\api-ms-win-crt-process-l1-1-0.dll
0x0000027645e10000 - 0x0000027645e14000 	C:\Users\rakge\.openjfx\cache\23.0.1+4\amd64\api-ms-win-crt-runtime-l1-1-0.dll
0x0000027645e20000 - 0x0000027645e24000 	C:\Users\rakge\.openjfx\cache\23.0.1+4\amd64\api-ms-win-crt-stdio-l1-1-0.dll
0x0000027645e30000 - 0x0000027645e34000 	C:\Users\rakge\.openjfx\cache\23.0.1+4\amd64\api-ms-win-crt-string-l1-1-0.dll
0x0000027645e40000 - 0x0000027645e43000 	C:\Users\rakge\.openjfx\cache\23.0.1+4\amd64\api-ms-win-crt-time-l1-1-0.dll
0x0000027645e50000 - 0x0000027645e53000 	C:\Users\rakge\.openjfx\cache\23.0.1+4\amd64\api-ms-win-crt-utility-l1-1-0.dll
0x00007ffa6d330000 - 0x00007ffa6d42c000 	C:\Users\rakge\.openjfx\cache\23.0.1+4\amd64\ucrtbase.dll
0x00007ffa8a770000 - 0x00007ffa8a78b000 	C:\Users\rakge\.openjfx\cache\23.0.1+4\amd64\vcruntime140.dll
0x00007ffa92910000 - 0x00007ffa9291c000 	C:\Users\rakge\.openjfx\cache\23.0.1+4\amd64\vcruntime140_1.dll
0x00007ffa710d0000 - 0x00007ffa7115e000 	C:\Users\rakge\.openjfx\cache\23.0.1+4\amd64\msvcp140.dll
0x00007ffa91c40000 - 0x00007ffa91c49000 	C:\Users\rakge\.openjfx\cache\23.0.1+4\amd64\msvcp140_1.dll
0x00007ffa6d2e0000 - 0x00007ffa6d321000 	C:\Users\rakge\.openjfx\cache\23.0.1+4\amd64\msvcp140_2.dll
0x00007ffa7f700000 - 0x00007ffa7f730000 	C:\Users\rakge\.openjfx\cache\23.0.1+4\amd64\prism_d3d.dll
0x00007ffa7ea60000 - 0x00007ffa7ec08000 	C:\WINDOWS\system32\d3d9.dll
0x00007ffaa6690000 - 0x00007ffaa66bb000 	C:\WINDOWS\SYSTEM32\dwmapi.dll
0x00007ffaa8fe0000 - 0x00007ffaa9017000 	C:\WINDOWS\SYSTEM32\dxcore.dll
0x00007ffaa6400000 - 0x00007ffaa64b1000 	C:\WINDOWS\system32\uxtheme.dll
0x00007ffa626b0000 - 0x00007ffa62771000 	C:\WINDOWS\System32\DriverStore\FileRepository\nvaci.inf_amd64_bcb4d5d133099d13\nvldumdx.dll
0x00007ffaab610000 - 0x00007ffaab622000 	C:\WINDOWS\SYSTEM32\msasn1.dll
0x00007ffaa1130000 - 0x00007ffaa1162000 	C:\WINDOWS\SYSTEM32\cryptnet.dll
0x00007ffaac070000 - 0x00007ffaac1d6000 	C:\WINDOWS\System32\CRYPT32.dll
0x00007ffaab4b0000 - 0x00007ffaab4bc000 	C:\WINDOWS\SYSTEM32\cryptbase.dll
0x00007ffaab560000 - 0x00007ffaab5a9000 	C:\WINDOWS\SYSTEM32\wldp.dll
0x00007ffaa0fc0000 - 0x00007ffaa1122000 	C:\WINDOWS\SYSTEM32\drvstore.dll
0x00007ffaab970000 - 0x00007ffaab99c000 	C:\WINDOWS\SYSTEM32\devobj.dll
0x00007ffaab9a0000 - 0x00007ffaab9ee000 	C:\WINDOWS\SYSTEM32\cfgmgr32.dll
0x00007ffaac660000 - 0x00007ffaac6cc000 	C:\WINDOWS\System32\wintrust.dll
0x00007ffaaccb0000 - 0x00007ffaacccf000 	C:\WINDOWS\System32\imagehlp.dll
0x00007ffaab4c0000 - 0x00007ffaab4db000 	C:\WINDOWS\SYSTEM32\CRYPTSP.dll
0x00007ffaaad40000 - 0x00007ffaaad75000 	C:\WINDOWS\system32\rsaenh.dll
0x00007ffa1a3d0000 - 0x00007ffa1c3be000 	C:\WINDOWS\System32\DriverStore\FileRepository\nvaci.inf_amd64_bcb4d5d133099d13\nvgpucomp64.dll
0x00007ffa2b400000 - 0x00007ffa2ce94000 	C:\WINDOWS\System32\DriverStore\FileRepository\nvaci.inf_amd64_bcb4d5d133099d13\nvd3dumx.dll
0x00007ffaa26d0000 - 0x00007ffaa2719000 	C:\WINDOWS\SYSTEM32\directxdatabasehelper.dll
0x00007ffa63fa0000 - 0x00007ffa63fe5000 	C:\Users\rakge\.openjfx\cache\23.0.1+4\amd64\glass.dll
0x00007ffaace50000 - 0x00007ffaacf4f000 	C:\WINDOWS\System32\COMDLG32.dll
0x00007ffaad390000 - 0x00007ffaad535000 	C:\WINDOWS\System32\ole32.dll
0x00007ffaacb50000 - 0x00007ffaaccb0000 	C:\WINDOWS\System32\MSCTF.dll
0x00007ffa61e20000 - 0x00007ffa620f0000 	C:\WINDOWS\system32\nvspcap64.dll
0x00007ffaaaef0000 - 0x00007ffaaaf24000 	C:\WINDOWS\SYSTEM32\ntmarta.dll
0x00007ffaab2f0000 - 0x00007ffaab316000 	C:\WINDOWS\SYSTEM32\gpapi.dll
0x00007ffa60530000 - 0x00007ffa60685000 	C:\WINDOWS\System32\DriverStore\FileRepository\nvaci.inf_amd64_bcb4d5d133099d13\nvppex.dll
0x00007ffaae400000 - 0x00007ffaae4b0000 	C:\WINDOWS\System32\clbcatq.dll
0x00007ffa91330000 - 0x00007ffa914a9000 	C:\Windows\System32\Windows.UI.dll
0x00007ffa8a530000 - 0x00007ffa8a6a5000 	C:\Windows\System32\Windows.UI.Immersive.dll
0x00007ffa7edd0000 - 0x00007ffa7ede5000 	C:\Users\rakge\.openjfx\cache\23.0.1+4\amd64\javafx_font.dll
0x00007ffaa42a0000 - 0x00007ffaa4513000 	C:\WINDOWS\SYSTEM32\dwrite.dll

dbghelp: loaded successfully - version: 4.0.5 - missing functions: none
symbol engine: initialized successfully - sym options: 0x614 - pdb path: .;C:\Program Files\Java\jdk-21\bin;C:\WINDOWS\SYSTEM32;C:\WINDOWS\WinSxS\amd64_microsoft.windows.common-controls_6595b64144ccf1df_6.0.22621.4391_none_2715d37f73803e96;C:\Program Files\Java\jdk-21\bin\server;C:\Users\rakge\.openjfx\cache\23.0.1+4\amd64;C:\WINDOWS\System32\DriverStore\FileRepository\nvaci.inf_amd64_bcb4d5d133099d13;C:\Program Files\Common Files\Microsoft Shared\Ink

VM Arguments:
jvm_args: --module-path=C:\Users\rakge\.m2\repository\org\openjfx\javafx-base\23.0.1\javafx-base-23.0.1-win.jar;C:\Users\rakge\.m2\repository\org\openjfx\javafx-base\23.0.1\javafx-base-23.0.1.jar;C:\Users\rakge\.m2\repository\org\openjfx\javafx-controls\23.0.1\javafx-controls-23.0.1-win.jar;C:\Users\rakge\.m2\repository\org\openjfx\javafx-controls\23.0.1\javafx-controls-23.0.1.jar;C:\Users\rakge\.m2\repository\org\openjfx\javafx-fxml\23.0.1\javafx-fxml-23.0.1-win.jar;C:\Users\rakge\.m2\repository\org\openjfx\javafx-fxml\23.0.1\javafx-fxml-23.0.1.jar;C:\Users\rakge\.m2\repository\org\openjfx\javafx-graphics\23.0.1\javafx-graphics-23.0.1-win.jar;C:\Users\rakge\.m2\repository\org\openjfx\javafx-graphics\23.0.1\javafx-graphics-23.0.1.jar --add-modules=javafx.base,javafx.controls,javafx.fxml,javafx.graphics 
java_command: com.spa.demo.frontend.Main
java_class_path (initial): C:\Users\rakge\IdeaProjects\SFM_Projekt_2.csoport\demo\target\classes;C:\Users\rakge\.m2\repository\ch\qos\logback\logback-classic\1.5.11\logback-classic-1.5.11.jar;C:\Users\rakge\.m2\repository\ch\qos\logback\logback-core\1.5.11\logback-core-1.5.11.jar;C:\Users\rakge\.m2\repository\com\fasterxml\classmate\1.7.0\classmate-1.7.0.jar;C:\Users\rakge\.m2\repository\com\fasterxml\jackson\core\jackson-annotations\2.17.2\jackson-annotations-2.17.2.jar;C:\Users\rakge\.m2\repository\com\fasterxml\jackson\core\jackson-core\2.17.2\jackson-core-2.17.2.jar;C:\Users\rakge\.m2\repository\com\fasterxml\jackson\core\jackson-databind\2.17.2\jackson-databind-2.17.2.jar;C:\Users\rakge\.m2\repository\com\fasterxml\jackson\datatype\jackson-datatype-jdk8\2.17.2\jackson-datatype-jdk8-2.17.2.jar;C:\Users\rakge\.m2\repository\com\fasterxml\jackson\datatype\jackson-datatype-jsr310\2.17.2\jackson-datatype-jsr310-2.17.2.jar;C:\Users\rakge\.m2\repository\com\fasterxml\jackson\module\jackson-module-parameter-names\2.17.2\jackson-module-parameter-names-2.17.2.jar;C:\Users\rakge\.m2\repository\com\h2database\h2\2.2.224\h2-2.2.224.jar;C:\Users\rakge\.m2\repository\com\sun\istack\istack-commons-runtime\4.1.2\istack-commons-runtime-4.1.2.jar;C:\Users\rakge\.m2\repository\com\zaxxer\HikariCP\5.1.0\HikariCP-5.1.0.jar;C:\Users\rakge\.m2\repository\io\micrometer\micrometer-commons\1.13.6\micrometer-commons-1.13.6.jar;C:\Users\rakge\.m2\repository\io\micrometer\micrometer-observation\1.13.6\micrometer-observation-1.13.6.jar;C:\Users\rakge\.m2\repository\io\smallrye\jandex\3.1.2\jandex-3.1.2.jar;C:\Users\rakge\.m2\repository\jakarta\activation\jakarta.activation-api\2.1.3\jakarta.activation-api-2.1.3.jar;C:\Users\rakge\.m2\repository\jakarta\annotation\jakarta.annotation-api\2.1.1\jakarta.annotation-api-2.1.1.jar;C:\Users\rakge\.m2\repository\jakarta\inject\jakarta.inject-api\2.0.1\jakarta.inject-api-2.0.1.jar;C:\Users\rakge\.m2\repository\jakarta\persistence\jakarta.persistence-api\3.1.0\jakarta.persistence-api-3.1.0.jar;C:\Users\rakge\.m2\repository\jakarta\transaction\jakarta.transaction-api\2.0.1\jakarta.transaction-api-2.0.1.jar;C:\Users\rakge\.m2\repository\jakarta\xml\bind\jakarta.xml.bind-api\4.0.2\jakarta.xml.bind-api-4.0.2.jar;C:\Users\rakge\.m2\repository\net\bytebuddy\byte-buddy\1.14.19\byte-buddy-1.14.19.jar;C:\Users\rakge\.m2\repository\org\antlr\antlr4-runtime\4.13.0\antlr4-runtime-4.13.0.jar;C:\Users\rakge\.m2\repository\org\apache\logging\log4j\log4j-api\2.23.1\log4j-api-2.23.1.jar;C:\Users\rakge\.m2\repository\org\apache\logging\log4j\log4j-to-slf4j\2.23.1\log4j-to-slf4j-2.23.1.jar;C:\Users\rakge\.m2\repository\org\apache\tomcat\embed\tomcat-embed-core\10.1.31\tomcat-embed-core-10.1.31.jar;C:\Users\rakge\.m2\repository\org\apache\tomcat\embed\tomcat-embed-el\10.1.31\tomcat-embed-el-10.1.31.jar;C:\Users\rakge\.m2\repository\org\apache\tomcat\embed\tomcat-embed-websocket\10.1.31\tomcat-embed-websocket-10.1.31.jar;C:\Users\rakge\.m2\repository\org\aspectj\aspectjweaver\1.9.22.1\aspectjweaver-1.9.22.1.jar;C:\Users\rakge\.m2\repository\org\attoparser\attoparser\2.0.7.RELEASE\attoparser-2.0.7.RELEASE.jar;C:\Users\rakge\.m2\repository\org\eclipse\angus\angus-activation\2.0.2\angus-activation-2.0.2.jar;C:\Users\rakge\.m2\repository\org\glassfish\jaxb\jaxb-core\4.0.5\jaxb-core-4.0.5.jar;C:\Users\rakge\.m2\repository\org\glassfish\jaxb\jaxb-runtime\4.0.5\jaxb-runtime-4.0.5.jar;C:\Users\rakge\.m2\repository\org\glassfish\jaxb\txw2\4.0.5\txw2-4.0.5.jar;C:\Users\rakge\.m2\repository\org\hibernate\common\hibernate-commons-annotations\6.0.6.Final\hibernate-commons-annotations-6.0.6.Final.jar;C:\Users\rakge\.m2\repository\org\hibernate\orm\hibernate-core\6.5.3.Final\hibernate-core-6.5.3.Final.jar;C:\Users\rakge\.m2\repository\org\jboss\logging\jboss-logging\3.5.3.Final\jboss-logging-3.5.3.Final.jar;C:\Users\rakge\.m2\repository\org\projectlombok\lombok\1.18.34\lombok-1.18.34.jar;C:\Users\rakge\.m2\repository\org\slf4j\jul-to-slf4j\2.0.16\jul-to-slf4j-2.0.16.jar;C:\Users\rakge\.m2\repository\org\slf4j\slf4j-api\2.0.16\slf4j-api-2.0.16.jar;C:\Users\rakge\.m2\repository\org\springframework\spring-aop\6.1.14\spring-aop-6.1.14.jar;C:\Users\rakge\.m2\repository\org\springframework\spring-aspects\6.1.14\spring-aspects-6.1.14.jar;C:\Users\rakge\.m2\repository\org\springframework\spring-beans\6.1.14\spring-beans-6.1.14.jar;C:\Users\rakge\.m2\repository\org\springframework\spring-context\6.1.14\spring-context-6.1.14.jar;C:\Users\rakge\.m2\repository\org\springframework\spring-core\6.1.14\spring-core-6.1.14.jar;C:\Users\rakge\.m2\repository\org\springframework\spring-expression\6.1.14\spring-expression-6.1.14.jar;C:\Users\rakge\.m2\repository\org\springframework\spring-jcl\6.1.14\spring-jcl-6.1.14.jar;C:\Users\rakge\.m2\repository\org\springframework\spring-jdbc\6.1.14\spring-jdbc-6.1.14.jar;C:\Users\rakge\.m2\repository\org\springframework\spring-orm\6.1.14\spring-orm-6.1.14.jar;C:\Users\rakge\.m2\repository\org\springframework\spring-tx\6.1.14\spring-tx-6.1.14.jar;C:\Users\rakge\.m2\repository\org\springframework\spring-web\6.1.14\spring-web-6.1.14.jar;C:\Users\rakge\.m2\repository\org\springframework\spring-webmvc\6.1.14\spring-webmvc-6.1.14.jar;C:\Users\rakge\.m2\repository\org\springframework\boot\spring-boot\3.3.5\spring-boot-3.3.5.jar;C:\Users\rakge\.m2\repository\org\springframework\boot\spring-boot-autoconfigure\3.3.5\spring-boot-autoconfigure-3.3.5.jar;C:\Users\rakge\.m2\repository\org\springframework\boot\spring-boot-starter\3.3.5\spring-boot-starter-3.3.5.jar;C:\Users\rakge\.m2\repository\org\springframework\boot\spring-boot-starter-aop\3.3.5\spring-boot-starter-aop-3.3.5.jar;C:\Users\rakge\.m2\repository\org\springframework\boot\spring-boot-starter-data-jpa\3.3.5\spring-boot-starter-data-jpa-3.3.5.jar;C:\Users\rakge\.m2\repository\org\springframework\boot\spring-boot-starter-jdbc\3.3.5\spring-boot-starter-jdbc-3.3.5.jar;C:\Users\rakge\.m2\repository\org\springframework\boot\spring-boot-starter-json\3.3.5\spring-boot-starter-json-3.3.5.jar;C:\Users\rakge\.m2\repository\org\springframework\boot\spring-boot-starter-logging\3.3.5\spring-boot-starter-logging-3.3.5.jar;C:\Users\rakge\.m2\repository\org\springframework\boot\spring-boot-starter-thymeleaf\3.3.5\spring-boot-starter-thymeleaf-3.3.5.jar;C:\Users\rakge\.m2\repository\org\springframework\boot\spring-boot-starter-tomcat\3.3.5\spring-boot-starter-tomcat-3.3.5.jar;C:\Users\rakge\.m2\repository\org\springframework\boot\spring-boot-starter-web\3.3.5\spring-boot-starter-web-3.3.5.jar;C:\Users\rakge\.m2\repository\org\springframework\data\spring-data-commons\3.3.5\spring-data-commons-3.3.5.jar;C:\Users\rakge\.m2\repository\org\springframework\data\spring-data-jpa\3.3.5\spring-data-jpa-3.3.5.jar;C:\Users\rakge\.m2\repository\org\thymeleaf\thymeleaf\3.1.2.RELEASE\thymeleaf-3.1.2.RELEASE.jar;C:\Users\rakge\.m2\repository\org\thymeleaf\thymeleaf-spring6\3.1.2.RELEASE\thymeleaf-spring6-3.1.2.RELEASE.jar;C:\Users\rakge\.m2\repository\org\unbescape\unbescape\1.1.6.RELEASE\unbescape-1.1.6.RELEASE.jar;C:\Users\rakge\.m2\repository\org\yaml\snakeyaml\2.2\snakeyaml-2.2.jar
Launcher Type: SUN_STANDARD

[Global flags]
     intx CICompilerCount                          = 4                                         {product} {ergonomic}
     uint ConcGCThreads                            = 3                                         {product} {ergonomic}
     uint G1ConcRefinementThreads                  = 10                                        {product} {ergonomic}
   size_t G1HeapRegionSize                         = 2097152                                   {product} {ergonomic}
    uintx GCDrainStackTargetSize                   = 64                                        {product} {ergonomic}
   size_t InitialHeapSize                          = 266338304                                 {product} {ergonomic}
   size_t MarkStackSize                            = 4194304                                   {product} {ergonomic}
   size_t MaxHeapSize                              = 4234149888                                {product} {ergonomic}
   size_t MaxNewSize                               = 2539651072                                {product} {ergonomic}
   size_t MinHeapDeltaBytes                        = 2097152                                   {product} {ergonomic}
   size_t MinHeapSize                              = 8388608                                   {product} {ergonomic}
    uintx NonNMethodCodeHeapSize                   = 5839372                                {pd product} {ergonomic}
    uintx NonProfiledCodeHeapSize                  = 122909434                              {pd product} {ergonomic}
    uintx ProfiledCodeHeapSize                     = 122909434                              {pd product} {ergonomic}
    uintx ReservedCodeCacheSize                    = 251658240                              {pd product} {ergonomic}
     bool SegmentedCodeCache                       = true                                      {product} {ergonomic}
   size_t SoftMaxHeapSize                          = 4234149888                             {manageable} {ergonomic}
     bool UseCompressedOops                        = true                           {product lp64_product} {ergonomic}
     bool UseG1GC                                  = true                                      {product} {ergonomic}
     bool UseLargePagesIndividualAllocation        = false                                  {pd product} {ergonomic}

Logging:
Log output configuration:
 #0: stdout all=warning uptime,level,tags foldmultilines=false
 #1: stderr all=off uptime,level,tags foldmultilines=false

Environment Variables:
JAVA_HOME=C:\Program Files\Java\jdk-21
PATH=C:\Program Files\Common Files\Oracle\Java\javapath;C:\Program Files (x86)\Common Files\Oracle\Java\javapath;C:\Windows\system32;C:\Windows;C:\Windows\System32\Wbem;C:\Windows\System32\WindowsPowerShell\v1.0\;C:\Windows\System32\OpenSSH\;C:\Program Files (x86)\NVIDIA Corporation\PhysX\Common;C:\Program Files\NVIDIA Corporation\NVIDIA NvDLISR;C:\Program Files\MATLAB\R2022a\bin;C:\Program Files\Java\jdk-21\bin;C:\WINDOWS\system32;C:\WINDOWS;C:\WINDOWS\System32\Wbem;C:\WINDOWS\System32\WindowsPowerShell\v1.0\;C:\WINDOWS\System32\OpenSSH\;C:\Program Files\Git\cmd;C:\Program Files\dotnet\;C:\Users\rakge\AppData\Local\Programs\Python\Python311\Scripts\;C:\Users\rakge\AppData\Local\Programs\Python\Python311\;C:\Users\rakge\AppData\Local\Microsoft\WindowsApps;C:\Program Files (x86)\Nmap;C:\Users\rakge\.dotnet\tools;C:\Users\rakge\AppData\Local\Programs\Microsoft VS Code\bin;C:\Program Files\dotnet\sdk\7.0.404;C:\Users\rakge\AppData\Roaming\Microsoft\Windows\Start Menu\Programs\Python 3.11\Python 3.11 (64-bit).lnk;C:\MinGW\bin;D:\INTELIDA\IntelliJ IDEA 2024.2.3\bin;;C:\Users\rakge\Downloads\apache-maven-4.0.0-beta-5\bin;C:\Program Files\Java\jdk-21\bin;
USERNAME=rakge
OS=Windows_NT
PROCESSOR_IDENTIFIER=Intel64 Family 6 Model 141 Stepping 1, GenuineIntel
TMP=C:\Users\rakge\AppData\Local\Temp
TEMP=C:\Users\rakge\AppData\Local\Temp




Periodic native trim disabled

---------------  S Y S T E M  ---------------

OS:
 Windows 11 , 64 bit Build 22621 (10.0.22621.4391)
OS uptime: 3 days 8:50 hours
Hyper-V role detected

CPU: total 12 (initial active 12) (6 cores per cpu, 2 threads per core) family 6 model 141 stepping 1 microcode 0x3c, cx8, cmov, fxsr, ht, mmx, 3dnowpref, sse, sse2, sse3, ssse3, sse4.1, sse4.2, popcnt, lzcnt, tsc, tscinvbit, avx, avx2, aes, erms, clmul, bmi1, bmi2, adx, avx512f, avx512dq, avx512cd, avx512bw, avx512vl, sha, fma, vzeroupper, avx512_vpopcntdq, avx512_vpclmulqdq, avx512_vaes, avx512_vnni, clflush, clflushopt, clwb, avx512_vbmi2, avx512_vbmi, hv, rdtscp, rdpid, fsrm, gfni, avx512_bitalg, f16c, cet_ibt, cet_ss, avx512_ifma
Processor Information for all 12 processors :
  Max Mhz: 2688, Current Mhz: 2688, Mhz Limit: 2688

Memory: 4k page, system-wide physical 16147M (1976M free)
TotalPageFile size 46067M (AvailPageFile size 6M)
current process WorkingSet (physical memory assigned to process): 365M, peak: 372M
current process commit charge ("private bytes"): 465M, peak: 467M

vm_info: Java HotSpot(TM) 64-Bit Server VM (21.0.4+8-LTS-274) for windows-amd64 JRE (21.0.4+8-LTS-274), built on 2024-06-05T05:23:33Z by "mach5one" with MS VC++ 17.6 (VS2022)

END.
